Removed Pin From Net: NetName=GND Pin=C10-1
Removed Pin From Net: NetName=NetCON1_2 Pin=CON1-2
Removed Pin From Net: NetName=NetCON1_3 Pin=CON1-3
Removed Pin From Net: NetName=NetCON1_4 Pin=CON1-4
Removed Pin From Net: NetName=NetCON1_5 Pin=CON1-5
Removed Pin From Net: NetName=NetCON1_6 Pin=CON1-6
Removed Pin From Net: NetName=NetCON1_7 Pin=CON1-7
Removed Pin From Net: NetName=NetCON1_8 Pin=CON1-8
Removed Pin From Net: NetName=NetCON1_9 Pin=CON1-9
Removed Pin From Net: NetName=NetCON1_10 Pin=CON1-10
Removed Pin From Net: NetName=NetCON1_11 Pin=CON1-11
Removed Pin From Net: NetName=NetCON1_12 Pin=CON1-12
Removed Pin From Net: NetName=NetCON1_13 Pin=CON1-13
Removed Pin From Net: NetName=NetCON1_14 Pin=CON1-14
Removed Pin From Net: NetName=NetCON1_15 Pin=CON1-15
Removed Pin From Net: NetName=NetCON1_16 Pin=CON1-16
Removed Pin From Net: NetName=NetCON1_17 Pin=CON1-17
Removed Pin From Net: NetName=+5VDC Pin=CON1-22
Removed Pin From Net: NetName=GND Pin=CON1-23
Removed Pin From Net: NetName=GND Pin=CON1-24
Removed Pin From Net: NetName=+5VDC Pin=CON2-21
Removed Pin From Net: NetName=+24VDC Pin=CON2-22
Removed Pin From Net: NetName=GND Pin=CON2-23
Removed Pin From Net: NetName=GND Pin=CON2-24
Removed Pin From Net: NetName=GND Pin=D6-1
Removed Pin From Net: NetName=NetCON2_17 Pin=M1-7
Removed Pin From Net: NetName=NetCON2_9 Pin=Q2-2
Removed Pin From Net: NetName=NetCON2_9 Pin=Q2-2
Removed Pin From Net: NetName=NetCON2_2 Pin=Q3-2
Removed Pin From Net: NetName=NetCON2_2 Pin=Q3-2
Removed Pin From Net: NetName=NetCON2_10 Pin=Q4-2
Removed Pin From Net: NetName=NetCON2_10 Pin=Q4-2
Removed Pin From Net: NetName=NetCON2_3 Pin=Q5-2
Removed Pin From Net: NetName=NetCON2_3 Pin=Q5-2
Removed Pin From Net: NetName=NetCON2_11 Pin=Q6-2
Removed Pin From Net: NetName=NetCON2_11 Pin=Q6-2
Removed Pin From Net: NetName=NetCON2_4 Pin=Q7-2
Removed Pin From Net: NetName=NetCON2_4 Pin=Q7-2
Removed Pin From Net: NetName=NetCON2_12 Pin=Q8-2
Removed Pin From Net: NetName=NetCON2_12 Pin=Q8-2
Removed Pin From Net: NetName=NetCON2_5 Pin=Q9-2
Removed Pin From Net: NetName=NetCON2_5 Pin=Q9-2
Removed Pin From Net: NetName=NetCON2_13 Pin=Q10-2
Removed Pin From Net: NetName=NetCON2_13 Pin=Q10-2
Removed Pin From Net: NetName=NetCON2_6 Pin=Q11-2
Removed Pin From Net: NetName=NetCON2_6 Pin=Q11-2
Removed Pin From Net: NetName=NetCON2_14 Pin=Q12-2
Removed Pin From Net: NetName=NetCON2_14 Pin=Q12-2
Removed Pin From Net: NetName=NetCON2_7 Pin=Q13-2
Removed Pin From Net: NetName=NetCON2_7 Pin=Q13-2
Removed Pin From Net: NetName=NetCON2_15 Pin=Q14-2
Removed Pin From Net: NetName=NetCON2_15 Pin=Q14-2
Removed Pin From Net: NetName=NetCON2_8 Pin=Q15-2
Removed Pin From Net: NetName=NetCON2_8 Pin=Q15-2
Removed Pin From Net: NetName=NetCON2_16 Pin=Q16-2
Removed Pin From Net: NetName=NetCON2_16 Pin=Q16-2
Removed Pin From Net: NetName=NetCON1_18 Pin=R65-1
Removed Pin From Net: NetName=NetCON2_17 Pin=R71-2
Removed Pin From Net: NetName=GND Pin=R80-2
Removed Member From Class: ClassName=Robot_board Member=C10
Removed Member From Class: ClassName=Robot_board Member=D6
Removed Member From Class: ClassName=Robot_board Member=R79
Removed Member From Class: ClassName=Robot_board Member=R80
Change Component Footprint: Designator=CON1 Old Footprint=Con12X2 5.08 New Footprint=DG24-2KDS
Change Component Footprint: Designator=CON2 Old Footprint=Con12X2 5.08 New Footprint=DG24-2KDS
Change Component Comment : Designator=CON1 Old Comment=Input New Comment=Connector 10px2
Change Component Comment : Designator=CON2 Old Comment=Output New Comment=Connector 10px2
Added Component: Designator=JP2(CON_3P)
Add component. Clean all parameters for all variants
Added Pin To Net: NetName=NetCON1_11 Pin=CON1-2
Added Pin To Net: NetName=NetCON1_2 Pin=CON1-3
Added Pin To Net: NetName=NetCON1_12 Pin=CON1-4
Added Pin To Net: NetName=NetCON1_3 Pin=CON1-5
Added Pin To Net: NetName=NetCON1_13 Pin=CON1-6
Added Pin To Net: NetName=NetCON1_4 Pin=CON1-7
Added Pin To Net: NetName=NetCON1_14 Pin=CON1-8
Added Pin To Net: NetName=NetCON1_5 Pin=CON1-9
Added Pin To Net: NetName=NetCON1_15 Pin=CON1-10
Added Pin To Net: NetName=NetCON1_6 Pin=CON1-11
Added Pin To Net: NetName=NetCON1_16 Pin=CON1-12
Added Pin To Net: NetName=NetCON1_7 Pin=CON1-13
Added Pin To Net: NetName=NetCON1_17 Pin=CON1-14
Added Pin To Net: NetName=NetCON1_8 Pin=CON1-15
Added Pin To Net: NetName=NetCON1_9 Pin=CON1-17
Added Pin To Net: NetName=NetCON1_10 Pin=CON1-19
Added Pin To Net: NetName=+5VDC Pin=CON2-18
Added Pin To Net: NetName=GND Pin=CON2-20
Added Pin To Net: NetName=+5VDC Pin=JP2-1
Added Pin To Net: NetName=GND Pin=JP2-3
Added Pin To Net: NetName=NetCON2_14 Pin=M1-7
Added Pin To Net: NetName=NetCON2_17 Pin=Q2-2
Added Pin To Net: NetName=NetCON2_17 Pin=Q2-2
Added Pin To Net: NetName=NetCON2_3 Pin=Q3-2
Added Pin To Net: NetName=NetCON2_3 Pin=Q3-2
Added Pin To Net: NetName=NetCON2_5 Pin=Q5-2
Added Pin To Net: NetName=NetCON2_5 Pin=Q5-2
Added Pin To Net: NetName=NetCON2_2 Pin=Q6-2
Added Pin To Net: NetName=NetCON2_2 Pin=Q6-2
Added Pin To Net: NetName=NetCON2_7 Pin=Q7-2
Added Pin To Net: NetName=NetCON2_7 Pin=Q7-2
Added Pin To Net: NetName=NetCON2_4 Pin=Q8-2
Added Pin To Net: NetName=NetCON2_4 Pin=Q8-2
Added Pin To Net: NetName=NetCON2_9 Pin=Q9-2
Added Pin To Net: NetName=NetCON2_9 Pin=Q9-2
Added Pin To Net: NetName=NetCON2_6 Pin=Q10-2
Added Pin To Net: NetName=NetCON2_6 Pin=Q10-2
Added Pin To Net: NetName=NetCON2_11 Pin=Q11-2
Added Pin To Net: NetName=NetCON2_11 Pin=Q11-2
Added Pin To Net: NetName=NetCON2_8 Pin=Q12-2
Added Pin To Net: NetName=NetCON2_8 Pin=Q12-2
Added Pin To Net: NetName=NetCON2_13 Pin=Q13-2
Added Pin To Net: NetName=NetCON2_13 Pin=Q13-2
Added Pin To Net: NetName=NetCON2_10 Pin=Q14-2
Added Pin To Net: NetName=NetCON2_10 Pin=Q14-2
Added Pin To Net: NetName=NetCON2_15 Pin=Q15-2
Added Pin To Net: NetName=NetCON2_15 Pin=Q15-2
Added Pin To Net: NetName=NetCON2_12 Pin=Q16-2
Added Pin To Net: NetName=NetCON2_12 Pin=Q16-2
Added Pin To Net: NetName=NetCON2_16 Pin=R67-2
Added Pin To Net: NetName=NetCON1_18 Pin=R69-1
Added Pin To Net: NetName=NetCON2_14 Pin=R71-2
Added Pin To Net: NetName=NetCON2_16 Pin=U33-1
Change Net Name : Old Net Name=NetCON1_2 New Net Name=NetCON1_3
Change Net Name : Old Net Name=NetCON1_3 New Net Name=NetCON1_5
Change Net Name : Old Net Name=NetCON1_4 New Net Name=NetCON1_7
Change Net Name : Old Net Name=NetCON1_5 New Net Name=NetCON1_9
Change Net Name : Old Net Name=NetCON1_6 New Net Name=NetCON1_11
Change Net Name : Old Net Name=NetCON1_7 New Net Name=NetCON1_13
Change Net Name : Old Net Name=NetCON1_8 New Net Name=NetCON1_15
Change Net Name : Old Net Name=NetCON1_9 New Net Name=NetCON1_17
Change Net Name : Old Net Name=NetCON1_10 New Net Name=NetCON1_19
Change Net Name : Old Net Name=NetCON1_11 New Net Name=NetCON1_2
Change Net Name : Old Net Name=NetCON1_12 New Net Name=NetCON1_4
Change Net Name : Old Net Name=NetCON1_13 New Net Name=NetCON1_6
Change Net Name : Old Net Name=NetCON1_14 New Net Name=NetCON1_8
Change Net Name : Old Net Name=NetCON1_15 New Net Name=NetCON1_10
Change Net Name : Old Net Name=NetCON1_16 New Net Name=NetCON1_12
Change Net Name : Old Net Name=NetCON1_17 New Net Name=NetCON1_14
Added Pin To Net: NetName=NetCON1_16 Pin=CON1-16
Added Pin To Net: NetName=NetCON1_16 Pin=R65-1
Added Net: Name=NetCON1_16
Added Pin To Net: NetName=NetCON2_19 Pin=CON2-19
Added Pin To Net: NetName=NetCON2_19 Pin=Q4-2
Added Pin To Net: NetName=NetCON2_19 Pin=Q4-2
Added Net: Name=NetCON2_19
Added Pin To Net: NetName=NetJP2_2 Pin=JP2-2
Added Pin To Net: NetName=NetJP2_2 Pin=M1-15
Added Net: Name=NetJP2_2
Added Member To Class: ClassName=Robot_board Member=Component JP2 Connector 3p
Added Room: Name=In_Out
Added Room: Name=Robot_board
