Removed Pin From Net: NetName=+5VDC Pin=CON2-18
Removed Pin From Net: NetName=NetCON2_14 Pin=M1-7
Removed Pin From Net: NetName=NetCON2_1 Pin=Q1-2
Removed Pin From Net: NetName=NetCON2_1 Pin=Q1-2
Removed Pin From Net: NetName=NetCON2_17 Pin=Q2-2
Removed Pin From Net: NetName=NetCON2_17 Pin=Q2-2
Removed Pin From Net: NetName=NetCON2_3 Pin=Q3-2
Removed Pin From Net: NetName=NetCON2_3 Pin=Q3-2
Removed Pin From Net: NetName=NetCON2_19 Pin=Q4-2
Removed Pin From Net: NetName=NetCON2_19 Pin=Q4-2
Removed Pin From Net: NetName=NetCON2_5 Pin=Q5-2
Removed Pin From Net: NetName=NetCON2_5 Pin=Q5-2
Removed Pin From Net: NetName=NetCON2_2 Pin=Q6-2
Removed Pin From Net: NetName=NetCON2_2 Pin=Q6-2
Removed Pin From Net: NetName=NetCON2_7 Pin=Q7-2
Removed Pin From Net: NetName=NetCON2_7 Pin=Q7-2
Removed Pin From Net: NetName=NetCON2_4 Pin=Q8-2
Removed Pin From Net: NetName=NetCON2_4 Pin=Q8-2
Removed Pin From Net: NetName=NetCON2_9 Pin=Q9-2
Removed Pin From Net: NetName=NetCON2_9 Pin=Q9-2
Removed Pin From Net: NetName=NetCON2_11 Pin=Q11-2
Removed Pin From Net: NetName=NetCON2_11 Pin=Q11-2
Removed Pin From Net: NetName=NetCON2_8 Pin=Q12-2
Removed Pin From Net: NetName=NetCON2_8 Pin=Q12-2
Removed Pin From Net: NetName=NetCON2_13 Pin=Q13-2
Removed Pin From Net: NetName=NetCON2_13 Pin=Q13-2
Removed Pin From Net: NetName=NetCON2_10 Pin=Q14-2
Removed Pin From Net: NetName=NetCON2_10 Pin=Q14-2
Removed Pin From Net: NetName=NetCON2_15 Pin=Q15-2
Removed Pin From Net: NetName=NetCON2_15 Pin=Q15-2
Removed Pin From Net: NetName=NetCON2_12 Pin=Q16-2
Removed Pin From Net: NetName=NetCON2_12 Pin=Q16-2
Removed Pin From Net: NetName=NetCON2_16 Pin=R67-2
Removed Pin From Net: NetName=NetCON2_14 Pin=R71-2
Removed Pin From Net: NetName=NetCON2_16 Pin=U33-1
Removed Pin From Net: NetName=NetM1_18 Pin=U34-1
Removed Pin From Net: NetName=NetM1_17 Pin=U34-2
Removed Pin From Net: NetName=NetM1_21 Pin=U34-15
Removed Pin From Net: NetName=NetM1_22 Pin=U35-11
Removed Pin From Net: NetName=NetM1_19 Pin=U35-14
Removed Pin From Net: NetName=NetM1_18 Pin=U39-1
Removed Pin From Net: NetName=NetM1_17 Pin=U39-2
Removed Pin From Net: NetName=NetM1_21 Pin=U39-15
Removed Pin From Net: NetName=NetM1_22 Pin=U41-11
Added Pin To Net: NetName=NetCON2_17 Pin=Q1-2
Added Pin To Net: NetName=NetCON2_17 Pin=Q1-2
Added Pin To Net: NetName=NetCON2_10 Pin=Q2-2
Added Pin To Net: NetName=NetCON2_10 Pin=Q2-2
Added Pin To Net: NetName=NetCON2_9 Pin=Q4-2
Added Pin To Net: NetName=NetCON2_9 Pin=Q4-2
Added Pin To Net: NetName=NetCON2_16 Pin=Q5-2
Added Pin To Net: NetName=NetCON2_16 Pin=Q5-2
Added Pin To Net: NetName=NetCON2_8 Pin=Q6-2
Added Pin To Net: NetName=NetCON2_8 Pin=Q6-2
Added Pin To Net: NetName=NetCON2_15 Pin=Q7-2
Added Pin To Net: NetName=NetCON2_15 Pin=Q7-2
Added Pin To Net: NetName=NetCON2_7 Pin=Q8-2
Added Pin To Net: NetName=NetCON2_7 Pin=Q8-2
Added Pin To Net: NetName=NetCON2_14 Pin=Q9-2
Added Pin To Net: NetName=NetCON2_14 Pin=Q9-2
Added Pin To Net: NetName=NetCON2_13 Pin=Q11-2
Added Pin To Net: NetName=NetCON2_13 Pin=Q11-2
Added Pin To Net: NetName=NetCON2_5 Pin=Q12-2
Added Pin To Net: NetName=NetCON2_5 Pin=Q12-2
Added Pin To Net: NetName=NetCON2_12 Pin=Q13-2
Added Pin To Net: NetName=NetCON2_12 Pin=Q13-2
Added Pin To Net: NetName=NetCON2_4 Pin=Q14-2
Added Pin To Net: NetName=NetCON2_4 Pin=Q14-2
Added Pin To Net: NetName=NetCON2_11 Pin=Q15-2
Added Pin To Net: NetName=NetCON2_11 Pin=Q15-2
Added Pin To Net: NetName=NetCON2_3 Pin=Q16-2
Added Pin To Net: NetName=NetCON2_3 Pin=Q16-2
Added Pin To Net: NetName=NetCON2_2 Pin=Q20-2
Added Pin To Net: NetName=NetCON2_2 Pin=Q20-2
Added Pin To Net: NetName=NetCON2_19 Pin=Q20-3
Added Pin To Net: NetName=NetCON2_1 Pin=R67-2
Added Pin To Net: NetName=NetCON2_1 Pin=U33-1
Added Pin To Net: NetName=NetM1_17 Pin=U34-1
Added Pin To Net: NetName=NetM1_18 Pin=U34-2
Added Pin To Net: NetName=NetM1_19 Pin=U34-15
Added Pin To Net: NetName=NetM1_21 Pin=U35-11
Added Pin To Net: NetName=NetM1_22 Pin=U35-14
Added Pin To Net: NetName=NetM1_17 Pin=U39-1
Added Pin To Net: NetName=NetM1_18 Pin=U39-2
Added Pin To Net: NetName=NetM1_19 Pin=U39-15
Added Pin To Net: NetName=NetM1_21 Pin=U41-11
Added Pin To Net: NetName=NetCON2_18 Pin=CON2-18
Added Pin To Net: NetName=NetCON2_18 Pin=Q3-2
Added Pin To Net: NetName=NetCON2_18 Pin=Q3-2
Added Net: Name=NetCON2_18
Added Pin To Net: NetName=NetM1_7 Pin=M1-7
Added Pin To Net: NetName=NetM1_7 Pin=R71-2
Added Net: Name=NetM1_7
Added Room: Name=In_Out
Added Room: Name=Robot_board
