Removed Pin From Net: NetName=NetCON1_1 Pin=CON1-1
Removed Pin From Net: NetName=NetCON1_2 Pin=CON1-2
Removed Pin From Net: NetName=NetCON1_3 Pin=CON1-3
Removed Pin From Net: NetName=NetCON1_4 Pin=CON1-4
Removed Pin From Net: NetName=NetCON1_5 Pin=CON1-5
Removed Pin From Net: NetName=NetCON1_6 Pin=CON1-6
Removed Pin From Net: NetName=NetCON1_7 Pin=CON1-7
Removed Pin From Net: NetName=NetCON1_8 Pin=CON1-8
Removed Pin From Net: NetName=NetCON1_9 Pin=CON1-9
Removed Pin From Net: NetName=NetCON1_10 Pin=CON1-10
Removed Pin From Net: NetName=NetCON1_11 Pin=CON1-11
Removed Pin From Net: NetName=NetCON1_12 Pin=CON1-12
Removed Pin From Net: NetName=NetCON1_13 Pin=CON1-13
Removed Pin From Net: NetName=NetCON1_15 Pin=CON1-15
Removed Pin From Net: NetName=NetCON1_17 Pin=CON1-17
Removed Pin From Net: NetName=NetCON1_19 Pin=CON1-19
Change Net Name : Old Net Name=NetCON1_1 New Net Name=NetR33_2
Change Net Name : Old Net Name=NetCON1_2 New Net Name=NetR20_2
Change Net Name : Old Net Name=NetCON1_3 New Net Name=NetR41_2
Change Net Name : Old Net Name=NetCON1_4 New Net Name=NetR28_2
Change Net Name : Old Net Name=NetCON1_5 New Net Name=NetR49_2
Change Net Name : Old Net Name=NetCON1_6 New Net Name=NetR58_2
Change Net Name : Old Net Name=NetCON1_7 New Net Name=NetR57_2
Change Net Name : Old Net Name=NetCON1_8 New Net Name=NetR50_2
Change Net Name : Old Net Name=NetCON1_9 New Net Name=NetR27_2
Change Net Name : Old Net Name=NetCON1_10 New Net Name=NetR42_2
Change Net Name : Old Net Name=NetCON1_11 New Net Name=NetR19_2
Change Net Name : Old Net Name=NetCON1_12 New Net Name=NetR34_2
Change Net Name : Old Net Name=NetCON1_13 New Net Name=NetR13_2
Change Net Name : Old Net Name=NetCON1_15 New Net Name=NetR3_2
Change Net Name : Old Net Name=NetCON1_17 New Net Name=NetR4_2
Change Net Name : Old Net Name=NetCON1_19 New Net Name=NetR14_2
Added Pin To Net: NetName=NetCON1_1 Pin=CON1-1
Added Pin To Net: NetName=NetCON1_1 Pin=R7-2
Added Net: Name=NetCON1_1
Added Pin To Net: NetName=NetCON1_2 Pin=CON1-2
Added Pin To Net: NetName=NetCON1_2 Pin=R24-2
Added Net: Name=NetCON1_2
Added Pin To Net: NetName=NetCON1_3 Pin=CON1-3
Added Pin To Net: NetName=NetCON1_3 Pin=R15-2
Added Net: Name=NetCON1_3
Added Pin To Net: NetName=NetCON1_4 Pin=CON1-4
Added Pin To Net: NetName=NetCON1_4 Pin=R32-2
Added Net: Name=NetCON1_4
Added Pin To Net: NetName=NetCON1_5 Pin=CON1-5
Added Pin To Net: NetName=NetCON1_5 Pin=R23-2
Added Net: Name=NetCON1_5
Added Pin To Net: NetName=NetCON1_6 Pin=CON1-6
Added Pin To Net: NetName=NetCON1_6 Pin=R40-2
Added Net: Name=NetCON1_6
Added Pin To Net: NetName=NetCON1_7 Pin=CON1-7
Added Pin To Net: NetName=NetCON1_7 Pin=R31-2
Added Net: Name=NetCON1_7
Added Pin To Net: NetName=NetCON1_8 Pin=CON1-8
Added Pin To Net: NetName=NetCON1_8 Pin=R46-2
Added Net: Name=NetCON1_8
Added Pin To Net: NetName=NetCON1_9 Pin=CON1-9
Added Pin To Net: NetName=NetCON1_9 Pin=R39-2
Added Net: Name=NetCON1_9
Added Pin To Net: NetName=NetCON1_10 Pin=CON1-10
Added Pin To Net: NetName=NetCON1_10 Pin=R54-2
Added Net: Name=NetCON1_10
Added Pin To Net: NetName=NetCON1_11 Pin=CON1-11
Added Pin To Net: NetName=NetCON1_11 Pin=R45-2
Added Net: Name=NetCON1_11
Added Pin To Net: NetName=NetCON1_12 Pin=CON1-12
Added Pin To Net: NetName=NetCON1_12 Pin=R62-2
Added Net: Name=NetCON1_12
Added Pin To Net: NetName=NetCON1_13 Pin=CON1-13
Added Pin To Net: NetName=NetCON1_13 Pin=R53-2
Added Net: Name=NetCON1_13
Added Pin To Net: NetName=NetCON1_15 Pin=CON1-15
Added Pin To Net: NetName=NetCON1_15 Pin=R61-2
Added Net: Name=NetCON1_15
Added Pin To Net: NetName=NetCON1_17 Pin=CON1-17
Added Pin To Net: NetName=NetCON1_17 Pin=R8-2
Added Net: Name=NetCON1_17
Added Pin To Net: NetName=NetCON1_19 Pin=CON1-19
Added Pin To Net: NetName=NetCON1_19 Pin=R16-2
Added Net: Name=NetCON1_19
Added Room: Name=In_Out
Added Room: Name=Robot_board
