Removed Pin From Net: NetName=NetCON2_1 Pin=Q1-2
Removed Pin From Net: NetName=NetCON2_1 Pin=Q1-2
Removed Pin From Net: NetName=NetCON2_2 Pin=Q6-2
Removed Pin From Net: NetName=NetCON2_2 Pin=Q6-2
Added Pin To Net: NetName=NetCON2_2 Pin=Q20-2
Added Pin To Net: NetName=NetCON2_2 Pin=Q20-2
Added Pin To Net: NetName=NetCON2_1 Pin=R67-2
Added Pin To Net: NetName=NetCON2_1 Pin=U33-1
Added Pin To Net: NetName=NetQ1_3 Pin=Q1-2
Added Pin To Net: NetName=NetQ1_3 Pin=Q1-2
Added Net: Name=NetQ1_3
Added Pin To Net: NetName=NetQ2_3 Pin=Q2-2
Added Pin To Net: NetName=NetQ2_3 Pin=Q2-2
Added Net: Name=NetQ2_3
Added Pin To Net: NetName=NetQ3_3 Pin=Q3-2
Added Pin To Net: NetName=NetQ3_3 Pin=Q3-2
Added Net: Name=NetQ3_3
Added Pin To Net: NetName=NetQ4_3 Pin=Q4-2
Added Pin To Net: NetName=NetQ4_3 Pin=Q4-2
Added Net: Name=NetQ4_3
Added Pin To Net: NetName=NetQ5_3 Pin=Q5-2
Added Pin To Net: NetName=NetQ5_3 Pin=Q5-2
Added Net: Name=NetQ5_3
Added Pin To Net: NetName=NetQ6_3 Pin=Q6-2
Added Pin To Net: NetName=NetQ6_3 Pin=Q6-2
Added Net: Name=NetQ6_3
Added Pin To Net: NetName=NetQ7_3 Pin=Q7-2
Added Pin To Net: NetName=NetQ7_3 Pin=Q7-2
Added Net: Name=NetQ7_3
Added Pin To Net: NetName=NetQ8_3 Pin=Q8-2
Added Pin To Net: NetName=NetQ8_3 Pin=Q8-2
Added Net: Name=NetQ8_3
Added Pin To Net: NetName=NetQ9_3 Pin=Q9-2
Added Pin To Net: NetName=NetQ9_3 Pin=Q9-2
Added Net: Name=NetQ9_3
Added Pin To Net: NetName=NetQ10_3 Pin=Q10-2
Added Pin To Net: NetName=NetQ10_3 Pin=Q10-2
Added Net: Name=NetQ10_3
Added Pin To Net: NetName=NetQ11_3 Pin=Q11-2
Added Pin To Net: NetName=NetQ11_3 Pin=Q11-2
Added Net: Name=NetQ11_3
Added Pin To Net: NetName=NetQ12_3 Pin=Q12-2
Added Pin To Net: NetName=NetQ12_3 Pin=Q12-2
Added Net: Name=NetQ12_3
Added Pin To Net: NetName=NetQ13_3 Pin=Q13-2
Added Pin To Net: NetName=NetQ13_3 Pin=Q13-2
Added Net: Name=NetQ13_3
Added Pin To Net: NetName=NetQ14_3 Pin=Q14-2
Added Pin To Net: NetName=NetQ14_3 Pin=Q14-2
Added Net: Name=NetQ14_3
Added Pin To Net: NetName=NetQ15_3 Pin=Q15-2
Added Pin To Net: NetName=NetQ15_3 Pin=Q15-2
Added Net: Name=NetQ15_3
Added Pin To Net: NetName=NetQ16_3 Pin=Q16-2
Added Pin To Net: NetName=NetQ16_3 Pin=Q16-2
Added Net: Name=NetQ16_3
