Added Component: Designator=C1(CAP_SMD_8x10)
Add component. Clean all parameters for all variants
Added Component: Designator=C2(CAP_SMD_8x10)
Add component. Clean all parameters for all variants
Added Component: Designator=C3(CAP_SMD0603)
Add component. Clean all parameters for all variants
Added Component: Designator=C4(CAP_SMD0603)
Add component. Clean all parameters for all variants
Added Component: Designator=C5(CAP_SMD0603)
Add component. Clean all parameters for all variants
Added Component: Designator=C6(CAP_SMD0603)
Add component. Clean all parameters for all variants
Added Component: Designator=CON1(Con12X2 5.08)
Add component. Clean all parameters for all variants
Added Component: Designator=CON2(Con12X2 5.08)
Add component. Clean all parameters for all variants
Added Component: Designator=D1(SMB)
Add component. Clean all parameters for all variants
Added Component: Designator=D2(SMB)
Add component. Clean all parameters for all variants
Added Component: Designator=F1(1206)
Add component. Clean all parameters for all variants
Added Component: Designator=JP1(C3030WR-2X1P)
Add component. Clean all parameters for all variants
Added Component: Designator=L1(LED_GREEN_SMD_0603)
Add component. Clean all parameters for all variants
Added Component: Designator=L2(LED_GREEN_SMD_0603)
Add component. Clean all parameters for all variants
Added Component: Designator=L3(LED_RED_SMD_0603)
Add component. Clean all parameters for all variants
Added Component: Designator=L4(LED_RED_SMD_0603)
Add component. Clean all parameters for all variants
Added Component: Designator=L5(LED_GREEN_SMD_0603)
Add component. Clean all parameters for all variants
Added Component: Designator=L6(LED_GREEN_SMD_0603)
Add component. Clean all parameters for all variants
Added Component: Designator=L7(LED_RED_SMD_0603)
Add component. Clean all parameters for all variants
Added Component: Designator=L8(LED_RED_SMD_0603)
Add component. Clean all parameters for all variants
Added Component: Designator=L9(LED_GREEN_SMD_0603)
Add component. Clean all parameters for all variants
Added Component: Designator=L10(LED_GREEN_SMD_0603)
Add component. Clean all parameters for all variants
Added Component: Designator=L11(LED_RED_SMD_0603)
Add component. Clean all parameters for all variants
Added Component: Designator=L12(LED_RED_SMD_0603)
Add component. Clean all parameters for all variants
Added Component: Designator=L13(LED_GREEN_SMD_0603)
Add component. Clean all parameters for all variants
Added Component: Designator=L14(LED_GREEN_SMD_0603)
Add component. Clean all parameters for all variants
Added Component: Designator=L15(LED_RED_SMD_0603)
Add component. Clean all parameters for all variants
Added Component: Designator=L16(LED_RED_SMD_0603)
Add component. Clean all parameters for all variants
Added Component: Designator=L17(LED_GREEN_SMD_0603)
Add component. Clean all parameters for all variants
Added Component: Designator=L18(LED_GREEN_SMD_0603)
Add component. Clean all parameters for all variants
Added Component: Designator=L19(LED_RED_SMD_0603)
Add component. Clean all parameters for all variants
Added Component: Designator=L20(LED_RED_SMD_0603)
Add component. Clean all parameters for all variants
Added Component: Designator=L21(LED_RED_SMD_0603)
Add component. Clean all parameters for all variants
Added Component: Designator=L22(LED_RED_SMD_0603)
Add component. Clean all parameters for all variants
Added Component: Designator=L23(LED_GREEN_SMD_0603)
Add component. Clean all parameters for all variants
Added Component: Designator=L24(LED_GREEN_SMD_0603)
Add component. Clean all parameters for all variants
Added Component: Designator=L25(LED_RED_SMD_0603)
Add component. Clean all parameters for all variants
Added Component: Designator=L26(LED_RED_SMD_0603)
Add component. Clean all parameters for all variants
Added Component: Designator=L27(LED_GREEN_SMD_0603)
Add component. Clean all parameters for all variants
Added Component: Designator=L28(LED_GREEN_SMD_0603)
Add component. Clean all parameters for all variants
Added Component: Designator=L29(LED_RED_SMD_0603)
Add component. Clean all parameters for all variants
Added Component: Designator=L30(LED_RED_SMD_0603)
Add component. Clean all parameters for all variants
Added Component: Designator=L31(LED_GREEN_SMD_0603)
Add component. Clean all parameters for all variants
Added Component: Designator=L32(LED_GREEN_SMD_0603)
Add component. Clean all parameters for all variants
Added Component: Designator=L33(LED_GREEN_SMD_0603)
Add component. Clean all parameters for all variants
Added Component: Designator=L34(LED_GREEN_SMD_0603)
Add component. Clean all parameters for all variants
Added Component: Designator=L35(LED_GREEN_SMD_0603)
Add component. Clean all parameters for all variants
Added Component: Designator=L36(LED_GREEN_SMD_0603)
Add component. Clean all parameters for all variants
Added Component: Designator=L37(LED_RED_SMD_0603)
Add component. Clean all parameters for all variants
Added Component: Designator=L38(Inductor_47uH_6A)
Add component. Clean all parameters for all variants
Added Component: Designator=L39(LED_RED_SMD_0603)
Add component. Clean all parameters for all variants
Added Component: Designator=L40(LED_RED_SMD_0603)
Add component. Clean all parameters for all variants
Added Component: Designator=Q1(SOT89)
Add component. Clean all parameters for all variants
Added Component: Designator=Q2(SOT89)
Add component. Clean all parameters for all variants
Added Component: Designator=Q3(SOT89)
Add component. Clean all parameters for all variants
Added Component: Designator=Q4(SOT89)
Add component. Clean all parameters for all variants
Added Component: Designator=Q5(SOT89)
Add component. Clean all parameters for all variants
Added Component: Designator=Q6(SOT89)
Add component. Clean all parameters for all variants
Added Component: Designator=Q7(SOT89)
Add component. Clean all parameters for all variants
Added Component: Designator=Q8(SOT89)
Add component. Clean all parameters for all variants
Added Component: Designator=Q9(SOT89)
Add component. Clean all parameters for all variants
Added Component: Designator=Q10(SOT89)
Add component. Clean all parameters for all variants
Added Component: Designator=Q11(SOT89)
Add component. Clean all parameters for all variants
Added Component: Designator=Q12(SOT89)
Add component. Clean all parameters for all variants
Added Component: Designator=Q13(SOT89)
Add component. Clean all parameters for all variants
Added Component: Designator=Q14(SOT89)
Add component. Clean all parameters for all variants
Added Component: Designator=Q15(SOT89)
Add component. Clean all parameters for all variants
Added Component: Designator=Q16(SOT89)
Add component. Clean all parameters for all variants
Added Component: Designator=Q17(SOT89)
Add component. Clean all parameters for all variants
Added Component: Designator=Q18(SOT89)
Add component. Clean all parameters for all variants
Added Component: Designator=Q19(SOT89)
Add component. Clean all parameters for all variants
Added Component: Designator=Q20(SOT89)
Add component. Clean all parameters for all variants
Added Component: Designator=R1(RES_SMD0603)
Add component. Clean all parameters for all variants
Added Component: Designator=R2(RES_SMD0603)
Add component. Clean all parameters for all variants
Added Component: Designator=R3(RES_SMD0603)
Add component. Clean all parameters for all variants
Added Component: Designator=R4(RES_SMD0603)
Add component. Clean all parameters for all variants
Added Component: Designator=R5(RES_SMD0603)
Add component. Clean all parameters for all variants
Added Component: Designator=R6(RES_SMD0603)
Add component. Clean all parameters for all variants
Added Component: Designator=R7(RES_SMD0603)
Add component. Clean all parameters for all variants
Added Component: Designator=R8(RES_SMD0603)
Add component. Clean all parameters for all variants
Added Component: Designator=R9(RES_SMD0603)
Add component. Clean all parameters for all variants
Added Component: Designator=R10(RES_SMD0603)
Add component. Clean all parameters for all variants
Added Component: Designator=R11(RES_SMD0603)
Add component. Clean all parameters for all variants
Added Component: Designator=R12(RES_SMD0603)
Add component. Clean all parameters for all variants
Added Component: Designator=R13(RES_SMD0603)
Add component. Clean all parameters for all variants
Added Component: Designator=R14(RES_SMD0603)
Add component. Clean all parameters for all variants
Added Component: Designator=R15(RES_SMD0603)
Add component. Clean all parameters for all variants
Added Component: Designator=R16(RES_SMD0603)
Add component. Clean all parameters for all variants
Added Component: Designator=R17(RES_SMD0603)
Add component. Clean all parameters for all variants
Added Component: Designator=R18(RES_SMD0603)
Add component. Clean all parameters for all variants
Added Component: Designator=R19(RES_SMD0603)
Add component. Clean all parameters for all variants
Added Component: Designator=R20(RES_SMD0603)
Add component. Clean all parameters for all variants
Added Component: Designator=R21(RES_SMD0603)
Add component. Clean all parameters for all variants
Added Component: Designator=R22(RES_SMD0603)
Add component. Clean all parameters for all variants
Added Component: Designator=R23(RES_SMD0603)
Add component. Clean all parameters for all variants
Added Component: Designator=R24(RES_SMD0603)
Add component. Clean all parameters for all variants
Added Component: Designator=R25(RES_SMD0603)
Add component. Clean all parameters for all variants
Added Component: Designator=R26(RES_SMD0603)
Add component. Clean all parameters for all variants
Added Component: Designator=R27(RES_SMD0603)
Add component. Clean all parameters for all variants
Added Component: Designator=R28(RES_SMD0603)
Add component. Clean all parameters for all variants
Added Component: Designator=R29(RES_SMD0603)
Add component. Clean all parameters for all variants
Added Component: Designator=R30(RES_SMD0603)
Add component. Clean all parameters for all variants
Added Component: Designator=R31(RES_SMD0603)
Add component. Clean all parameters for all variants
Added Component: Designator=R32(RES_SMD0603)
Add component. Clean all parameters for all variants
Added Component: Designator=R33(RES_SMD0603)
Add component. Clean all parameters for all variants
Added Component: Designator=R34(RES_SMD0603)
Add component. Clean all parameters for all variants
Added Component: Designator=R35(RES_SMD0603)
Add component. Clean all parameters for all variants
Added Component: Designator=R36(RES_SMD0603)
Add component. Clean all parameters for all variants
Added Component: Designator=R37(RES_SMD0603)
Add component. Clean all parameters for all variants
Added Component: Designator=R38(RES_SMD0603)
Add component. Clean all parameters for all variants
Added Component: Designator=R39(RES_SMD0603)
Add component. Clean all parameters for all variants
Added Component: Designator=R40(RES_SMD0603)
Add component. Clean all parameters for all variants
Added Component: Designator=R41(RES_SMD0603)
Add component. Clean all parameters for all variants
Added Component: Designator=R42(RES_SMD0603)
Add component. Clean all parameters for all variants
Added Component: Designator=R43(RES_SMD0603)
Add component. Clean all parameters for all variants
Added Component: Designator=R44(RES_SMD0603)
Add component. Clean all parameters for all variants
Added Component: Designator=R45(RES_SMD0603)
Add component. Clean all parameters for all variants
Added Component: Designator=R46(RES_SMD0603)
Add component. Clean all parameters for all variants
Added Component: Designator=R47(RES_SMD0603)
Add component. Clean all parameters for all variants
Added Component: Designator=R48(RES_SMD0603)
Add component. Clean all parameters for all variants
Added Component: Designator=R49(RES_SMD0603)
Add component. Clean all parameters for all variants
Added Component: Designator=R50(RES_SMD0603)
Add component. Clean all parameters for all variants
Added Component: Designator=R51(RES_SMD0603)
Add component. Clean all parameters for all variants
Added Component: Designator=R52(RES_SMD0603)
Add component. Clean all parameters for all variants
Added Component: Designator=R53(RES_SMD0603)
Add component. Clean all parameters for all variants
Added Component: Designator=R54(RES_SMD0603)
Add component. Clean all parameters for all variants
Added Component: Designator=R55(RES_SMD0603)
Add component. Clean all parameters for all variants
Added Component: Designator=R56(RES_SMD0603)
Add component. Clean all parameters for all variants
Added Component: Designator=R57(RES_SMD0603)
Add component. Clean all parameters for all variants
Added Component: Designator=R58(RES_SMD0603)
Add component. Clean all parameters for all variants
Added Component: Designator=R59(RES_SMD0603)
Add component. Clean all parameters for all variants
Added Component: Designator=R60(RES_SMD0603)
Add component. Clean all parameters for all variants
Added Component: Designator=R61(RES_SMD0603)
Add component. Clean all parameters for all variants
Added Component: Designator=R62(RES_SMD0603)
Add component. Clean all parameters for all variants
Added Component: Designator=R63(RES_SMD0603)
Add component. Clean all parameters for all variants
Added Component: Designator=R64(RES_SMD0603)
Add component. Clean all parameters for all variants
Added Component: Designator=R65(RES_SMD0603)
Add component. Clean all parameters for all variants
Added Component: Designator=R66(RES_SMD0603)
Add component. Clean all parameters for all variants
Added Component: Designator=R67(RES_SMD0603)
Add component. Clean all parameters for all variants
Added Component: Designator=R68(RES_SMD0603)
Add component. Clean all parameters for all variants
Added Component: Designator=R69(RES_SMD0603)
Add component. Clean all parameters for all variants
Added Component: Designator=R70(RES_SMD0603)
Add component. Clean all parameters for all variants
Added Component: Designator=R71(RES_SMD0603)
Add component. Clean all parameters for all variants
Added Component: Designator=R72(RES_SMD0603)
Add component. Clean all parameters for all variants
Added Component: Designator=R73(RES_SMD0603)
Add component. Clean all parameters for all variants
Added Component: Designator=R74(RES_SMD0603)
Add component. Clean all parameters for all variants
Added Component: Designator=R75(RES_SMD0603)
Add component. Clean all parameters for all variants
Added Component: Designator=R76(RES_SMD0603)
Add component. Clean all parameters for all variants
Added Component: Designator=R77(RES_SMD0603)
Add component. Clean all parameters for all variants
Added Component: Designator=R78(RES_SMD0603)
Add component. Clean all parameters for all variants
Added Component: Designator=R79(RES_SMD0603)
Add component. Clean all parameters for all variants
Added Component: Designator=R80(RES_SMD0603)
Add component. Clean all parameters for all variants
Added Component: Designator=U1(SOP4)
Add component. Clean all parameters for all variants
Added Component: Designator=U2(SOP4)
Add component. Clean all parameters for all variants
Added Component: Designator=U3(SOP4)
Add component. Clean all parameters for all variants
Added Component: Designator=U4(SOP4)
Add component. Clean all parameters for all variants
Added Component: Designator=U5(SOP4)
Add component. Clean all parameters for all variants
Added Component: Designator=U6(SOP4)
Add component. Clean all parameters for all variants
Added Component: Designator=U7(SOP4)
Add component. Clean all parameters for all variants
Added Component: Designator=U8(SOP4)
Add component. Clean all parameters for all variants
Added Component: Designator=U9(SOP4)
Add component. Clean all parameters for all variants
Added Component: Designator=U10(SOP4)
Add component. Clean all parameters for all variants
Added Component: Designator=U11(SOP4)
Add component. Clean all parameters for all variants
Added Component: Designator=U12(SOP4)
Add component. Clean all parameters for all variants
Added Component: Designator=U13(SOP4)
Add component. Clean all parameters for all variants
Added Component: Designator=U14(SOP4)
Add component. Clean all parameters for all variants
Added Component: Designator=U15(SOP4)
Add component. Clean all parameters for all variants
Added Component: Designator=U16(SOP4)
Add component. Clean all parameters for all variants
Added Component: Designator=U17(SOP4)
Add component. Clean all parameters for all variants
Added Component: Designator=U18(SOP4)
Add component. Clean all parameters for all variants
Added Component: Designator=U19(SOP4)
Add component. Clean all parameters for all variants
Added Component: Designator=U20(SOP4)
Add component. Clean all parameters for all variants
Added Component: Designator=U21(SOP4)
Add component. Clean all parameters for all variants
Added Component: Designator=U22(SOP4)
Add component. Clean all parameters for all variants
Added Component: Designator=U23(SOP4)
Add component. Clean all parameters for all variants
Added Component: Designator=U24(SOP4)
Add component. Clean all parameters for all variants
Added Component: Designator=U25(SOP4)
Add component. Clean all parameters for all variants
Added Component: Designator=U26(SOP4)
Add component. Clean all parameters for all variants
Added Component: Designator=U27(SOP4)
Add component. Clean all parameters for all variants
Added Component: Designator=U28(SOP4)
Add component. Clean all parameters for all variants
Added Component: Designator=U29(SOP4)
Add component. Clean all parameters for all variants
Added Component: Designator=U30(SOP4)
Add component. Clean all parameters for all variants
Added Component: Designator=U31(SOP4)
Add component. Clean all parameters for all variants
Added Component: Designator=U32(SOP4)
Add component. Clean all parameters for all variants
Added Component: Designator=U33(SOP4)
Add component. Clean all parameters for all variants
Added Component: Designator=U34(SOIC16)
Add component. Clean all parameters for all variants
Added Component: Designator=U35(SO16)
Add component. Clean all parameters for all variants
Added Component: Designator=U36(SOP4)
Add component. Clean all parameters for all variants
Added Component: Designator=U37(ROBOTBOARD_V1)
Add component. Clean all parameters for all variants
Added Component: Designator=U38(SOP4)
Add component. Clean all parameters for all variants
Added Component: Designator=U39(SOIC16)
Add component. Clean all parameters for all variants
Added Component: Designator=U40(SOP4)
Add component. Clean all parameters for all variants
Added Component: Designator=U41(SO16)
Add component. Clean all parameters for all variants
Added Component: Designator=U42(SOP4)
Add component. Clean all parameters for all variants
Added Component: Designator=U43(TO-263-5)
Add component. Clean all parameters for all variants
Added Component: Designator=U44(SOP4)
Add component. Clean all parameters for all variants
Added Component: Designator=U45(SOP4)
Add component. Clean all parameters for all variants
Added Pin To Net: NetName=+3.3VDC Pin=U37-13
Added Pin To Net: NetName=+3.3VDC Pin=U37-14
Added Net: Name=+3.3VDC
Added Pin To Net: NetName=+5VDC Pin=C2-1
Added Pin To Net: NetName=+5VDC Pin=C5-1
Added Pin To Net: NetName=+5VDC Pin=C6-1
Added Pin To Net: NetName=+5VDC Pin=CON1-21
Added Pin To Net: NetName=+5VDC Pin=CON1-22
Added Pin To Net: NetName=+5VDC Pin=CON2-21
Added Pin To Net: NetName=+5VDC Pin=L38-2
Added Pin To Net: NetName=+5VDC Pin=R3-1
Added Pin To Net: NetName=+5VDC Pin=R4-1
Added Pin To Net: NetName=+5VDC Pin=R13-1
Added Pin To Net: NetName=+5VDC Pin=R14-1
Added Pin To Net: NetName=+5VDC Pin=R19-1
Added Pin To Net: NetName=+5VDC Pin=R20-1
Added Pin To Net: NetName=+5VDC Pin=R27-1
Added Pin To Net: NetName=+5VDC Pin=R28-1
Added Pin To Net: NetName=+5VDC Pin=R33-1
Added Pin To Net: NetName=+5VDC Pin=R34-1
Added Pin To Net: NetName=+5VDC Pin=R41-1
Added Pin To Net: NetName=+5VDC Pin=R42-1
Added Pin To Net: NetName=+5VDC Pin=R49-1
Added Pin To Net: NetName=+5VDC Pin=R50-1
Added Pin To Net: NetName=+5VDC Pin=R57-1
Added Pin To Net: NetName=+5VDC Pin=R58-1
Added Pin To Net: NetName=+5VDC Pin=R73-1
Added Pin To Net: NetName=+5VDC Pin=R75-1
Added Pin To Net: NetName=+5VDC Pin=R76-1
Added Pin To Net: NetName=+5VDC Pin=R79-1
Added Pin To Net: NetName=+5VDC Pin=U33-1
Added Pin To Net: NetName=+5VDC Pin=U34-16
Added Pin To Net: NetName=+5VDC Pin=U35-10
Added Pin To Net: NetName=+5VDC Pin=U35-16
Added Pin To Net: NetName=+5VDC Pin=U36-1
Added Pin To Net: NetName=+5VDC Pin=U37-1
Added Pin To Net: NetName=+5VDC Pin=U38-1
Added Pin To Net: NetName=+5VDC Pin=U39-16
Added Pin To Net: NetName=+5VDC Pin=U40-1
Added Pin To Net: NetName=+5VDC Pin=U41-10
Added Pin To Net: NetName=+5VDC Pin=U41-16
Added Net: Name=+5VDC
Added Pin To Net: NetName=+24-1VDC Pin=C1-1
Added Pin To Net: NetName=+24-1VDC Pin=C3-1
Added Pin To Net: NetName=+24-1VDC Pin=C4-1
Added Pin To Net: NetName=+24-1VDC Pin=CON2-22
Added Pin To Net: NetName=+24-1VDC Pin=F1-2
Added Pin To Net: NetName=+24-1VDC Pin=U43-5
Added Net: Name=+24-1VDC
Added Pin To Net: NetName=+24VDC_Sup Pin=JP1-1
Added Net: Name=+24VDC_Sup
Added Pin To Net: NetName=+24VDC Pin=D1-1
Added Pin To Net: NetName=+24VDC Pin=U1-4
Added Pin To Net: NetName=+24VDC Pin=U2-4
Added Pin To Net: NetName=+24VDC Pin=U3-1
Added Pin To Net: NetName=+24VDC Pin=U4-1
Added Pin To Net: NetName=+24VDC Pin=U5-4
Added Pin To Net: NetName=+24VDC Pin=U6-4
Added Pin To Net: NetName=+24VDC Pin=U7-1
Added Pin To Net: NetName=+24VDC Pin=U8-1
Added Pin To Net: NetName=+24VDC Pin=U9-4
Added Pin To Net: NetName=+24VDC Pin=U10-4
Added Pin To Net: NetName=+24VDC Pin=U11-1
Added Pin To Net: NetName=+24VDC Pin=U12-1
Added Pin To Net: NetName=+24VDC Pin=U13-4
Added Pin To Net: NetName=+24VDC Pin=U14-4
Added Pin To Net: NetName=+24VDC Pin=U15-1
Added Pin To Net: NetName=+24VDC Pin=U16-1
Added Pin To Net: NetName=+24VDC Pin=U17-4
Added Pin To Net: NetName=+24VDC Pin=U18-4
Added Pin To Net: NetName=+24VDC Pin=U19-1
Added Pin To Net: NetName=+24VDC Pin=U20-1
Added Pin To Net: NetName=+24VDC Pin=U21-1
Added Pin To Net: NetName=+24VDC Pin=U22-1
Added Pin To Net: NetName=+24VDC Pin=U23-4
Added Pin To Net: NetName=+24VDC Pin=U24-4
Added Pin To Net: NetName=+24VDC Pin=U25-1
Added Pin To Net: NetName=+24VDC Pin=U26-1
Added Pin To Net: NetName=+24VDC Pin=U27-4
Added Pin To Net: NetName=+24VDC Pin=U28-4
Added Pin To Net: NetName=+24VDC Pin=U29-1
Added Pin To Net: NetName=+24VDC Pin=U30-1
Added Pin To Net: NetName=+24VDC Pin=U31-4
Added Pin To Net: NetName=+24VDC Pin=U32-4
Added Pin To Net: NetName=+24VDC Pin=U33-4
Added Pin To Net: NetName=+24VDC Pin=U36-4
Added Pin To Net: NetName=+24VDC Pin=U38-4
Added Pin To Net: NetName=+24VDC Pin=U40-4
Added Pin To Net: NetName=+24VDC Pin=U42-1
Added Pin To Net: NetName=+24VDC Pin=U44-1
Added Pin To Net: NetName=+24VDC Pin=U45-1
Added Net: Name=+24VDC
Added Pin To Net: NetName=GND Pin=C1-2
Added Pin To Net: NetName=GND Pin=C2-2
Added Pin To Net: NetName=GND Pin=C3-2
Added Pin To Net: NetName=GND Pin=C5-2
Added Pin To Net: NetName=GND Pin=CON1-23
Added Pin To Net: NetName=GND Pin=CON1-24
Added Pin To Net: NetName=GND Pin=CON2-23
Added Pin To Net: NetName=GND Pin=CON2-24
Added Pin To Net: NetName=GND Pin=D2-1
Added Pin To Net: NetName=GND Pin=JP1-2
Added Pin To Net: NetName=GND Pin=Q1-3
Added Pin To Net: NetName=GND Pin=Q2-3
Added Pin To Net: NetName=GND Pin=Q3-3
Added Pin To Net: NetName=GND Pin=Q4-3
Added Pin To Net: NetName=GND Pin=Q5-3
Added Pin To Net: NetName=GND Pin=Q6-3
Added Pin To Net: NetName=GND Pin=Q7-3
Added Pin To Net: NetName=GND Pin=Q8-3
Added Pin To Net: NetName=GND Pin=Q9-3
Added Pin To Net: NetName=GND Pin=Q10-3
Added Pin To Net: NetName=GND Pin=Q11-3
Added Pin To Net: NetName=GND Pin=Q12-3
Added Pin To Net: NetName=GND Pin=Q13-3
Added Pin To Net: NetName=GND Pin=Q14-3
Added Pin To Net: NetName=GND Pin=Q15-3
Added Pin To Net: NetName=GND Pin=Q16-3
Added Pin To Net: NetName=GND Pin=Q17-3
Added Pin To Net: NetName=GND Pin=Q18-3
Added Pin To Net: NetName=GND Pin=Q19-3
Added Pin To Net: NetName=GND Pin=R78-2
Added Pin To Net: NetName=GND Pin=U1-2
Added Pin To Net: NetName=GND Pin=U2-2
Added Pin To Net: NetName=GND Pin=U5-2
Added Pin To Net: NetName=GND Pin=U6-2
Added Pin To Net: NetName=GND Pin=U9-2
Added Pin To Net: NetName=GND Pin=U10-2
Added Pin To Net: NetName=GND Pin=U13-2
Added Pin To Net: NetName=GND Pin=U14-2
Added Pin To Net: NetName=GND Pin=U17-2
Added Pin To Net: NetName=GND Pin=U18-2
Added Pin To Net: NetName=GND Pin=U23-2
Added Pin To Net: NetName=GND Pin=U24-2
Added Pin To Net: NetName=GND Pin=U27-2
Added Pin To Net: NetName=GND Pin=U28-2
Added Pin To Net: NetName=GND Pin=U31-2
Added Pin To Net: NetName=GND Pin=U32-2
Added Pin To Net: NetName=GND Pin=U43-1
Added Net: Name=GND
Added Pin To Net: NetName=NetC4_2 Pin=C4-2
Added Pin To Net: NetName=NetC4_2 Pin=U43-4
Added Net: Name=NetC4_2
Added Pin To Net: NetName=NetC6_2 Pin=C6-2
Added Pin To Net: NetName=NetC6_2 Pin=R76-2
Added Pin To Net: NetName=NetC6_2 Pin=R78-1
Added Pin To Net: NetName=NetC6_2 Pin=U43-2
Added Net: Name=NetC6_2
Added Pin To Net: NetName=NetCON1_1 Pin=CON1-1
Added Pin To Net: NetName=NetCON1_1 Pin=R33-2
Added Pin To Net: NetName=NetCON1_1 Pin=U19-4
Added Pin To Net: NetName=NetCON1_1 Pin=U34-11
Added Net: Name=NetCON1_1
Added Pin To Net: NetName=NetCON1_2 Pin=CON1-2
Added Pin To Net: NetName=NetCON1_2 Pin=R41-2
Added Pin To Net: NetName=NetCON1_2 Pin=U21-4
Added Pin To Net: NetName=NetCON1_2 Pin=U34-12
Added Net: Name=NetCON1_2
Added Pin To Net: NetName=NetCON1_3 Pin=CON1-3
Added Pin To Net: NetName=NetCON1_3 Pin=R49-2
Added Pin To Net: NetName=NetCON1_3 Pin=U25-4
Added Pin To Net: NetName=NetCON1_3 Pin=U34-13
Added Net: Name=NetCON1_3
Added Pin To Net: NetName=NetCON1_4 Pin=CON1-4
Added Pin To Net: NetName=NetCON1_4 Pin=R57-2
Added Pin To Net: NetName=NetCON1_4 Pin=U29-4
Added Pin To Net: NetName=NetCON1_4 Pin=U34-14
Added Net: Name=NetCON1_4
Added Pin To Net: NetName=NetCON1_5 Pin=CON1-5
Added Pin To Net: NetName=NetCON1_5 Pin=R27-2
Added Pin To Net: NetName=NetCON1_5 Pin=U15-4
Added Pin To Net: NetName=NetCON1_5 Pin=U34-3
Added Net: Name=NetCON1_5
Added Pin To Net: NetName=NetCON1_6 Pin=CON1-6
Added Pin To Net: NetName=NetCON1_6 Pin=R19-2
Added Pin To Net: NetName=NetCON1_6 Pin=U11-4
Added Pin To Net: NetName=NetCON1_6 Pin=U34-4
Added Net: Name=NetCON1_6
Added Pin To Net: NetName=NetCON1_7 Pin=CON1-7
Added Pin To Net: NetName=NetCON1_7 Pin=R13-2
Added Pin To Net: NetName=NetCON1_7 Pin=U7-4
Added Pin To Net: NetName=NetCON1_7 Pin=U34-5
Added Net: Name=NetCON1_7
Added Pin To Net: NetName=NetCON1_8 Pin=CON1-8
Added Pin To Net: NetName=NetCON1_8 Pin=R3-2
Added Pin To Net: NetName=NetCON1_8 Pin=U3-4
Added Pin To Net: NetName=NetCON1_8 Pin=U34-6
Added Net: Name=NetCON1_8
Added Pin To Net: NetName=NetCON1_9 Pin=CON1-9
Added Pin To Net: NetName=NetCON1_9 Pin=R4-2
Added Pin To Net: NetName=NetCON1_9 Pin=U4-4
Added Pin To Net: NetName=NetCON1_9 Pin=U39-11
Added Net: Name=NetCON1_9
Added Pin To Net: NetName=NetCON1_10 Pin=CON1-10
Added Pin To Net: NetName=NetCON1_10 Pin=R14-2
Added Pin To Net: NetName=NetCON1_10 Pin=U8-4
Added Pin To Net: NetName=NetCON1_10 Pin=U39-12
Added Net: Name=NetCON1_10
Added Pin To Net: NetName=NetCON1_11 Pin=CON1-11
Added Pin To Net: NetName=NetCON1_11 Pin=R20-2
Added Pin To Net: NetName=NetCON1_11 Pin=U12-4
Added Pin To Net: NetName=NetCON1_11 Pin=U39-13
Added Net: Name=NetCON1_11
Added Pin To Net: NetName=NetCON1_12 Pin=CON1-12
Added Pin To Net: NetName=NetCON1_12 Pin=R28-2
Added Pin To Net: NetName=NetCON1_12 Pin=U16-4
Added Pin To Net: NetName=NetCON1_12 Pin=U39-14
Added Net: Name=NetCON1_12
Added Pin To Net: NetName=NetCON1_13 Pin=CON1-13
Added Pin To Net: NetName=NetCON1_13 Pin=R58-2
Added Pin To Net: NetName=NetCON1_13 Pin=U30-4
Added Pin To Net: NetName=NetCON1_13 Pin=U39-3
Added Net: Name=NetCON1_13
Added Pin To Net: NetName=NetCON1_14 Pin=CON1-14
Added Pin To Net: NetName=NetCON1_14 Pin=R50-2
Added Pin To Net: NetName=NetCON1_14 Pin=U26-4
Added Pin To Net: NetName=NetCON1_14 Pin=U39-4
Added Net: Name=NetCON1_14
Added Pin To Net: NetName=NetCON1_15 Pin=CON1-15
Added Pin To Net: NetName=NetCON1_15 Pin=R42-2
Added Pin To Net: NetName=NetCON1_15 Pin=U22-4
Added Pin To Net: NetName=NetCON1_15 Pin=U39-5
Added Net: Name=NetCON1_15
Added Pin To Net: NetName=NetCON1_16 Pin=CON1-16
Added Pin To Net: NetName=NetCON1_16 Pin=R34-2
Added Pin To Net: NetName=NetCON1_16 Pin=U20-4
Added Pin To Net: NetName=NetCON1_16 Pin=U39-6
Added Net: Name=NetCON1_16
Added Pin To Net: NetName=NetCON1_17 Pin=CON1-17
Added Pin To Net: NetName=NetCON1_17 Pin=R73-2
Added Pin To Net: NetName=NetCON1_17 Pin=U37-15
Added Pin To Net: NetName=NetCON1_17 Pin=U42-4
Added Net: Name=NetCON1_17
Added Pin To Net: NetName=NetCON1_18 Pin=CON1-18
Added Pin To Net: NetName=NetCON1_18 Pin=R75-2
Added Pin To Net: NetName=NetCON1_18 Pin=U44-4
Added Net: Name=NetCON1_18
Added Pin To Net: NetName=NetCON1_19 Pin=CON1-19
Added Pin To Net: NetName=NetCON1_19 Pin=R79-2
Added Pin To Net: NetName=NetCON1_19 Pin=U45-4
Added Net: Name=NetCON1_19
Added Pin To Net: NetName=NetCON1_20 Pin=CON1-20
Added Net: Name=NetCON1_20
Added Pin To Net: NetName=NetCON2_1 Pin=CON2-1
Added Pin To Net: NetName=NetCON2_1 Pin=R59-2
Added Pin To Net: NetName=NetCON2_1 Pin=U35-15
Added Net: Name=NetCON2_1
Added Pin To Net: NetName=NetCON2_2 Pin=CON2-2
Added Pin To Net: NetName=NetCON2_2 Pin=R51-2
Added Pin To Net: NetName=NetCON2_2 Pin=U35-1
Added Net: Name=NetCON2_2
Added Pin To Net: NetName=NetCON2_3 Pin=CON2-3
Added Pin To Net: NetName=NetCON2_3 Pin=R43-2
Added Pin To Net: NetName=NetCON2_3 Pin=U35-2
Added Net: Name=NetCON2_3
Added Pin To Net: NetName=NetCON2_4 Pin=CON2-4
Added Pin To Net: NetName=NetCON2_4 Pin=R35-2
Added Pin To Net: NetName=NetCON2_4 Pin=U35-3
Added Net: Name=NetCON2_4
Added Pin To Net: NetName=NetCON2_5 Pin=CON2-5
Added Pin To Net: NetName=NetCON2_5 Pin=R25-2
Added Pin To Net: NetName=NetCON2_5 Pin=U35-4
Added Net: Name=NetCON2_5
Added Pin To Net: NetName=NetCON2_6 Pin=CON2-6
Added Pin To Net: NetName=NetCON2_6 Pin=R17-2
Added Pin To Net: NetName=NetCON2_6 Pin=U35-5
Added Net: Name=NetCON2_6
Added Pin To Net: NetName=NetCON2_7 Pin=CON2-7
Added Pin To Net: NetName=NetCON2_7 Pin=R9-2
Added Pin To Net: NetName=NetCON2_7 Pin=U35-6
Added Net: Name=NetCON2_7
Added Pin To Net: NetName=NetCON2_8 Pin=CON2-8
Added Pin To Net: NetName=NetCON2_8 Pin=R1-2
Added Pin To Net: NetName=NetCON2_8 Pin=U35-7
Added Net: Name=NetCON2_8
Added Pin To Net: NetName=NetCON2_9 Pin=CON2-9
Added Pin To Net: NetName=NetCON2_9 Pin=R60-2
Added Pin To Net: NetName=NetCON2_9 Pin=U41-15
Added Net: Name=NetCON2_9
Added Pin To Net: NetName=NetCON2_10 Pin=CON2-10
Added Pin To Net: NetName=NetCON2_10 Pin=R52-2
Added Pin To Net: NetName=NetCON2_10 Pin=U41-1
Added Net: Name=NetCON2_10
Added Pin To Net: NetName=NetCON2_11 Pin=CON2-11
Added Pin To Net: NetName=NetCON2_11 Pin=R44-2
Added Pin To Net: NetName=NetCON2_11 Pin=U41-2
Added Net: Name=NetCON2_11
Added Pin To Net: NetName=NetCON2_12 Pin=CON2-12
Added Pin To Net: NetName=NetCON2_12 Pin=R36-2
Added Pin To Net: NetName=NetCON2_12 Pin=U41-3
Added Net: Name=NetCON2_12
Added Pin To Net: NetName=NetCON2_13 Pin=CON2-13
Added Pin To Net: NetName=NetCON2_13 Pin=R26-2
Added Pin To Net: NetName=NetCON2_13 Pin=U41-4
Added Net: Name=NetCON2_13
Added Pin To Net: NetName=NetCON2_14 Pin=CON2-14
Added Pin To Net: NetName=NetCON2_14 Pin=R18-2
Added Pin To Net: NetName=NetCON2_14 Pin=U41-5
Added Net: Name=NetCON2_14
Added Pin To Net: NetName=NetCON2_15 Pin=CON2-15
Added Pin To Net: NetName=NetCON2_15 Pin=R10-2
Added Pin To Net: NetName=NetCON2_15 Pin=U41-6
Added Net: Name=NetCON2_15
Added Pin To Net: NetName=NetCON2_16 Pin=CON2-16
Added Pin To Net: NetName=NetCON2_16 Pin=R2-2
Added Pin To Net: NetName=NetCON2_16 Pin=U41-7
Added Net: Name=NetCON2_16
Added Pin To Net: NetName=NetCON2_17 Pin=CON2-17
Added Pin To Net: NetName=NetCON2_17 Pin=R71-2
Added Pin To Net: NetName=NetCON2_17 Pin=U37-19
Added Net: Name=NetCON2_17
Added Pin To Net: NetName=NetCON2_18 Pin=CON2-18
Added Pin To Net: NetName=NetCON2_18 Pin=R65-2
Added Pin To Net: NetName=NetCON2_18 Pin=U37-16
Added Pin To Net: NetName=NetCON2_18 Pin=U37-21
Added Net: Name=NetCON2_18
Added Pin To Net: NetName=NetCON2_19 Pin=CON2-19
Added Pin To Net: NetName=NetCON2_19 Pin=R67-2
Added Pin To Net: NetName=NetCON2_19 Pin=U37-17
Added Pin To Net: NetName=NetCON2_19 Pin=U37-22
Added Net: Name=NetCON2_19
Added Pin To Net: NetName=NetCON2_20 Pin=CON2-20
Added Pin To Net: NetName=NetCON2_20 Pin=U37-20
Added Net: Name=NetCON2_20
Added Pin To Net: NetName=NetD1_2 Pin=D1-2
Added Pin To Net: NetName=NetD1_2 Pin=F1-1
Added Net: Name=NetD1_2
Added Pin To Net: NetName=NetD2_2 Pin=D2-2
Added Pin To Net: NetName=NetD2_2 Pin=L38-1
Added Pin To Net: NetName=NetD2_2 Pin=U43-3
Added Pin To Net: NetName=NetD2_2 Pin=U43-3
Added Net: Name=NetD2_2
Added Pin To Net: NetName=NetL1_1 Pin=L1-1
Added Pin To Net: NetName=NetL1_1 Pin=R5-1
Added Net: Name=NetL1_1
Added Pin To Net: NetName=NetL1_2 Pin=L1-2
Added Pin To Net: NetName=NetL1_2 Pin=Q1-1
Added Net: Name=NetL1_2
Added Pin To Net: NetName=NetL2_1 Pin=L2-1
Added Pin To Net: NetName=NetL2_1 Pin=R6-1
Added Net: Name=NetL2_1
Added Pin To Net: NetName=NetL2_2 Pin=L2-2
Added Pin To Net: NetName=NetL2_2 Pin=Q2-1
Added Net: Name=NetL2_2
Added Pin To Net: NetName=NetL3_1 Pin=L3-1
Added Pin To Net: NetName=NetL3_1 Pin=U3-3
Added Net: Name=NetL3_1
Added Pin To Net: NetName=NetL4_1 Pin=L4-1
Added Pin To Net: NetName=NetL4_1 Pin=U4-3
Added Net: Name=NetL4_1
Added Pin To Net: NetName=NetL5_1 Pin=L5-1
Added Pin To Net: NetName=NetL5_1 Pin=R11-1
Added Net: Name=NetL5_1
Added Pin To Net: NetName=NetL5_2 Pin=L5-2
Added Pin To Net: NetName=NetL5_2 Pin=Q3-1
Added Net: Name=NetL5_2
Added Pin To Net: NetName=NetL6_1 Pin=L6-1
Added Pin To Net: NetName=NetL6_1 Pin=R12-1
Added Net: Name=NetL6_1
Added Pin To Net: NetName=NetL6_2 Pin=L6-2
Added Pin To Net: NetName=NetL6_2 Pin=Q4-1
Added Net: Name=NetL6_2
Added Pin To Net: NetName=NetL7_1 Pin=L7-1
Added Pin To Net: NetName=NetL7_1 Pin=U7-3
Added Net: Name=NetL7_1
Added Pin To Net: NetName=NetL8_1 Pin=L8-1
Added Pin To Net: NetName=NetL8_1 Pin=U8-3
Added Net: Name=NetL8_1
Added Pin To Net: NetName=NetL9_1 Pin=L9-1
Added Pin To Net: NetName=NetL9_1 Pin=R21-1
Added Net: Name=NetL9_1
Added Pin To Net: NetName=NetL9_2 Pin=L9-2
Added Pin To Net: NetName=NetL9_2 Pin=Q5-1
Added Net: Name=NetL9_2
Added Pin To Net: NetName=NetL10_1 Pin=L10-1
Added Pin To Net: NetName=NetL10_1 Pin=R22-1
Added Net: Name=NetL10_1
Added Pin To Net: NetName=NetL10_2 Pin=L10-2
Added Pin To Net: NetName=NetL10_2 Pin=Q6-1
Added Net: Name=NetL10_2
Added Pin To Net: NetName=NetL11_1 Pin=L11-1
Added Pin To Net: NetName=NetL11_1 Pin=U11-3
Added Net: Name=NetL11_1
Added Pin To Net: NetName=NetL12_1 Pin=L12-1
Added Pin To Net: NetName=NetL12_1 Pin=U12-3
Added Net: Name=NetL12_1
Added Pin To Net: NetName=NetL13_1 Pin=L13-1
Added Pin To Net: NetName=NetL13_1 Pin=R29-1
Added Net: Name=NetL13_1
Added Pin To Net: NetName=NetL13_2 Pin=L13-2
Added Pin To Net: NetName=NetL13_2 Pin=Q7-1
Added Net: Name=NetL13_2
Added Pin To Net: NetName=NetL14_1 Pin=L14-1
Added Pin To Net: NetName=NetL14_1 Pin=R30-1
Added Net: Name=NetL14_1
Added Pin To Net: NetName=NetL14_2 Pin=L14-2
Added Pin To Net: NetName=NetL14_2 Pin=Q8-1
Added Net: Name=NetL14_2
Added Pin To Net: NetName=NetL15_1 Pin=L15-1
Added Pin To Net: NetName=NetL15_1 Pin=U15-3
Added Net: Name=NetL15_1
Added Pin To Net: NetName=NetL16_1 Pin=L16-1
Added Pin To Net: NetName=NetL16_1 Pin=U16-3
Added Net: Name=NetL16_1
Added Pin To Net: NetName=NetL17_1 Pin=L17-1
Added Pin To Net: NetName=NetL17_1 Pin=R37-1
Added Net: Name=NetL17_1
Added Pin To Net: NetName=NetL17_2 Pin=L17-2
Added Pin To Net: NetName=NetL17_2 Pin=Q9-1
Added Net: Name=NetL17_2
Added Pin To Net: NetName=NetL18_1 Pin=L18-1
Added Pin To Net: NetName=NetL18_1 Pin=R38-1
Added Net: Name=NetL18_1
Added Pin To Net: NetName=NetL18_2 Pin=L18-2
Added Pin To Net: NetName=NetL18_2 Pin=Q10-1
Added Net: Name=NetL18_2
Added Pin To Net: NetName=NetL19_1 Pin=L19-1
Added Pin To Net: NetName=NetL19_1 Pin=U19-3
Added Net: Name=NetL19_1
Added Pin To Net: NetName=NetL20_1 Pin=L20-1
Added Pin To Net: NetName=NetL20_1 Pin=U20-3
Added Net: Name=NetL20_1
Added Pin To Net: NetName=NetL21_1 Pin=L21-1
Added Pin To Net: NetName=NetL21_1 Pin=U21-3
Added Net: Name=NetL21_1
Added Pin To Net: NetName=NetL22_1 Pin=L22-1
Added Pin To Net: NetName=NetL22_1 Pin=U22-3
Added Net: Name=NetL22_1
Added Pin To Net: NetName=NetL23_1 Pin=L23-1
Added Pin To Net: NetName=NetL23_1 Pin=R47-1
Added Net: Name=NetL23_1
Added Pin To Net: NetName=NetL23_2 Pin=L23-2
Added Pin To Net: NetName=NetL23_2 Pin=Q11-1
Added Net: Name=NetL23_2
Added Pin To Net: NetName=NetL24_1 Pin=L24-1
Added Pin To Net: NetName=NetL24_1 Pin=R48-1
Added Net: Name=NetL24_1
Added Pin To Net: NetName=NetL24_2 Pin=L24-2
Added Pin To Net: NetName=NetL24_2 Pin=Q12-1
Added Net: Name=NetL24_2
Added Pin To Net: NetName=NetL25_1 Pin=L25-1
Added Pin To Net: NetName=NetL25_1 Pin=U25-3
Added Net: Name=NetL25_1
Added Pin To Net: NetName=NetL26_1 Pin=L26-1
Added Pin To Net: NetName=NetL26_1 Pin=U26-3
Added Net: Name=NetL26_1
Added Pin To Net: NetName=NetL27_1 Pin=L27-1
Added Pin To Net: NetName=NetL27_1 Pin=R55-1
Added Net: Name=NetL27_1
Added Pin To Net: NetName=NetL27_2 Pin=L27-2
Added Pin To Net: NetName=NetL27_2 Pin=Q13-1
Added Net: Name=NetL27_2
Added Pin To Net: NetName=NetL28_1 Pin=L28-1
Added Pin To Net: NetName=NetL28_1 Pin=R56-1
Added Net: Name=NetL28_1
Added Pin To Net: NetName=NetL28_2 Pin=L28-2
Added Pin To Net: NetName=NetL28_2 Pin=Q14-1
Added Net: Name=NetL28_2
Added Pin To Net: NetName=NetL29_1 Pin=L29-1
Added Pin To Net: NetName=NetL29_1 Pin=U29-3
Added Net: Name=NetL29_1
Added Pin To Net: NetName=NetL30_1 Pin=L30-1
Added Pin To Net: NetName=NetL30_1 Pin=U30-3
Added Net: Name=NetL30_1
Added Pin To Net: NetName=NetL31_1 Pin=L31-1
Added Pin To Net: NetName=NetL31_1 Pin=R63-1
Added Net: Name=NetL31_1
Added Pin To Net: NetName=NetL31_2 Pin=L31-2
Added Pin To Net: NetName=NetL31_2 Pin=Q15-1
Added Net: Name=NetL31_2
Added Pin To Net: NetName=NetL32_1 Pin=L32-1
Added Pin To Net: NetName=NetL32_1 Pin=R64-1
Added Net: Name=NetL32_1
Added Pin To Net: NetName=NetL32_2 Pin=L32-2
Added Pin To Net: NetName=NetL32_2 Pin=Q16-1
Added Net: Name=NetL32_2
Added Pin To Net: NetName=NetL33_1 Pin=L33-1
Added Pin To Net: NetName=NetL33_1 Pin=R66-1
Added Net: Name=NetL33_1
Added Pin To Net: NetName=NetL33_2 Pin=L33-2
Added Pin To Net: NetName=NetL33_2 Pin=Q17-1
Added Net: Name=NetL33_2
Added Pin To Net: NetName=NetL34_1 Pin=L34-1
Added Pin To Net: NetName=NetL34_1 Pin=R68-1
Added Net: Name=NetL34_1
Added Pin To Net: NetName=NetL34_2 Pin=L34-2
Added Pin To Net: NetName=NetL34_2 Pin=Q18-1
Added Net: Name=NetL34_2
Added Pin To Net: NetName=NetL35_1 Pin=L35-1
Added Pin To Net: NetName=NetL35_1 Pin=R70-1
Added Net: Name=NetL35_1
Added Pin To Net: NetName=NetL35_2 Pin=L35-2
Added Pin To Net: NetName=NetL35_2 Pin=Q19-1
Added Net: Name=NetL35_2
Added Pin To Net: NetName=NetL36_1 Pin=L36-1
Added Pin To Net: NetName=NetL36_1 Pin=R72-1
Added Net: Name=NetL36_1
Added Pin To Net: NetName=NetL36_2 Pin=L36-2
Added Pin To Net: NetName=NetL36_2 Pin=Q20-1
Added Net: Name=NetL36_2
Added Pin To Net: NetName=NetL37_1 Pin=L37-1
Added Pin To Net: NetName=NetL37_1 Pin=U42-3
Added Net: Name=NetL37_1
Added Pin To Net: NetName=NetL39_1 Pin=L39-1
Added Pin To Net: NetName=NetL39_1 Pin=U44-3
Added Net: Name=NetL39_1
Added Pin To Net: NetName=NetL40_1 Pin=L40-1
Added Pin To Net: NetName=NetL40_1 Pin=U45-3
Added Net: Name=NetL40_1
Added Pin To Net: NetName=NetQ1_3 Pin=Q1-2
Added Pin To Net: NetName=NetQ1_3 Pin=Q1-2
Added Net: Name=NetQ1_3
Added Pin To Net: NetName=NetQ2_3 Pin=Q2-2
Added Pin To Net: NetName=NetQ2_3 Pin=Q2-2
Added Net: Name=NetQ2_3
Added Pin To Net: NetName=NetQ3_3 Pin=Q3-2
Added Pin To Net: NetName=NetQ3_3 Pin=Q3-2
Added Net: Name=NetQ3_3
Added Pin To Net: NetName=NetQ4_3 Pin=Q4-2
Added Pin To Net: NetName=NetQ4_3 Pin=Q4-2
Added Net: Name=NetQ4_3
Added Pin To Net: NetName=NetQ5_3 Pin=Q5-2
Added Pin To Net: NetName=NetQ5_3 Pin=Q5-2
Added Net: Name=NetQ5_3
Added Pin To Net: NetName=NetQ6_3 Pin=Q6-2
Added Pin To Net: NetName=NetQ6_3 Pin=Q6-2
Added Net: Name=NetQ6_3
Added Pin To Net: NetName=NetQ7_3 Pin=Q7-2
Added Pin To Net: NetName=NetQ7_3 Pin=Q7-2
Added Net: Name=NetQ7_3
Added Pin To Net: NetName=NetQ8_3 Pin=Q8-2
Added Pin To Net: NetName=NetQ8_3 Pin=Q8-2
Added Net: Name=NetQ8_3
Added Pin To Net: NetName=NetQ9_3 Pin=Q9-2
Added Pin To Net: NetName=NetQ9_3 Pin=Q9-2
Added Net: Name=NetQ9_3
Added Pin To Net: NetName=NetQ10_3 Pin=Q10-2
Added Pin To Net: NetName=NetQ10_3 Pin=Q10-2
Added Net: Name=NetQ10_3
Added Pin To Net: NetName=NetQ11_3 Pin=Q11-2
Added Pin To Net: NetName=NetQ11_3 Pin=Q11-2
Added Net: Name=NetQ11_3
Added Pin To Net: NetName=NetQ12_3 Pin=Q12-2
Added Pin To Net: NetName=NetQ12_3 Pin=Q12-2
Added Net: Name=NetQ12_3
Added Pin To Net: NetName=NetQ13_3 Pin=Q13-2
Added Pin To Net: NetName=NetQ13_3 Pin=Q13-2
Added Net: Name=NetQ13_3
Added Pin To Net: NetName=NetQ14_3 Pin=Q14-2
Added Pin To Net: NetName=NetQ14_3 Pin=Q14-2
Added Net: Name=NetQ14_3
Added Pin To Net: NetName=NetQ15_3 Pin=Q15-2
Added Pin To Net: NetName=NetQ15_3 Pin=Q15-2
Added Net: Name=NetQ15_3
Added Pin To Net: NetName=NetQ16_3 Pin=Q16-2
Added Pin To Net: NetName=NetQ16_3 Pin=Q16-2
Added Net: Name=NetQ16_3
Added Pin To Net: NetName=NetQ17_3 Pin=Q17-2
Added Pin To Net: NetName=NetQ17_3 Pin=Q17-2
Added Net: Name=NetQ17_3
Added Pin To Net: NetName=NetQ18_3 Pin=Q18-2
Added Pin To Net: NetName=NetQ18_3 Pin=Q18-2
Added Net: Name=NetQ18_3
Added Pin To Net: NetName=NetQ19_3 Pin=Q19-2
Added Pin To Net: NetName=NetQ19_3 Pin=Q19-2
Added Net: Name=NetQ19_3
Added Pin To Net: NetName=NetQ20_2 Pin=Q20-3
Added Net: Name=NetQ20_2
Added Pin To Net: NetName=NetQ20_3 Pin=Q20-2
Added Pin To Net: NetName=NetQ20_3 Pin=Q20-2
Added Net: Name=NetQ20_3
Added Pin To Net: NetName=NetR1_1 Pin=R1-1
Added Pin To Net: NetName=NetR1_1 Pin=U1-1
Added Net: Name=NetR1_1
Added Pin To Net: NetName=NetR2_1 Pin=R2-1
Added Pin To Net: NetName=NetR2_1 Pin=U2-1
Added Net: Name=NetR2_1
Added Pin To Net: NetName=NetR5_2 Pin=R5-2
Added Pin To Net: NetName=NetR5_2 Pin=U1-3
Added Net: Name=NetR5_2
Added Pin To Net: NetName=NetR6_2 Pin=R6-2
Added Pin To Net: NetName=NetR6_2 Pin=U2-3
Added Net: Name=NetR6_2
Added Pin To Net: NetName=NetR7_1 Pin=R7-1
Added Pin To Net: NetName=NetR7_1 Pin=U3-2
Added Net: Name=NetR7_1
Added Pin To Net: NetName=NetR7_2 Pin=R7-2
Added Net: Name=NetR7_2
Added Pin To Net: NetName=NetR8_1 Pin=R8-1
Added Pin To Net: NetName=NetR8_1 Pin=U4-2
Added Net: Name=NetR8_1
Added Pin To Net: NetName=NetR8_2 Pin=R8-2
Added Net: Name=NetR8_2
Added Pin To Net: NetName=NetR9_1 Pin=R9-1
Added Pin To Net: NetName=NetR9_1 Pin=U5-1
Added Net: Name=NetR9_1
Added Pin To Net: NetName=NetR10_1 Pin=R10-1
Added Pin To Net: NetName=NetR10_1 Pin=U6-1
Added Net: Name=NetR10_1
Added Pin To Net: NetName=NetR11_2 Pin=R11-2
Added Pin To Net: NetName=NetR11_2 Pin=U5-3
Added Net: Name=NetR11_2
Added Pin To Net: NetName=NetR12_2 Pin=R12-2
Added Pin To Net: NetName=NetR12_2 Pin=U6-3
Added Net: Name=NetR12_2
Added Pin To Net: NetName=NetR15_1 Pin=R15-1
Added Pin To Net: NetName=NetR15_1 Pin=U7-2
Added Net: Name=NetR15_1
Added Pin To Net: NetName=NetR15_2 Pin=R15-2
Added Net: Name=NetR15_2
Added Pin To Net: NetName=NetR16_1 Pin=R16-1
Added Pin To Net: NetName=NetR16_1 Pin=U8-2
Added Net: Name=NetR16_1
Added Pin To Net: NetName=NetR16_2 Pin=R16-2
Added Net: Name=NetR16_2
Added Pin To Net: NetName=NetR17_1 Pin=R17-1
Added Pin To Net: NetName=NetR17_1 Pin=U9-1
Added Net: Name=NetR17_1
Added Pin To Net: NetName=NetR18_1 Pin=R18-1
Added Pin To Net: NetName=NetR18_1 Pin=U10-1
Added Net: Name=NetR18_1
Added Pin To Net: NetName=NetR21_2 Pin=R21-2
Added Pin To Net: NetName=NetR21_2 Pin=U9-3
Added Net: Name=NetR21_2
Added Pin To Net: NetName=NetR22_2 Pin=R22-2
Added Pin To Net: NetName=NetR22_2 Pin=U10-3
Added Net: Name=NetR22_2
Added Pin To Net: NetName=NetR23_1 Pin=R23-1
Added Pin To Net: NetName=NetR23_1 Pin=U11-2
Added Net: Name=NetR23_1
Added Pin To Net: NetName=NetR23_2 Pin=R23-2
Added Net: Name=NetR23_2
Added Pin To Net: NetName=NetR24_1 Pin=R24-1
Added Pin To Net: NetName=NetR24_1 Pin=U12-2
Added Net: Name=NetR24_1
Added Pin To Net: NetName=NetR24_2 Pin=R24-2
Added Net: Name=NetR24_2
Added Pin To Net: NetName=NetR25_1 Pin=R25-1
Added Pin To Net: NetName=NetR25_1 Pin=U13-1
Added Net: Name=NetR25_1
Added Pin To Net: NetName=NetR26_1 Pin=R26-1
Added Pin To Net: NetName=NetR26_1 Pin=U14-1
Added Net: Name=NetR26_1
Added Pin To Net: NetName=NetR29_2 Pin=R29-2
Added Pin To Net: NetName=NetR29_2 Pin=U13-3
Added Net: Name=NetR29_2
Added Pin To Net: NetName=NetR30_2 Pin=R30-2
Added Pin To Net: NetName=NetR30_2 Pin=U14-3
Added Net: Name=NetR30_2
Added Pin To Net: NetName=NetR31_1 Pin=R31-1
Added Pin To Net: NetName=NetR31_1 Pin=U15-2
Added Net: Name=NetR31_1
Added Pin To Net: NetName=NetR31_2 Pin=R31-2
Added Net: Name=NetR31_2
Added Pin To Net: NetName=NetR32_1 Pin=R32-1
Added Pin To Net: NetName=NetR32_1 Pin=U16-2
Added Net: Name=NetR32_1
Added Pin To Net: NetName=NetR32_2 Pin=R32-2
Added Net: Name=NetR32_2
Added Pin To Net: NetName=NetR35_1 Pin=R35-1
Added Pin To Net: NetName=NetR35_1 Pin=U17-1
Added Net: Name=NetR35_1
Added Pin To Net: NetName=NetR36_1 Pin=R36-1
Added Pin To Net: NetName=NetR36_1 Pin=U18-1
Added Net: Name=NetR36_1
Added Pin To Net: NetName=NetR37_2 Pin=R37-2
Added Pin To Net: NetName=NetR37_2 Pin=U17-3
Added Net: Name=NetR37_2
Added Pin To Net: NetName=NetR38_2 Pin=R38-2
Added Pin To Net: NetName=NetR38_2 Pin=U18-3
Added Net: Name=NetR38_2
Added Pin To Net: NetName=NetR39_1 Pin=R39-1
Added Pin To Net: NetName=NetR39_1 Pin=U19-2
Added Net: Name=NetR39_1
Added Pin To Net: NetName=NetR39_2 Pin=R39-2
Added Net: Name=NetR39_2
Added Pin To Net: NetName=NetR40_1 Pin=R40-1
Added Pin To Net: NetName=NetR40_1 Pin=U20-2
Added Net: Name=NetR40_1
Added Pin To Net: NetName=NetR40_2 Pin=R40-2
Added Net: Name=NetR40_2
Added Pin To Net: NetName=NetR43_1 Pin=R43-1
Added Pin To Net: NetName=NetR43_1 Pin=U23-1
Added Net: Name=NetR43_1
Added Pin To Net: NetName=NetR44_1 Pin=R44-1
Added Pin To Net: NetName=NetR44_1 Pin=U24-1
Added Net: Name=NetR44_1
Added Pin To Net: NetName=NetR45_1 Pin=R45-1
Added Pin To Net: NetName=NetR45_1 Pin=U21-2
Added Net: Name=NetR45_1
Added Pin To Net: NetName=NetR45_2 Pin=R45-2
Added Net: Name=NetR45_2
Added Pin To Net: NetName=NetR46_1 Pin=R46-1
Added Pin To Net: NetName=NetR46_1 Pin=U22-2
Added Net: Name=NetR46_1
Added Pin To Net: NetName=NetR46_2 Pin=R46-2
Added Net: Name=NetR46_2
Added Pin To Net: NetName=NetR47_2 Pin=R47-2
Added Pin To Net: NetName=NetR47_2 Pin=U23-3
Added Net: Name=NetR47_2
Added Pin To Net: NetName=NetR48_2 Pin=R48-2
Added Pin To Net: NetName=NetR48_2 Pin=U24-3
Added Net: Name=NetR48_2
Added Pin To Net: NetName=NetR51_1 Pin=R51-1
Added Pin To Net: NetName=NetR51_1 Pin=U27-1
Added Net: Name=NetR51_1
Added Pin To Net: NetName=NetR52_1 Pin=R52-1
Added Pin To Net: NetName=NetR52_1 Pin=U28-1
Added Net: Name=NetR52_1
Added Pin To Net: NetName=NetR53_1 Pin=R53-1
Added Pin To Net: NetName=NetR53_1 Pin=U25-2
Added Net: Name=NetR53_1
Added Pin To Net: NetName=NetR53_2 Pin=R53-2
Added Net: Name=NetR53_2
Added Pin To Net: NetName=NetR54_1 Pin=R54-1
Added Pin To Net: NetName=NetR54_1 Pin=U26-2
Added Net: Name=NetR54_1
Added Pin To Net: NetName=NetR54_2 Pin=R54-2
Added Net: Name=NetR54_2
Added Pin To Net: NetName=NetR55_2 Pin=R55-2
Added Pin To Net: NetName=NetR55_2 Pin=U27-3
Added Net: Name=NetR55_2
Added Pin To Net: NetName=NetR56_2 Pin=R56-2
Added Pin To Net: NetName=NetR56_2 Pin=U28-3
Added Net: Name=NetR56_2
Added Pin To Net: NetName=NetR59_1 Pin=R59-1
Added Pin To Net: NetName=NetR59_1 Pin=U31-1
Added Net: Name=NetR59_1
Added Pin To Net: NetName=NetR60_1 Pin=R60-1
Added Pin To Net: NetName=NetR60_1 Pin=U32-1
Added Net: Name=NetR60_1
Added Pin To Net: NetName=NetR61_1 Pin=R61-1
Added Pin To Net: NetName=NetR61_1 Pin=U29-2
Added Net: Name=NetR61_1
Added Pin To Net: NetName=NetR61_2 Pin=R61-2
Added Net: Name=NetR61_2
Added Pin To Net: NetName=NetR62_1 Pin=R62-1
Added Pin To Net: NetName=NetR62_1 Pin=U30-2
Added Net: Name=NetR62_1
Added Pin To Net: NetName=NetR62_2 Pin=R62-2
Added Net: Name=NetR62_2
Added Pin To Net: NetName=NetR63_2 Pin=R63-2
Added Pin To Net: NetName=NetR63_2 Pin=U31-3
Added Net: Name=NetR63_2
Added Pin To Net: NetName=NetR64_2 Pin=R64-2
Added Pin To Net: NetName=NetR64_2 Pin=U32-3
Added Net: Name=NetR64_2
Added Pin To Net: NetName=NetR65_1 Pin=R65-1
Added Pin To Net: NetName=NetR65_1 Pin=U33-2
Added Net: Name=NetR65_1
Added Pin To Net: NetName=NetR66_2 Pin=R66-2
Added Pin To Net: NetName=NetR66_2 Pin=U33-3
Added Net: Name=NetR66_2
Added Pin To Net: NetName=NetR67_1 Pin=R67-1
Added Pin To Net: NetName=NetR67_1 Pin=U36-2
Added Net: Name=NetR67_1
Added Pin To Net: NetName=NetR68_2 Pin=R68-2
Added Pin To Net: NetName=NetR68_2 Pin=U36-3
Added Net: Name=NetR68_2
Added Pin To Net: NetName=NetR69_1 Pin=R69-1
Added Pin To Net: NetName=NetR69_1 Pin=U38-2
Added Net: Name=NetR69_1
Added Pin To Net: NetName=NetR69_2 Pin=R69-2
Added Pin To Net: NetName=NetR69_2 Pin=U37-18
Added Net: Name=NetR69_2
Added Pin To Net: NetName=NetR70_2 Pin=R70-2
Added Pin To Net: NetName=NetR70_2 Pin=U38-3
Added Net: Name=NetR70_2
Added Pin To Net: NetName=NetR71_1 Pin=R71-1
Added Pin To Net: NetName=NetR71_1 Pin=U40-2
Added Net: Name=NetR71_1
Added Pin To Net: NetName=NetR72_2 Pin=R72-2
Added Pin To Net: NetName=NetR72_2 Pin=U40-3
Added Net: Name=NetR72_2
Added Pin To Net: NetName=NetR74_1 Pin=R74-1
Added Pin To Net: NetName=NetR74_1 Pin=U42-2
Added Net: Name=NetR74_1
Added Pin To Net: NetName=NetR74_2 Pin=R74-2
Added Net: Name=NetR74_2
Added Pin To Net: NetName=NetR77_1 Pin=R77-1
Added Pin To Net: NetName=NetR77_1 Pin=U44-2
Added Net: Name=NetR77_1
Added Pin To Net: NetName=NetR77_2 Pin=R77-2
Added Net: Name=NetR77_2
Added Pin To Net: NetName=NetR80_1 Pin=R80-1
Added Pin To Net: NetName=NetR80_1 Pin=U45-2
Added Net: Name=NetR80_1
Added Pin To Net: NetName=NetR80_2 Pin=R80-2
Added Net: Name=NetR80_2
Added Pin To Net: NetName=NetU34_1 Pin=U34-1
Added Pin To Net: NetName=NetU34_1 Pin=U37-4
Added Pin To Net: NetName=NetU34_1 Pin=U39-1
Added Net: Name=NetU34_1
Added Pin To Net: NetName=NetU34_2 Pin=U34-2
Added Pin To Net: NetName=NetU34_2 Pin=U37-3
Added Pin To Net: NetName=NetU34_2 Pin=U39-2
Added Net: Name=NetU34_2
Added Pin To Net: NetName=NetU34_9 Pin=U34-9
Added Pin To Net: NetName=NetU34_9 Pin=U39-10
Added Net: Name=NetU34_9
Added Pin To Net: NetName=NetU34_15 Pin=U34-15
Added Pin To Net: NetName=NetU34_15 Pin=U37-7
Added Pin To Net: NetName=NetU34_15 Pin=U39-15
Added Net: Name=NetU34_15
Added Pin To Net: NetName=NetU35_9 Pin=U35-9
Added Pin To Net: NetName=NetU35_9 Pin=U41-14
Added Net: Name=NetU35_9
Added Pin To Net: NetName=NetU35_11 Pin=U35-11
Added Pin To Net: NetName=NetU35_11 Pin=U37-8
Added Pin To Net: NetName=NetU35_11 Pin=U41-11
Added Net: Name=NetU35_11
Added Pin To Net: NetName=NetU35_12 Pin=U35-12
Added Pin To Net: NetName=NetU35_12 Pin=U37-6
Added Pin To Net: NetName=NetU35_12 Pin=U41-12
Added Net: Name=NetU35_12
Added Pin To Net: NetName=NetU35_14 Pin=U35-14
Added Pin To Net: NetName=NetU35_14 Pin=U37-5
Added Net: Name=NetU35_14
Added Pin To Net: NetName=NetU37_2 Pin=U37-2
Added Pin To Net: NetName=NetU37_2 Pin=U39-9
Added Net: Name=NetU37_2
Added Pin To Net: NetName=NetU37_9 Pin=U37-9
Added Net: Name=NetU37_9
Added Pin To Net: NetName=NetU37_10 Pin=U37-10
Added Net: Name=NetU37_10
Added Pin To Net: NetName=NetU37_11 Pin=U37-11
Added Net: Name=NetU37_11
Added Pin To Net: NetName=NetU37_25 Pin=U37-25
Added Net: Name=NetU37_25
Added Pin To Net: NetName=NetU37_26 Pin=U37-26
Added Net: Name=NetU37_26
Added Pin To Net: NetName=NetU37_27 Pin=U37-27
Added Net: Name=NetU37_27
Added Pin To Net: NetName=NetU37_28 Pin=U37-28
Added Net: Name=NetU37_28
Added Pin To Net: NetName=PGND Pin=L3-2
Added Pin To Net: NetName=PGND Pin=L4-2
Added Pin To Net: NetName=PGND Pin=L7-2
Added Pin To Net: NetName=PGND Pin=L8-2
Added Pin To Net: NetName=PGND Pin=L11-2
Added Pin To Net: NetName=PGND Pin=L12-2
Added Pin To Net: NetName=PGND Pin=L15-2
Added Pin To Net: NetName=PGND Pin=L16-2
Added Pin To Net: NetName=PGND Pin=L19-2
Added Pin To Net: NetName=PGND Pin=L20-2
Added Pin To Net: NetName=PGND Pin=L21-2
Added Pin To Net: NetName=PGND Pin=L22-2
Added Pin To Net: NetName=PGND Pin=L25-2
Added Pin To Net: NetName=PGND Pin=L26-2
Added Pin To Net: NetName=PGND Pin=L29-2
Added Pin To Net: NetName=PGND Pin=L30-2
Added Pin To Net: NetName=PGND Pin=L37-2
Added Pin To Net: NetName=PGND Pin=L39-2
Added Pin To Net: NetName=PGND Pin=L40-2
Added Pin To Net: NetName=PGND Pin=U34-8
Added Pin To Net: NetName=PGND Pin=U35-8
Added Pin To Net: NetName=PGND Pin=U35-13
Added Pin To Net: NetName=PGND Pin=U37-12
Added Pin To Net: NetName=PGND Pin=U37-23
Added Pin To Net: NetName=PGND Pin=U37-24
Added Pin To Net: NetName=PGND Pin=U39-8
Added Pin To Net: NetName=PGND Pin=U41-8
Added Pin To Net: NetName=PGND Pin=U41-13
Added Net: Name=PGND
Added Class: Name=In_Out
Added Class: Name=Robot_board
Added Room: Name=In_Out
Added Room: Name=Robot_board
