


          SolidWorks Corporation - STEP Processor Error Log
          ______________________________________________________

                       STEP Post Processor
                       ___________________


STEP File Name: D:\Nonline\altium\Robotboard_v0.1\Roborboard_v0.1.step



Error: Entity type not supported.
STEP-in did not complete successfully.
Surfaces successfully processed into a solid body.
STEP-in completed.Surfaces successfully processed into a solid body.
STEP-in completed.Surfaces successfully processed into a solid body.
STEP-in completed.Surfaces successfully processed into a solid body.
STEP-in completed.Surfaces successfully processed into a solid body.
STEP-in completed.Surfaces successfully processed into a solid body.
STEP-in completed.Surfaces successfully processed into a solid body.
STEP-in completed.Surfaces successfully processed into a solid body.
STEP-in completed.Surfaces successfully processed into a solid body.
STEP-in completed.Surfaces successfully processed into a solid body.
STEP-in completed.Surfaces successfully processed into a solid body.
STEP-in completed.Surfaces successfully processed into a solid body.
STEP-in completed.Surfaces successfully processed into a solid body.
STEP-in completed.
Error: Unable to create solid from trimmed surfaces.
STEP-in did not complete successfully.
Surfaces successfully processed into a solid body.
STEP-in completed.Surfaces successfully processed into a solid body.
STEP-in completed.Surfaces successfully processed into a solid body.
STEP-in completed.Surfaces successfully processed into a solid body.
STEP-in completed.Surfaces successfully processed into a solid body.
STEP-in completed.Surfaces successfully processed into a solid body.
STEP-in completed.Surfaces successfully processed into a solid body.
STEP-in completed.Surfaces successfully processed into a solid body.
STEP-in completed.Surfaces successfully processed into a solid body.
STEP-in completed.Surfaces successfully processed into a solid body.
STEP-in completed.Surfaces successfully processed into a solid body.
STEP-in completed.Surfaces successfully processed into a solid body.
STEP-in completed.Surfaces successfully processed into a solid body.
STEP-in completed.Surfaces successfully processed into a solid body.
STEP-in completed.Surfaces successfully processed into a solid body.
STEP-in completed.Surfaces successfully processed into a solid body.
STEP-in completed.Surfaces successfully processed into a solid body.
STEP-in completed.Surfaces successfully processed into a solid body.
STEP-in completed.Surfaces successfully processed into a solid body.
STEP-in completed.Surfaces successfully processed into a solid body.
STEP-in completed.Surfaces successfully processed into a solid body.
STEP-in completed.Surfaces successfully processed into a solid body.
STEP-in completed.Surfaces successfully processed into a solid body.
STEP-in completed.Surfaces successfully processed into a solid body.
STEP-in completed.Surfaces successfully processed into a solid body.
STEP-in completed.Surfaces successfully processed into a solid body.
STEP-in completed.Surfaces successfully processed into a solid body.
STEP-in completed.Surfaces successfully processed into a solid body.
STEP-in completed.Surfaces successfully processed into a solid body.
STEP-in completed.Surfaces successfully processed into a solid body.
STEP-in completed.Surfaces successfully processed into a solid body.
STEP-in completed.Surfaces successfully processed into a solid body.
STEP-in completed.Surfaces successfully processed into a solid body.
STEP-in completed.Surfaces successfully processed into a solid body.
STEP-in completed.WARNING: Surface problem...Trimmed surface constructor could not converge to solution.
WARNING: Surface problem...Trimmed surface constructor could not converge to solution.
WARNING: Surface problem...Trimmed surface constructor could not converge to solution.
WARNING: Surface problem...Trimmed surface constructor could not converge to solution.
Surfaces successfully processed into a solid body.
STEP-in completed.Surfaces successfully processed into a solid body.
STEP-in completed.Surfaces successfully processed into a solid body.
STEP-in completed.Surfaces successfully processed into a solid body.
STEP-in completed.Surfaces successfully processed into a solid body.
STEP-in completed.Surfaces successfully processed into a solid body.
STEP-in completed.Surfaces successfully processed into a solid body.
STEP-in completed.