Removed Pin From Net: NetName=+24VDC Pin=jp3-2
Removed Pin From Net: NetName=DAC_OUT2 Pin=jp3-3
Added Pin To Net: NetName=+24VDC Pin=jp3-3
Added Pin To Net: NetName=DAC_OUT2 Pin=jp3-4
Added Member To Class: ClassName=main_robot_mpu Member=Component C24 0.1uF
Added Member To Class: ClassName=main_robot_mpu Member=Component C25 0.1uF
Added Member To Class: ClassName=main_robot_mpu Member=Component R5 4k7
Added Member To Class: ClassName=main_robot_mpu Member=Component R7 2k
Added Member To Class: ClassName=main_robot_mpu Member=Component R8 2k
Added Member To Class: ClassName=main_robot_mpu Member=Component R9 22
Added Member To Class: ClassName=main_robot_mpu Member=Component R10 22
Added Member To Class: ClassName=main_robot_mpu Member=Component R11 1k
Added Member To Class: ClassName=main_robot_mpu Member=Component R12 1k
Added Member To Class: ClassName=main_robot_mpu Member=Component R14 5.1k
Added Member To Class: ClassName=main_robot_mpu Member=Component R17 2k
Added Member To Class: ClassName=main_robot_mpu Member=Component R18 1k
Added Member To Class: ClassName=main_robot_mpu Member=Component R19 1k
Added Member To Class: ClassName=main_robot_mpu Member=Component R20 ?k
Added Member To Class: ClassName=main_robot_mpu Member=Component R21 1k
Added Member To Class: ClassName=main_robot_mpu Member=Component R23 ?k
Added Room: Name=main_robot_mpu
