Removed Pin From Net: NetName=3.3V Pin=C11-1
Removed Pin From Net: NetName=GND Pin=C11-2
Removed Member From Class: ClassName=main_robot_mpu Member=C21
Change Component Designator: OldDesignator=C12 NewDesignator=C11
Change Component Designator: OldDesignator=C13 NewDesignator=C12
Change Component Designator: OldDesignator=C14 NewDesignator=C13
Change Component Designator: OldDesignator=C15 NewDesignator=C14
Change Component Designator: OldDesignator=C16 NewDesignator=C15
Change Component Designator: OldDesignator=C17 NewDesignator=C16
Change Component Designator: OldDesignator=C18 NewDesignator=C17
Change Component Designator: OldDesignator=C19 NewDesignator=C18
Change Component Designator: OldDesignator=C20 NewDesignator=C19
Change Component Designator: OldDesignator=C21 NewDesignator=C20
Change Component Designator: OldDesignator=R3 NewDesignator=R5
Change Component Designator: OldDesignator=R4 NewDesignator=R6
Change Component Designator: OldDesignator=R5 NewDesignator=R7
Change Component Designator: OldDesignator=R6 NewDesignator=R8
Change Component Designator: OldDesignator=R7 NewDesignator=R9
Change Component Designator: OldDesignator=R8 NewDesignator=R10
Change Component Designator: OldDesignator=R9 NewDesignator=R11
Change Component Designator: OldDesignator=R10 NewDesignator=R12
Added Component: Designator=R3(RES_SMD0603)
Added Component: Designator=R4(RES_SMD0603)
Added Pin To Net: NetName=3.3V Pin=R3-1
Added Pin To Net: NetName=I2C3_SCL Pin=R3-2
Added Pin To Net: NetName=3.3V Pin=R4-1
Added Pin To Net: NetName=I2C3_SDA Pin=R4-2
Change Net Name : Old Net Name=NetC15_1 New Net Name=NetC14_1
Change Net Name : Old Net Name=NetC18_2 New Net Name=NetC17_2
Change Net Name : Old Net Name=NetR4_2 New Net Name=NetR6_2
Change Net Name : Old Net Name=NetR5_2 New Net Name=NetR7_2
Added Member To Class: ClassName=main_robot_mpu Member=Component R11 1k
Added Member To Class: ClassName=main_robot_mpu Member=Component R12 120R
Added Room: Name=main_robot_mpu
