Removed Pin From Net: NetName=3.3V Pin=U4-1
Removed Pin From Net: NetName=NetC4_2 Pin=U4-2
Removed Pin From Net: NetName=NetC3_2 Pin=U4-3
Removed Pin From Net: NetName=NetC2_2 Pin=U4-5
Removed Pin From Net: NetName=BOOT0 Pin=U4-7
Removed Pin From Net: NetName=NetC9_2 Pin=U4-13
Removed Pin From Net: NetName=I2C3_SCL Pin=U4-23
Removed Pin From Net: NetName=GND Pin=U4-27
Removed Pin From Net: NetName=NetC10_2 Pin=U4-31
Removed Pin From Net: NetName=NetR1_2 Pin=U4-36
Removed Pin From Net: NetName=I2C3_SDA Pin=U4-39
Removed Pin From Net: NetName=3.3V Pin=U4-41
Removed Pin From Net: NetName=D- Pin=U4-43
Removed Pin From Net: NetName=D+ Pin=U4-44
Removed Pin From Net: NetName=SWDIO Pin=U4-45
Removed Pin From Net: NetName=SWCLK Pin=U4-46
Removed Pin From Net: NetName=RESET Pin=U4-47
Removed Pin From Net: NetName=NetC17_2 Pin=U4-50
Removed Pin From Net: NetName=GND Pin=U4-54
Added Pin To Net: NetName=NetC4_2 Pin=U4-3
Added Pin To Net: NetName=NetC3_2 Pin=U4-4
Added Pin To Net: NetName=NetC17_2 Pin=U4-5
Added Pin To Net: NetName=NetC2_2 Pin=U4-6
Added Pin To Net: NetName=RESET Pin=U4-7
Added Pin To Net: NetName=NetR1_2 Pin=U4-8
Added Pin To Net: NetName=GND Pin=U4-12
Added Pin To Net: NetName=3.3V Pin=U4-13
Added Pin To Net: NetName=GND Pin=U4-28
Added Pin To Net: NetName=NetC9_2 Pin=U4-31
Added Pin To Net: NetName=I2C3_SDA Pin=U4-40
Added Pin To Net: NetName=I2C3_SCL Pin=U4-41
Added Pin To Net: NetName=3.3V Pin=U4-43
Added Pin To Net: NetName=D- Pin=U4-44
Added Pin To Net: NetName=D+ Pin=U4-45
Added Pin To Net: NetName=SWDIO Pin=U4-46
Added Pin To Net: NetName=NetC10_2 Pin=U4-47
Added Pin To Net: NetName=SWCLK Pin=U4-49
Added Pin To Net: NetName=BOOT0 Pin=U4-60
Change Net Name : Old Net Name=DAC_OUT2 New Net Name=DAC_OUT1
Added Pin To Net: NetName=DAC_OUT2 Pin=U4-21
Added Net: Name=DAC_OUT2
