Change Component Designator: OldDesignator=* NewDesignator=*1
Change Component Designator: OldDesignator=AMS? NewDesignator=AMS1
Change Component Designator: OldDesignator=C? NewDesignator=C18
Change Component Designator: OldDesignator=C? NewDesignator=C19
Change Component Designator: OldDesignator=C? NewDesignator=C20
Change Component Designator: OldDesignator=D? NewDesignator=D1
Change Component Designator: OldDesignator=D? NewDesignator=D2
Change Component Designator: OldDesignator=IC? NewDesignator=IC1
Change Component Designator: OldDesignator=J? NewDesignator=J1
Change Component Designator: OldDesignator=J? NewDesignator=J2
Change Component Designator: OldDesignator=L? NewDesignator=L2
Change Component Designator: OldDesignator=L? NewDesignator=L3
Change Component Designator: OldDesignator=pp NewDesignator=pp1
Change Component Designator: OldDesignator=R? NewDesignator=R8
Change Component Designator: OldDesignator=R? NewDesignator=R9
Change Component Designator: OldDesignator=R? NewDesignator=R10
Added Pin To Net: NetName=RX Pin=*1-3
Added Pin To Net: NetName=+5VDC Pin=pp1-18
Change Net Name : Old Net Name=NetL?_1 New Net Name=NetL2_1
Added Pin To Net: NetName=NetL3_1 Pin=L3-1
Added Pin To Net: NetName=NetL3_1 Pin=R9-2
Added Net: Name=NetL3_1
Added Member To Class: ClassName=main_robot_mpu Member=Component C19 0.1uF
Added Member To Class: ClassName=main_robot_mpu Member=Component C20 0.1uF
Added Member To Class: ClassName=main_robot_mpu Member=Component C? 0.1uF
Added Member To Class: ClassName=main_robot_mpu Member=Component D2 SS54
Added Member To Class: ClassName=main_robot_mpu Member=Component J1 QWIIC_RA
Added Member To Class: ClassName=main_robot_mpu Member=Component J? USB_C_2-LAYER_PADS
Added Member To Class: ClassName=main_robot_mpu Member=Component L2 Red
Added Member To Class: ClassName=main_robot_mpu Member=Component R9 1k
Added Member To Class: ClassName=main_robot_mpu Member=Component R10 120R
