Added Component: Designator=AMS1(SOT89)
Added Component: Designator=C1(0603-CAP)
Add component (AddParameter): Name = "DeviceName"; Value = "0603-CAP"; VariantName = "[No Variations]"
Add component (AddParameter): Name = "DeviceSetName"; Value = "CAP"; VariantName = "[No Variations]"
Add component (AddParameter): Name = "GateName_1"; Value = "G$1"; VariantName = "[No Variations]"
Add component (AddParameter): Name = "LibraryName"; Value = "SparkFun"; VariantName = "[No Variations]"
Add component (AddParameter): Name = "SymbolName_1"; Value = "CAP"; VariantName = "[No Variations]"
Added Component: Designator=C2(0603-CAP)
Add component (AddParameter): Name = "DeviceName"; Value = "0603-CAP"; VariantName = "[No Variations]"
Add component (AddParameter): Name = "DeviceSetName"; Value = "CAP"; VariantName = "[No Variations]"
Add component (AddParameter): Name = "GateName_1"; Value = "G$1"; VariantName = "[No Variations]"
Add component (AddParameter): Name = "LibraryName"; Value = "SparkFun"; VariantName = "[No Variations]"
Add component (AddParameter): Name = "SymbolName_1"; Value = "CAP"; VariantName = "[No Variations]"
Added Component: Designator=C3(0603-CAP)
Add component (AddParameter): Name = "DeviceName"; Value = "0603-CAP"; VariantName = "[No Variations]"
Add component (AddParameter): Name = "DeviceSetName"; Value = "CAP"; VariantName = "[No Variations]"
Add component (AddParameter): Name = "GateName_1"; Value = "G$1"; VariantName = "[No Variations]"
Add component (AddParameter): Name = "LibraryName"; Value = "SparkFun"; VariantName = "[No Variations]"
Add component (AddParameter): Name = "SymbolName_1"; Value = "CAP"; VariantName = "[No Variations]"
Added Component: Designator=C4(0603-CAP)
Add component (AddParameter): Name = "DeviceName"; Value = "0603-CAP"; VariantName = "[No Variations]"
Add component (AddParameter): Name = "DeviceSetName"; Value = "CAP"; VariantName = "[No Variations]"
Add component (AddParameter): Name = "GateName_1"; Value = "G$1"; VariantName = "[No Variations]"
Add component (AddParameter): Name = "LibraryName"; Value = "SparkFun"; VariantName = "[No Variations]"
Add component (AddParameter): Name = "SymbolName_1"; Value = "CAP"; VariantName = "[No Variations]"
Added Component: Designator=C5(CAP_SMD_8x10)
Added Component: Designator=C6(CAP_SMD_8x10)
Added Component: Designator=C7(CAP_SMD0603)
Added Component: Designator=C8(CAP_SMD0603)
Added Component: Designator=C9(CAP_SMD0603)
Added Component: Designator=C10(CAP_SMD0603)
Added Component: Designator=C11(CAP_SMD0603)
Added Component: Designator=C12(CAP_SMD0603)
Added Component: Designator=C13(CAP_SMD0603)
Added Component: Designator=C14(CAP_SMD0603)
Added Component: Designator=C15(CAP_SMD0603)
Added Component: Designator=C16(CAP_SMD0603)
Added Component: Designator=C17(CAP_SMD0603)
Added Component: Designator=C18(CAP_SMD0603)
Added Component: Designator=C19(CAP_SMD0603)
Added Component: Designator=C20(CAP_SMD0603)
Added Component: Designator=C21(CAP_SMD0603)
Added Component: Designator=C22(CAP_SMD0603)
Added Component: Designator=C23(0603-CAP)
Add component (AddParameter): Name = "DeviceName"; Value = "0603-CAP"; VariantName = "[No Variations]"
Add component (AddParameter): Name = "DeviceSetName"; Value = "CAP"; VariantName = "[No Variations]"
Add component (AddParameter): Name = "GateName_1"; Value = "G$1"; VariantName = "[No Variations]"
Add component (AddParameter): Name = "LibraryName"; Value = "SparkFun"; VariantName = "[No Variations]"
Add component (AddParameter): Name = "SymbolName_1"; Value = "CAP"; VariantName = "[No Variations]"
Added Component: Designator=C24(0603-CAP)
Add component (AddParameter): Name = "DeviceName"; Value = "0603-CAP"; VariantName = "[No Variations]"
Add component (AddParameter): Name = "DeviceSetName"; Value = "CAP"; VariantName = "[No Variations]"
Add component (AddParameter): Name = "GateName_1"; Value = "G$1"; VariantName = "[No Variations]"
Add component (AddParameter): Name = "LibraryName"; Value = "SparkFun"; VariantName = "[No Variations]"
Add component (AddParameter): Name = "SymbolName_1"; Value = "CAP"; VariantName = "[No Variations]"
Added Component: Designator=C25(CAP_SMD0603)
Added Component: Designator=C26(CAP_SMD0603)
Added Component: Designator=D1(SMB)
Added Component: Designator=D2(SMB)
Added Component: Designator=D3(SMB)
Added Component: Designator=D4(SMB)
Added Component: Designator=F1(1206)
Added Component: Designator=HD1(HED4)
Add component (AddParameter): Name = "Value"; Value = "Header 4"; VariantName = "[No Variations]"
Added Component: Designator=HD2(HED4)
Add component (AddParameter): Name = "Value"; Value = "Header 4"; VariantName = "[No Variations]"
Added Component: Designator=HD3(HED4)
Add component (AddParameter): Name = "Value"; Value = "Header 4"; VariantName = "[No Variations]"
Added Component: Designator=IC1(SO-8)
Added Component: Designator=J1(JST04_1MM_RA)
Add component (AddParameter): Name = "DeviceName"; Value = "JS-1MM"; VariantName = "[No Variations]"
Add component (AddParameter): Name = "DeviceSetName"; Value = "QWIIC_CONNECTOR"; VariantName = "[No Variations]"
Add component (AddParameter): Name = "GateName_1"; Value = "G$1"; VariantName = "[No Variations]"
Add component (AddParameter): Name = "LibraryName"; Value = "SparkFun-Connectors"; VariantName = "[No Variations]"
Add component (AddParameter): Name = "PROD_ID"; Value = "CONN-13694"; VariantName = "[No Variations]"
Add component (AddParameter): Name = "SymbolName_1"; Value = "I2C_STANDARD"; VariantName = "[No Variations]"
Added Component: Designator=J2(JST04_1MM_RA)
Add component (AddParameter): Name = "DeviceName"; Value = "JS-1MM"; VariantName = "[No Variations]"
Add component (AddParameter): Name = "DeviceSetName"; Value = "QWIIC_CONNECTOR"; VariantName = "[No Variations]"
Add component (AddParameter): Name = "GateName_1"; Value = "G$1"; VariantName = "[No Variations]"
Add component (AddParameter): Name = "LibraryName"; Value = "SparkFun-Connectors"; VariantName = "[No Variations]"
Add component (AddParameter): Name = "PROD_ID"; Value = "CONN-13694"; VariantName = "[No Variations]"
Add component (AddParameter): Name = "SymbolName_1"; Value = "I2C_STANDARD"; VariantName = "[No Variations]"
Added Component: Designator=J?(USB-C-16P-2LAYER-PADS)
Add component (AddParameter): Name = "DeviceName"; Value = "_2-LAYER_PADS"; VariantName = "[No Variations]"
Add component (AddParameter): Name = "DeviceSetName"; Value = "USB_C"; VariantName = "[No Variations]"
Add component (AddParameter): Name = "GateName_1"; Value = "J1"; VariantName = "[No Variations]"
Add component (AddParameter): Name = "LibraryName"; Value = "SparkFun-Connectors"; VariantName = "[No Variations]"
Add component (AddParameter): Name = "PROD_ID"; Value = "CONN-14122"; VariantName = "[No Variations]"
Add component (AddParameter): Name = "SymbolName_1"; Value = "USB-C-MINIMUM"; VariantName = "[No Variations]"
Add component (AddParameter): Name = "USB-C"; Value = "USB-C"; VariantName = "[No Variations]"
Added Component: Designator=JP1(Jump_7p)
Added Component: Designator=L1(Inductor_47uH_6A)
Added Component: Designator=L2(LED_GREEN_3MM)
Added Component: Designator=L3(LED_GREEN_3MM)
Added Component: Designator=L4(LED_GREEN_3MM)
Added Component: Designator=R1(RES_SMD0603)
Added Component: Designator=R2(0603-RES)
Add component (AddParameter): Name = "DeviceName"; Value = "0603-RES"; VariantName = "[No Variations]"
Add component (AddParameter): Name = "DeviceSetName"; Value = "RESISTOR"; VariantName = "[No Variations]"
Add component (AddParameter): Name = "GateName_1"; Value = "G$1"; VariantName = "[No Variations]"
Add component (AddParameter): Name = "LibraryName"; Value = "SparkFun"; VariantName = "[No Variations]"
Add component (AddParameter): Name = "SymbolName_1"; Value = "RESISTOR"; VariantName = "[No Variations]"
Added Component: Designator=R3(RES_SMD0603)
Added Component: Designator=R4(RES_SMD0603)
Added Component: Designator=R5(RES_SMD0603)
Added Component: Designator=R6(RES_SMD0603)
Added Component: Designator=R7(RES_SMD0603)
Added Component: Designator=R8(RES_SMD0603)
Added Component: Designator=R9(RES_SMD0603)
Added Component: Designator=R10(RES_SMD0603)
Added Component: Designator=R11(0603-RES)
Add component (AddParameter): Name = "DeviceName"; Value = "0603-RES"; VariantName = "[No Variations]"
Add component (AddParameter): Name = "DeviceSetName"; Value = "RESISTOR"; VariantName = "[No Variations]"
Add component (AddParameter): Name = "GateName_1"; Value = "G$1"; VariantName = "[No Variations]"
Add component (AddParameter): Name = "LibraryName"; Value = "SparkFun"; VariantName = "[No Variations]"
Add component (AddParameter): Name = "SymbolName_1"; Value = "RESISTOR"; VariantName = "[No Variations]"
Added Component: Designator=R12(0603-RES)
Add component (AddParameter): Name = "DeviceName"; Value = "0603-RES"; VariantName = "[No Variations]"
Add component (AddParameter): Name = "DeviceSetName"; Value = "RESISTOR"; VariantName = "[No Variations]"
Add component (AddParameter): Name = "GateName_1"; Value = "G$1"; VariantName = "[No Variations]"
Add component (AddParameter): Name = "LibraryName"; Value = "SparkFun"; VariantName = "[No Variations]"
Add component (AddParameter): Name = "SymbolName_1"; Value = "RESISTOR"; VariantName = "[No Variations]"
Added Component: Designator=R13(0603-RES)
Add component (AddParameter): Name = "DeviceName"; Value = "0603-RES"; VariantName = "[No Variations]"
Add component (AddParameter): Name = "DeviceSetName"; Value = "RESISTOR"; VariantName = "[No Variations]"
Add component (AddParameter): Name = "GateName_1"; Value = "G$1"; VariantName = "[No Variations]"
Add component (AddParameter): Name = "LibraryName"; Value = "SparkFun"; VariantName = "[No Variations]"
Add component (AddParameter): Name = "SymbolName_1"; Value = "RESISTOR"; VariantName = "[No Variations]"
Added Component: Designator=R14(0603-RES)
Add component (AddParameter): Name = "DeviceName"; Value = "0603-RES"; VariantName = "[No Variations]"
Add component (AddParameter): Name = "DeviceSetName"; Value = "RESISTOR"; VariantName = "[No Variations]"
Add component (AddParameter): Name = "GateName_1"; Value = "G$1"; VariantName = "[No Variations]"
Add component (AddParameter): Name = "LibraryName"; Value = "SparkFun"; VariantName = "[No Variations]"
Add component (AddParameter): Name = "SymbolName_1"; Value = "RESISTOR"; VariantName = "[No Variations]"
Added Component: Designator=R15(0603-RES)
Add component (AddParameter): Name = "DeviceName"; Value = "0603-RES"; VariantName = "[No Variations]"
Add component (AddParameter): Name = "DeviceSetName"; Value = "RESISTOR"; VariantName = "[No Variations]"
Add component (AddParameter): Name = "GateName_1"; Value = "G$1"; VariantName = "[No Variations]"
Add component (AddParameter): Name = "LibraryName"; Value = "SparkFun"; VariantName = "[No Variations]"
Add component (AddParameter): Name = "SymbolName_1"; Value = "RESISTOR"; VariantName = "[No Variations]"
Added Component: Designator=R16(RES_SMD0603)
Added Component: Designator=S?(SW_PTS636_SM43J_SMTR_LFS)
Add component (AddParameter): Name = "DeviceName"; Value = "-SMD-4.6X2.8MM"; VariantName = "[No Variations]"
Add component (AddParameter): Name = "DeviceSetName"; Value = "MOMENTARY-SWITCH-SPST"; VariantName = "[No Variations]"
Add component (AddParameter): Name = "GateName_1"; Value = "G$1"; VariantName = "[No Variations]"
Add component (AddParameter): Name = "LibraryName"; Value = "SparkFun-Switches"; VariantName = "[No Variations]"
Add component (AddParameter): Name = "PROD_ID"; Value = "SWCH-13065"; VariantName = "[No Variations]"
Add component (AddParameter): Name = "SymbolName_1"; Value = "SWITCH-MOMENTARY-2"; VariantName = "[No Variations]"
Added Component: Designator=U1(TO-263-5)
Added Component: Designator=U2(QFN-24)
Add component (AddParameter): Name = "DeviceName"; Value = ""; VariantName = "[No Variations]"
Add component (AddParameter): Name = "DeviceSetName"; Value = "MPU-9250"; VariantName = "[No Variations]"
Add component (AddParameter): Name = "GateName_1"; Value = "G$1"; VariantName = "[No Variations]"
Add component (AddParameter): Name = "LibraryName"; Value = "9dof-devboard-temp"; VariantName = "[No Variations]"
Add component (AddParameter): Name = "PROD_ID"; Value = "IC-13192"; VariantName = "[No Variations]"
Add component (AddParameter): Name = "SymbolName_1"; Value = "MPU-9250"; VariantName = "[No Variations]"
Added Component: Designator=U4(TQFP64)
Add component (AddParameter): Name = "DeviceName"; Value = ""; VariantName = "[No Variations]"
Add component (AddParameter): Name = "DeviceSetName"; Value = "STM32F405RG"; VariantName = "[No Variations]"
Add component (AddParameter): Name = "GateName_1"; Value = "G$1"; VariantName = "[No Variations]"
Add component (AddParameter): Name = "LibraryName"; Value = "STM32_Temp"; VariantName = "[No Variations]"
Add component (AddParameter): Name = "PROD_ID"; Value = "IC-11709"; VariantName = "[No Variations]"
Add component (AddParameter): Name = "SymbolName_1"; Value = "STM32F405RG"; VariantName = "[No Variations]"
Added Component: Designator=Y2(CRYSTAL-SMD-5X3.2-4PAD)
Add component (AddParameter): Name = "1"; Value = "1"; VariantName = "[No Variations]"
Add component (AddParameter): Name = "2"; Value = "2"; VariantName = "[No Variations]"
Add component (AddParameter): Name = "DeviceName"; Value = """; VariantName = "[No Variations]"
Add component (AddParameter): Name = "DeviceSetName"; Value = "CRYSTAL-12MHZ"; VariantName = "[No Variations]"
Add component (AddParameter): Name = "GateName_1"; Value = "G$1"; VariantName = "[No Variations]"
Add component (AddParameter): Name = "LibraryName"; Value = "SparkFun-Clocks"; VariantName = "[No Variations]"
Add component (AddParameter): Name = "PROD_ID"; Value = "XTAL-08297"; VariantName = "[No Variations]"
Add component (AddParameter): Name = "SymbolName_1"; Value = "CRYSTAL"; VariantName = "[No Variations]"
Added Component: Designator=Y3(CRYSTAL-SMD-3.2X1.5MM)
Add component (AddParameter): Name = "1"; Value = "1"; VariantName = "[No Variations]"
Add component (AddParameter): Name = "2"; Value = "2"; VariantName = "[No Variations]"
Add component (AddParameter): Name = "DeviceName"; Value = """; VariantName = "[No Variations]"
Add component (AddParameter): Name = "DeviceSetName"; Value = "CRYSTAL-12MHZ"; VariantName = "[No Variations]"
Add component (AddParameter): Name = "GateName_1"; Value = "G$1"; VariantName = "[No Variations]"
Add component (AddParameter): Name = "LibraryName"; Value = "SparkFun-Clocks"; VariantName = "[No Variations]"
Add component (AddParameter): Name = "PROD_ID"; Value = "XTAL-08297"; VariantName = "[No Variations]"
Add component (AddParameter): Name = "SymbolName_1"; Value = "CRYSTAL"; VariantName = "[No Variations]"
Added Pin To Net: NetName=+5VDC Pin=C6-1
Added Pin To Net: NetName=+5VDC Pin=C13-1
Added Pin To Net: NetName=+5VDC Pin=C14-1
Added Pin To Net: NetName=+5VDC Pin=D3-1
Added Pin To Net: NetName=+5VDC Pin=L1-2
Added Pin To Net: NetName=+5VDC Pin=R1-1
Added Net: Name=+5VDC
Added Pin To Net: NetName=+5V Pin=J1-1
Added Pin To Net: NetName=+5V Pin=J2-1
Added Net: Name=+5V
Added Pin To Net: NetName=+24-1VDC Pin=D1-1
Added Net: Name=+24-1VDC
Added Pin To Net: NetName=+24VDC Pin=C5-1
Added Pin To Net: NetName=+24VDC Pin=C11-1
Added Pin To Net: NetName=+24VDC Pin=C12-1
Added Pin To Net: NetName=+24VDC Pin=F1-2
Added Pin To Net: NetName=+24VDC Pin=U1-5
Added Net: Name=+24VDC
Added Pin To Net: NetName=3.3V Pin=AMS1-2
Added Pin To Net: NetName=3.3V Pin=AMS1-2
Added Pin To Net: NetName=3.3V Pin=C7-2
Added Pin To Net: NetName=3.3V Pin=C8-2
Added Pin To Net: NetName=3.3V Pin=C9-2
Added Pin To Net: NetName=3.3V Pin=C10-2
Added Pin To Net: NetName=3.3V Pin=C17-2
Added Pin To Net: NetName=3.3V Pin=C18-2
Added Pin To Net: NetName=3.3V Pin=C19-2
Added Pin To Net: NetName=3.3V Pin=C21-2
Added Pin To Net: NetName=3.3V Pin=C25-1
Added Pin To Net: NetName=3.3V Pin=C26-1
Added Pin To Net: NetName=3.3V Pin=JP1-7
Added Pin To Net: NetName=3.3V Pin=R4-1
Added Pin To Net: NetName=3.3V Pin=R6-1
Added Pin To Net: NetName=3.3V Pin=U2-1
Added Pin To Net: NetName=3.3V Pin=U2-8
Added Pin To Net: NetName=3.3V Pin=U2-13
Added Pin To Net: NetName=3.3V Pin=U2-22
Added Pin To Net: NetName=3.3V Pin=U4-13
Added Pin To Net: NetName=3.3V Pin=U4-19
Added Pin To Net: NetName=3.3V Pin=U4-32
Added Pin To Net: NetName=3.3V Pin=U4-42
Added Pin To Net: NetName=3.3V Pin=U4-43
Added Pin To Net: NetName=3.3V Pin=U4-48
Added Pin To Net: NetName=3.3V Pin=U4-64
Added Net: Name=3.3V
Added Pin To Net: NetName=DE Pin=IC1-3
Added Pin To Net: NetName=DE Pin=R12-1
Added Net: Name=DE
Added Pin To Net: NetName=GND Pin=AMS1-1
Added Pin To Net: NetName=GND Pin=C1-2
Added Pin To Net: NetName=GND Pin=C2-1
Added Pin To Net: NetName=GND Pin=C3-1
Added Pin To Net: NetName=GND Pin=C4-1
Added Pin To Net: NetName=GND Pin=C5-2
Added Pin To Net: NetName=GND Pin=C6-2
Added Pin To Net: NetName=GND Pin=C7-1
Added Pin To Net: NetName=GND Pin=C8-1
Added Pin To Net: NetName=GND Pin=C9-1
Added Pin To Net: NetName=GND Pin=C10-1
Added Pin To Net: NetName=GND Pin=C11-2
Added Pin To Net: NetName=GND Pin=C13-2
Added Pin To Net: NetName=GND Pin=C15-1
Added Pin To Net: NetName=GND Pin=C16-1
Added Pin To Net: NetName=GND Pin=C17-1
Added Pin To Net: NetName=GND Pin=C18-1
Added Pin To Net: NetName=GND Pin=C19-1
Added Pin To Net: NetName=GND Pin=C20-1
Added Pin To Net: NetName=GND Pin=C21-1
Added Pin To Net: NetName=GND Pin=C22-1
Added Pin To Net: NetName=GND Pin=C23-1
Added Pin To Net: NetName=GND Pin=C24-1
Added Pin To Net: NetName=GND Pin=C25-2
Added Pin To Net: NetName=GND Pin=C26-2
Added Pin To Net: NetName=GND Pin=D2-1
Added Pin To Net: NetName=GND Pin=HD1-1
Added Pin To Net: NetName=GND Pin=HD1-2
Added Pin To Net: NetName=GND Pin=IC1-5
Added Pin To Net: NetName=GND Pin=J1-2
Added Pin To Net: NetName=GND Pin=J2-2
Added Pin To Net: NetName=GND Pin=JP1-1
Added Pin To Net: NetName=GND Pin=JP1-2
Added Pin To Net: NetName=GND Pin=L2-2
Added Pin To Net: NetName=GND Pin=L3-2
Added Pin To Net: NetName=GND Pin=L4-2
Added Pin To Net: NetName=GND Pin=R2-1
Added Pin To Net: NetName=GND Pin=R3-2
Added Pin To Net: NetName=GND Pin=R9-1
Added Pin To Net: NetName=GND Pin=R10-1
Added Pin To Net: NetName=GND Pin=U1-1
Added Pin To Net: NetName=GND Pin=U2-9
Added Pin To Net: NetName=GND Pin=U2-18
Added Pin To Net: NetName=GND Pin=U2-20
Added Pin To Net: NetName=GND Pin=U4-12
Added Pin To Net: NetName=GND Pin=U4-18
Added Pin To Net: NetName=GND Pin=U4-28
Added Pin To Net: NetName=GND Pin=U4-63
Added Net: Name=GND
Added Pin To Net: NetName=NetC1_1 Pin=C1-1
Added Pin To Net: NetName=NetC1_1 Pin=U2-10
Added Net: Name=NetC1_1
Added Pin To Net: NetName=NetC2_2 Pin=C2-2
Added Pin To Net: NetName=NetC2_2 Pin=U4-6
Added Pin To Net: NetName=NetC2_2 Pin=Y2-3
Added Net: Name=NetC2_2
Added Pin To Net: NetName=NetC3_2 Pin=C3-2
Added Pin To Net: NetName=NetC3_2 Pin=U4-3
Added Net: Name=NetC3_2
Added Pin To Net: NetName=NetC4_2 Pin=C4-2
Added Pin To Net: NetName=NetC4_2 Pin=U4-4
Added Net: Name=NetC4_2
Added Pin To Net: NetName=NetC12_2 Pin=C12-2
Added Pin To Net: NetName=NetC12_2 Pin=U1-4
Added Net: Name=NetC12_2
Added Pin To Net: NetName=NetC14_2 Pin=C14-2
Added Pin To Net: NetName=NetC14_2 Pin=R1-2
Added Pin To Net: NetName=NetC14_2 Pin=R3-1
Added Pin To Net: NetName=NetC14_2 Pin=U1-2
Added Net: Name=NetC14_2
Added Pin To Net: NetName=NetC15_2 Pin=C15-2
Added Pin To Net: NetName=NetC15_2 Pin=U4-31
Added Net: Name=NetC15_2
Added Pin To Net: NetName=NetC16_2 Pin=C16-2
Added Pin To Net: NetName=NetC16_2 Pin=U4-47
Added Net: Name=NetC16_2
Added Pin To Net: NetName=NetC22_2 Pin=C22-2
Added Pin To Net: NetName=NetC22_2 Pin=R6-2
Added Net: Name=NetC22_2
Added Pin To Net: NetName=NetC23_2 Pin=C23-2
Added Pin To Net: NetName=NetC23_2 Pin=U4-5
Added Pin To Net: NetName=NetC23_2 Pin=Y2-1
Added Net: Name=NetC23_2
Added Pin To Net: NetName=NetD1_2 Pin=D1-2
Added Pin To Net: NetName=NetD1_2 Pin=F1-1
Added Net: Name=NetD1_2
Added Pin To Net: NetName=NetD2_2 Pin=D2-2
Added Pin To Net: NetName=NetD2_2 Pin=L1-1
Added Pin To Net: NetName=NetD2_2 Pin=U1-3
Added Pin To Net: NetName=NetD2_2 Pin=U1-3
Added Net: Name=NetD2_2
Added Pin To Net: NetName=NetHD1_3 Pin=HD1-3
Added Pin To Net: NetName=NetHD1_3 Pin=U4-30
Added Net: Name=NetHD1_3
Added Pin To Net: NetName=NetHD1_4 Pin=HD1-4
Added Pin To Net: NetName=NetHD1_4 Pin=U4-29
Added Net: Name=NetHD1_4
Added Pin To Net: NetName=NetHD2_1 Pin=HD2-1
Added Pin To Net: NetName=NetHD2_1 Pin=U4-20
Added Net: Name=NetHD2_1
Added Pin To Net: NetName=NetHD2_2 Pin=HD2-2
Added Pin To Net: NetName=NetHD2_2 Pin=U4-21
Added Net: Name=NetHD2_2
Added Pin To Net: NetName=NetHD2_3 Pin=HD2-3
Added Pin To Net: NetName=NetHD2_3 Pin=U4-22
Added Net: Name=NetHD2_3
Added Pin To Net: NetName=NetHD2_4 Pin=HD2-4
Added Pin To Net: NetName=NetHD2_4 Pin=U4-23
Added Net: Name=NetHD2_4
Added Pin To Net: NetName=NetHD3_1 Pin=HD3-1
Added Pin To Net: NetName=NetHD3_1 Pin=U4-38
Added Net: Name=NetHD3_1
Added Pin To Net: NetName=NetHD3_2 Pin=HD3-2
Added Pin To Net: NetName=NetHD3_2 Pin=U4-37
Added Net: Name=NetHD3_2
Added Pin To Net: NetName=NetHD3_3 Pin=HD3-3
Added Pin To Net: NetName=NetHD3_3 Pin=U4-62
Added Net: Name=NetHD3_3
Added Pin To Net: NetName=NetHD3_4 Pin=HD3-4
Added Pin To Net: NetName=NetHD3_4 Pin=U4-61
Added Net: Name=NetHD3_4
Added Pin To Net: NetName=NetIC1_1 Pin=IC1-1
Added Pin To Net: NetName=NetIC1_1 Pin=R14-1
Added Pin To Net: NetName=NetIC1_1 Pin=U4-17
Added Net: Name=NetIC1_1
Added Pin To Net: NetName=NetIC1_4 Pin=IC1-4
Added Pin To Net: NetName=NetIC1_4 Pin=R11-1
Added Pin To Net: NetName=NetIC1_4 Pin=U4-16
Added Net: Name=NetIC1_4
Added Pin To Net: NetName=NetIC1_6 Pin=IC1-6
Added Pin To Net: NetName=NetIC1_6 Pin=J1-3
Added Pin To Net: NetName=NetIC1_6 Pin=J2-3
Added Pin To Net: NetName=NetIC1_6 Pin=R15-1
Added Net: Name=NetIC1_6
Added Pin To Net: NetName=NetIC1_7 Pin=IC1-7
Added Pin To Net: NetName=NetIC1_7 Pin=J1-4
Added Pin To Net: NetName=NetIC1_7 Pin=J2-4
Added Pin To Net: NetName=NetIC1_7 Pin=R15-2
Added Net: Name=NetIC1_7
Added Pin To Net: NetName=NetJ?_A5 Pin=J?-A5
Added Pin To Net: NetName=NetJ?_A5 Pin=R10-2
Added Net: Name=NetJ?_A5
Added Pin To Net: NetName=NetJ?_A6 B6 Pin=R7-1
Added Net: Name=NetJ?_A6 B6
Added Pin To Net: NetName=NetJ?_A7 B7 Pin=R8-1
Added Net: Name=NetJ?_A7 B7
Added Pin To Net: NetName=NetJ?_B5 Pin=J?-B5
Added Pin To Net: NetName=NetJ?_B5 Pin=R9-2
Added Net: Name=NetJ?_B5
Added Pin To Net: NetName=NetJP1_3 Pin=JP1-3
Added Pin To Net: NetName=NetJP1_3 Pin=R2-2
Added Pin To Net: NetName=NetJP1_3 Pin=U4-60
Added Net: Name=NetJP1_3
Added Pin To Net: NetName=NetJP1_4 Pin=JP1-4
Added Pin To Net: NetName=NetJP1_4 Pin=U4-49
Added Net: Name=NetJP1_4
Added Pin To Net: NetName=NetJP1_5 Pin=JP1-5
Added Pin To Net: NetName=NetJP1_5 Pin=U4-46
Added Net: Name=NetJP1_5
Added Pin To Net: NetName=NetJP1_6 Pin=JP1-6
Added Pin To Net: NetName=NetJP1_6 Pin=U4-7
Added Net: Name=NetJP1_6
Added Pin To Net: NetName=NetL2_1 Pin=L2-1
Added Pin To Net: NetName=NetL2_1 Pin=R5-2
Added Net: Name=NetL2_1
Added Pin To Net: NetName=NetL3_1 Pin=L3-1
Added Pin To Net: NetName=NetL3_1 Pin=R4-2
Added Net: Name=NetL3_1
Added Pin To Net: NetName=NetL4_1 Pin=L4-1
Added Pin To Net: NetName=NetL4_1 Pin=R16-1
Added Net: Name=NetL4_1
Added Pin To Net: NetName=NetR7_2 Pin=R7-2
Added Pin To Net: NetName=NetR7_2 Pin=U4-45
Added Net: Name=NetR7_2
Added Pin To Net: NetName=NetR8_2 Pin=R8-2
Added Pin To Net: NetName=NetR8_2 Pin=U4-44
Added Net: Name=NetR8_2
Added Pin To Net: NetName=NetR16_2 Pin=R16-2
Added Pin To Net: NetName=NetR16_2 Pin=U4-8
Added Net: Name=NetR16_2
Added Pin To Net: NetName=NetU2_11 Pin=U2-11
Added Pin To Net: NetName=NetU2_11 Pin=U4-10
Added Net: Name=NetU2_11
Added Pin To Net: NetName=NetU2_12 Pin=U2-12
Added Pin To Net: NetName=NetU2_12 Pin=U4-9
Added Net: Name=NetU2_12
Added Pin To Net: NetName=NetU2_23 Pin=U2-23
Added Pin To Net: NetName=NetU2_23 Pin=U4-58
Added Net: Name=NetU2_23
Added Pin To Net: NetName=NetU2_24 Pin=U2-24
Added Pin To Net: NetName=NetU2_24 Pin=U4-59
Added Net: Name=NetU2_24
Added Pin To Net: NetName=RE Pin=IC1-2
Added Pin To Net: NetName=RE Pin=R13-1
Added Net: Name=RE
Added Pin To Net: NetName=V_USB Pin=D4-1
Added Net: Name=V_USB
Added Pin To Net: NetName=Vin Pin=AMS1-3
Added Pin To Net: NetName=Vin Pin=C20-2
Added Pin To Net: NetName=Vin Pin=C24-2
Added Pin To Net: NetName=Vin Pin=D3-2
Added Pin To Net: NetName=Vin Pin=D4-2
Added Pin To Net: NetName=Vin Pin=IC1-8
Added Pin To Net: NetName=Vin Pin=R5-1
Added Pin To Net: NetName=Vin Pin=R11-2
Added Pin To Net: NetName=Vin Pin=R12-2
Added Pin To Net: NetName=Vin Pin=R13-2
Added Pin To Net: NetName=Vin Pin=R14-2
Added Net: Name=Vin
Added Class: Name=main_robot_mpu
Added Room: Name=main_robot_mpu
