Removed Pin From Net: NetName=GND Pin=JP1-1
Removed Pin From Net: NetName=DAC_OUT2 Pin=JP1-6
Removed Pin From Net: NetName=DAC_OUT1 Pin=JP1-7
Removed Pin From Net: NetName=+5VDC Pin=JP1-8
Removed Pin From Net: NetName=GND Pin=JP2-1
Removed Pin From Net: NetName=+5VDC Pin=JP2-8
Change Component Footprint: Designator=JP1 Old Footprint=JP8 New Footprint=jumper 12p 2.54mm
Change Component Footprint: Designator=JP2 Old Footprint=JP8 New Footprint=jumper 12p 2.54mm
Change Component Comment : Designator=JP1 Old Comment=2.54_8P New Comment=jumper 12p 2.54mm
Change Component Comment : Designator=JP2 Old Comment=2.54_8P New Comment=jumper 12p 2.54mm
Change Component Designator: OldDesignator=C23 NewDesignator=C21
Change Component Designator: OldDesignator=J4 NewDesignator=J3
Change Component Designator: OldDesignator=J5 NewDesignator=J4
Change component parameters: Designator = "JP1" ("jp1"); Footprint = "JP8"; UniqueID = "\GPJUCCFX" ("\GPJUCCFX")
Change component parameters: Designator = "JP2" ("jp2"); Footprint = "JP8"; UniqueID = "\WOBETUFR" ("\WOBETUFR")
Added Component: Designator=jp3(jumper 12p 2.54mm)
Added Pin To Net: NetName=+5VDC Pin=JP1-1
Added Pin To Net: NetName=GND Pin=JP1-12
Added Pin To Net: NetName=+5VDC Pin=JP2-1
Added Pin To Net: NetName=GND Pin=JP2-12
Added Pin To Net: NetName=+5VDC Pin=jp3-1
Added Pin To Net: NetName=GND Pin=jp3-12
Added Member To Class: ClassName=main_robot_mpu Member=Component jp3 jumper 12p 2.54mm
Added Room: Name=main_robot_mpu
