Change Component Designator: OldDesignator=C18 NewDesignator=C22
Change Component Designator: OldDesignator=C19 NewDesignator=C23
Change Component Designator: OldDesignator=C20 NewDesignator=C24
Change Component Designator: OldDesignator=C21 NewDesignator=C25
Added Component: Designator=C18(CAP_SMD0603)
Added Component: Designator=C19(CAP_SMD0603)
Added Component: Designator=C20(CAP_SMD0603)
Added Component: Designator=C21(CAP_SMD0603)
Added Pin To Net: NetName=GND Pin=C18-1
Added Pin To Net: NetName=ADC1_INT6 Pin=C18-2
Added Pin To Net: NetName=GND Pin=C19-1
Added Pin To Net: NetName=ADC1_INT7 Pin=C19-2
Added Pin To Net: NetName=GND Pin=C20-1
Added Pin To Net: NetName=ADC1_INT14 Pin=C20-2
Added Pin To Net: NetName=GND Pin=C21-1
Added Pin To Net: NetName=ADC1_INT15 Pin=C21-2
Added Member To Class: ClassName=main_robot_mpu Member=Component C22 0.1uF
Added Member To Class: ClassName=main_robot_mpu Member=Component C23 0.1uF
Added Member To Class: ClassName=main_robot_mpu Member=Component C24 0.1uF
Added Member To Class: ClassName=main_robot_mpu Member=Component C25 0.1uF
Added Room: Name=main_robot_mpu
