Removed Pin From Net: NetName=GND Pin=C?-2
Removed Member From Class: ClassName=main_robot_mpu Member=C?
Removed Member From Class: ClassName=main_robot_mpu Member=J5
Change Component Designator: OldDesignator=C15 NewDesignator=C16
Change Component Designator: OldDesignator=C16 NewDesignator=C17
Change Component Designator: OldDesignator=C17 NewDesignator=C18
Change Component Designator: OldDesignator=C18 NewDesignator=C19
Change Component Designator: OldDesignator=C19 NewDesignator=C20
Change Component Designator: OldDesignator=C20 NewDesignator=C21
Change Component Designator: OldDesignator=J2 NewDesignator=J3
Change Component Designator: OldDesignator=J3 NewDesignator=J4
Change Component Designator: OldDesignator=J5 NewDesignator=J2
Added Component: Designator=C15(CAP_SMD0603)
Added Pin To Net: NetName=GND Pin=C15-2
Change Net Name : Old Net Name=NetC17_2 New Net Name=NetC18_2
Added Pin To Net: NetName=NetC15_1 Pin=C15-1
Added Pin To Net: NetName=NetC15_1 Pin=U1-10
Added Net: Name=NetC15_1
Added Member To Class: ClassName=main_robot_mpu Member=Component C21 0.1uF
Added Member To Class: ClassName=main_robot_mpu Member=Component J4 QWIIC_RA
Added Room: Name=main_robot_mpu
