Removed Pin From Net: NetName=ADC1_INT6 Pin=C18-2
Removed Pin From Net: NetName=ADC1_INT7 Pin=C19-2
Removed Pin From Net: NetName=ADC1_INT14 Pin=C20-2
Removed Pin From Net: NetName=ADC1_INT15 Pin=C21-2
Removed Pin From Net: NetName=GND Pin=C22-1
Removed Pin From Net: NetName=DAC_OUT1 Pin=C22-2
Removed Pin From Net: NetName=GND Pin=C23-1
Removed Pin From Net: NetName=DAC_OUT2 Pin=C23-2
Removed Pin From Net: NetName=GPIO_PB11 Pin=jp3-2
Removed Pin From Net: NetName=GPIO_PB10 Pin=jp3-3
Removed Pin From Net: NetName=GPIO_PB0 Pin=jp3-4
Removed Pin From Net: NetName=GPIO_PB1 Pin=jp3-5
Removed Pin From Net: NetName=ADC1_INT15 Pin=jp3-6
Removed Pin From Net: NetName=ADC1_INT14 Pin=jp3-7
Removed Pin From Net: NetName=ADC1_INT7 Pin=jp3-8
Removed Pin From Net: NetName=ADC1_INT6 Pin=jp3-9
Removed Pin From Net: NetName=DAC_OUT2 Pin=jp3-10
Removed Pin From Net: NetName=DAC_OUT1 Pin=jp3-11
Removed Pin From Net: NetName=DAC_OUT1 Pin=U4-20
Removed Pin From Net: NetName=DAC_OUT2 Pin=U4-21
Removed Member From Class: ClassName=main_robot_mpu Member=C26
Change Component Designator: OldDesignator=C18 NewDesignator=C21
Change Component Designator: OldDesignator=C19 NewDesignator=C22
Change Component Designator: OldDesignator=C20 NewDesignator=C24
Change Component Designator: OldDesignator=C21 NewDesignator=C25
Change Component Designator: OldDesignator=C24 NewDesignator=C18
Change Component Designator: OldDesignator=C25 NewDesignator=C19
Change Component Designator: OldDesignator=C26 NewDesignator=C20
Change Component Designator: OldDesignator=C27 NewDesignator=C23
Change Component Designator: OldDesignator=R6 NewDesignator=R8
Change Component Designator: OldDesignator=R7 NewDesignator=R9
Change Component Designator: OldDesignator=R8 NewDesignator=R12
Change Component Designator: OldDesignator=R9 NewDesignator=R13
Change Component Designator: OldDesignator=R10 NewDesignator=R16
Change Component Designator: OldDesignator=R11 NewDesignator=R17
Change Component Designator: OldDesignator=R12 NewDesignator=R18
Change Component Designator: OldDesignator=R13 NewDesignator=R23
Added Component: Designator=*1(SOIC 8)
Added Component: Designator=R6(RES_SMD0603)
Added Component: Designator=R7(RES_SMD0603)
Added Component: Designator=R10(RES_SMD0603)
Added Component: Designator=R11(RES_SMD0603)
Added Component: Designator=R14(RES_SMD0603)
Added Component: Designator=R15(RES_SMD0603)
Added Component: Designator=R19(RES_SMD0603)
Added Component: Designator=R20(RES_SMD0603)
Added Component: Designator=R21(RES_SMD0603)
Added Component: Designator=R22(RES_SMD0603)
Added Component: Designator=R24(RES_SMD0603)
Added Component: Designator=R25(RES_SMD0603)
Added Pin To Net: NetName=DAC_OUT1 Pin=*1-1
Added Pin To Net: NetName=GND Pin=*1-4
Added Pin To Net: NetName=DAC_OUT2 Pin=*1-7
Added Pin To Net: NetName=DAC_OUT1 Pin=jp3-3
Added Pin To Net: NetName=DAC_OUT2 Pin=jp3-4
Added Pin To Net: NetName=DAC_OUT2 Pin=R6-2
Added Pin To Net: NetName=DAC_OUT1 Pin=R7-2
Added Pin To Net: NetName=GND Pin=R10-1
Added Pin To Net: NetName=GND Pin=R11-1
Added Pin To Net: NetName=GND Pin=R19-1
Added Pin To Net: NetName=GND Pin=R20-1
Added Pin To Net: NetName=GND Pin=R24-1
Added Pin To Net: NetName=GND Pin=R25-1
Added Pin To Net: NetName=+24VDC Pin=*1-8
Added Pin To Net: NetName=+24VDC Pin=jp3-2
Added Net: Name=+24VDC
Added Pin To Net: NetName=ADC_in1 Pin=R14-2
Added Net: Name=ADC_in1
Added Pin To Net: NetName=ADC_in2 Pin=R15-2
Added Net: Name=ADC_in2
Added Pin To Net: NetName=ADC_in3 Pin=R22-2
Added Net: Name=ADC_in3
Added Pin To Net: NetName=ADC_in4 Pin=R21-2
Added Net: Name=ADC_in4
Added Pin To Net: NetName=DAC_OUT1_VÐK Pin=*1-3
Added Pin To Net: NetName=DAC_OUT1_VÐK Pin=U4-20
Added Net: Name=DAC_OUT1_VÐK
Added Pin To Net: NetName=DAC_OUT2_VÐK Pin=*1-5
Added Pin To Net: NetName=DAC_OUT2_VÐK Pin=U4-21
Added Net: Name=DAC_OUT2_VÐK
Added Pin To Net: NetName=Net*1_2 Pin=*1-2
Added Pin To Net: NetName=Net*1_2 Pin=R7-1
Added Pin To Net: NetName=Net*1_2 Pin=R10-2
Added Net: Name=Net*1_2
Added Pin To Net: NetName=Net*1_6 Pin=*1-6
Added Pin To Net: NetName=Net*1_6 Pin=R6-1
Added Pin To Net: NetName=Net*1_6 Pin=R11-2
Added Net: Name=Net*1_6
Added Pin To Net: NetName=NetC21_2 Pin=C21-2
Added Pin To Net: NetName=NetC21_2 Pin=R14-1
Added Pin To Net: NetName=NetC21_2 Pin=R19-2
Added Net: Name=NetC21_2
Added Pin To Net: NetName=NetC22_2 Pin=C22-2
Added Pin To Net: NetName=NetC22_2 Pin=R15-1
Added Pin To Net: NetName=NetC22_2 Pin=R20-2
Added Net: Name=NetC22_2
Added Pin To Net: NetName=NetC24_2 Pin=C24-2
Added Pin To Net: NetName=NetC24_2 Pin=R22-1
Added Pin To Net: NetName=NetC24_2 Pin=R24-2
Added Net: Name=NetC24_2
Added Pin To Net: NetName=NetC25_2 Pin=C25-2
Added Pin To Net: NetName=NetC25_2 Pin=R21-1
Added Pin To Net: NetName=NetC25_2 Pin=R25-2
Added Net: Name=NetC25_2
Added Member To Class: ClassName=main_robot_mpu Member=Component *1 LM2904D
Added Member To Class: ClassName=main_robot_mpu Member=Component C22 0.1uF
Added Member To Class: ClassName=main_robot_mpu Member=Component C25 0.1uF
Added Member To Class: ClassName=main_robot_mpu Member=Component R14 2k
Added Member To Class: ClassName=main_robot_mpu Member=Component R15 2k
Added Member To Class: ClassName=main_robot_mpu Member=Component R16 1k
Added Member To Class: ClassName=main_robot_mpu Member=Component R17 1k
Added Member To Class: ClassName=main_robot_mpu Member=Component R18 120R
Added Member To Class: ClassName=main_robot_mpu Member=Component R19 1k
Added Member To Class: ClassName=main_robot_mpu Member=Component R20 1k
Added Member To Class: ClassName=main_robot_mpu Member=Component R21 2k
Added Member To Class: ClassName=main_robot_mpu Member=Component R22 2k
Added Member To Class: ClassName=main_robot_mpu Member=Component R23 120R
Added Member To Class: ClassName=main_robot_mpu Member=Component R24 1k
Added Member To Class: ClassName=main_robot_mpu Member=Component R25 1k
Added Room: Name=main_robot_mpu
