Removed Pin From Net: NetName=GND Pin=J?-GND
Removed Pin From Net: NetName=GND Pin=J?-GND
Removed Pin From Net: NetName=GND Pin=J?-SHLD1
Removed Pin From Net: NetName=V_USB Pin=J?-VBUS1
Removed Member From Class: ClassName=main_robot_mpu Member=J?
Change Component Designator: OldDesignator=J1 NewDesignator=J2
Change Component Designator: OldDesignator=J2 NewDesignator=J3
Change Component Designator: OldDesignator=J3 NewDesignator=J4
Change Component Designator: OldDesignator=J4 NewDesignator=J5
Added Component: Designator=J1(USB-C-16P-2LAYER-PADS)
Add component (AddParameter): Name = "DeviceName"; Value = "_2-LAYER_PADS"; VariantName = "[No Variations]"
Add component (AddParameter): Name = "DeviceSetName"; Value = "USB_C"; VariantName = "[No Variations]"
Add component (AddParameter): Name = "GateName_1"; Value = "J1"; VariantName = "[No Variations]"
Add component (AddParameter): Name = "LibraryName"; Value = "SparkFun-Connectors"; VariantName = "[No Variations]"
Add component (AddParameter): Name = "PROD_ID"; Value = "CONN-14122"; VariantName = "[No Variations]"
Add component (AddParameter): Name = "SymbolName_1"; Value = "USB-C-MINIMUM"; VariantName = "[No Variations]"
Add component (AddParameter): Name = "USB-C"; Value = "USB-C"; VariantName = "[No Variations]"
Added Pin To Net: NetName=GND Pin=J1-GND
Added Pin To Net: NetName=GND Pin=J1-GND
Added Pin To Net: NetName=GND Pin=J1-SHLD1
Added Pin To Net: NetName=V_USB Pin=J1-VBUS1
Added Pin To Net: NetName=NetJ1_A5 Pin=J1-A5
Added Pin To Net: NetName=NetJ1_A5 Pin=R7-2
Added Net: Name=NetJ1_A5
Added Pin To Net: NetName=NetJ1_A6 Pin=J1-A6
Added Pin To Net: NetName=NetJ1_A6 Pin=R4-1
Added Net: Name=NetJ1_A6
Added Pin To Net: NetName=NetJ1_A7 Pin=J1-A7
Added Pin To Net: NetName=NetJ1_A7 Pin=R5-1
Added Net: Name=NetJ1_A7
Added Pin To Net: NetName=NetJ1_B5 Pin=J1-B5
Added Pin To Net: NetName=NetJ1_B5 Pin=R6-2
Added Net: Name=NetJ1_B5
Added Pin To Net: NetName=NetJ1_B6 Pin=J1-B6
Added Pin To Net: NetName=NetJ1_B6 Pin=J1-B7
Added Net: Name=NetJ1_B6
Added Member To Class: ClassName=main_robot_mpu Member=Component J5 QWIIC_RA
