Removed Pin From Net: NetName=A Pin=J5-3
Removed Pin From Net: NetName=B Pin=J5-4
Removed Pin From Net: NetName=INT Pin=U4-9
Removed Pin From Net: NetName=FSYNC Pin=U4-10
Removed Pin From Net: NetName=TX Pin=U4-29
Removed Pin From Net: NetName=RX Pin=U4-30
Added Component: Designator=C21(0603-CAP)
Add component (AddParameter): Name = "DeviceName"; Value = "0603-CAP"; VariantName = "[No Variations]"
Add component (AddParameter): Name = "DeviceSetName"; Value = "CAP"; VariantName = "[No Variations]"
Add component (AddParameter): Name = "GateName_1"; Value = "G$1"; VariantName = "[No Variations]"
Add component (AddParameter): Name = "LibraryName"; Value = "SparkFun"; VariantName = "[No Variations]"
Add component (AddParameter): Name = "SymbolName_1"; Value = "CAP"; VariantName = "[No Variations]"
Added Component: Designator=IC2(SO-8)
Added Component: Designator=R13(0603-RES)
Add component (AddParameter): Name = "DeviceName"; Value = "0603-RES"; VariantName = "[No Variations]"
Add component (AddParameter): Name = "DeviceSetName"; Value = "RESISTOR"; VariantName = "[No Variations]"
Add component (AddParameter): Name = "GateName_1"; Value = "G$1"; VariantName = "[No Variations]"
Add component (AddParameter): Name = "LibraryName"; Value = "SparkFun"; VariantName = "[No Variations]"
Add component (AddParameter): Name = "SymbolName_1"; Value = "RESISTOR"; VariantName = "[No Variations]"
Added Pin To Net: NetName=GND Pin=C21-1
Added Pin To Net: NetName=Vin Pin=C21-2
Added Pin To Net: NetName=GND Pin=IC2-5
Added Pin To Net: NetName=Vin Pin=IC2-8
Change Net Name : Old Net Name=A New Net Name=A_CH2
Change Net Name : Old Net Name=ADC1-IN4 New Net Name=DAC_OUT1
Change Net Name : Old Net Name=ADC1-IN5 New Net Name=DAC_OUT2
Change Net Name : Old Net Name=B New Net Name=B_CH2
Change Net Name : Old Net Name=NetR6_2 New Net Name=D+
Change Net Name : Old Net Name=NetR7_2 New Net Name=D-
Added Pin To Net: NetName=A_CH3 Pin=IC2-6
Added Pin To Net: NetName=A_CH3 Pin=J5-3
Added Pin To Net: NetName=A_CH3 Pin=R13-1
Added Net: Name=A_CH3
Added Pin To Net: NetName=B_CH3 Pin=IC2-7
Added Pin To Net: NetName=B_CH3 Pin=J5-4
Added Pin To Net: NetName=B_CH3 Pin=R13-2
Added Net: Name=B_CH3
Added Pin To Net: NetName=DE_CH2 Pin=IC1-3
Added Net: Name=DE_CH2
Added Pin To Net: NetName=DE_CH3 Pin=IC2-3
Added Net: Name=DE_CH3
Added Pin To Net: NetName=NetJ1_B6 Pin=J1-B6
Added Pin To Net: NetName=NetJ1_B6 Pin=J1-B7
Added Pin To Net: NetName=NetJ1_B6 Pin=J1-SHLD2
Added Pin To Net: NetName=NetJ1_B6 Pin=J1-VBUS2
Added Net: Name=NetJ1_B6
Added Pin To Net: NetName=RE_CH2 Pin=IC1-2
Added Net: Name=RE_CH2
Added Pin To Net: NetName=RE_CH3 Pin=IC2-2
Added Net: Name=RE_CH3
Added Pin To Net: NetName=RX_485_CH2 Pin=IC1-1
Added Net: Name=RX_485_CH2
Added Pin To Net: NetName=RX_485_CH3 Pin=IC2-1
Added Net: Name=RX_485_CH3
Added Pin To Net: NetName=TX_485_CH2 Pin=IC1-4
Added Net: Name=TX_485_CH2
Added Pin To Net: NetName=TX_485_CH3 Pin=IC2-4
Added Net: Name=TX_485_CH3
Added Member To Class: ClassName=main_robot_mpu Member=Component C21 0.1uF
Added Member To Class: ClassName=main_robot_mpu Member=Component IC2 MAX485
Added Member To Class: ClassName=main_robot_mpu Member=Component R13 120R
Added Room: Name=main_robot_mpu
