Change Component Comment : Designator=R2 Old Comment=4k7 New Comment=1k
Change Component Comment : Designator=R5 Old Comment=4k7 New Comment=1k
Change Component Comment : Designator=R6 Old Comment=4k7 New Comment=1k
Change Component Comment : Designator=R9 Old Comment=4k7 New Comment=1k
Change Component Comment : Designator=R10 Old Comment=4k7 New Comment=1k
Change Component Comment : Designator=R13 Old Comment=4k7 New Comment=1k
Change Component Comment : Designator=R14 Old Comment=4k7 New Comment=1k
Change Component Designator: OldDesignator=JP2 NewDesignator=JP6
Change Component Designator: OldDesignator=JP3 NewDesignator=JP2
Change Component Designator: OldDesignator=JP4 NewDesignator=JP7
Change Component Designator: OldDesignator=JP5 NewDesignator=JP3
Change Component Designator: OldDesignator=JP6 NewDesignator=JP9
Change Component Designator: OldDesignator=JP7 NewDesignator=JP4
Change Component Designator: OldDesignator=JP8 NewDesignator=JP12
Change Component Designator: OldDesignator=JP9 NewDesignator=JP5
Change Component Designator: OldDesignator=JP10 NewDesignator=JP15
Change Component Designator: OldDesignator=JP11 NewDesignator=JP8
Change Component Designator: OldDesignator=JP12 NewDesignator=JP10
Change Component Designator: OldDesignator=JP13 NewDesignator=JP11
Change Component Designator: OldDesignator=JP14 NewDesignator=JP13
Change Component Designator: OldDesignator=JP15 NewDesignator=JP14
Change Component Designator: OldDesignator=R1 NewDesignator=R7
Change Component Designator: OldDesignator=U1 NewDesignator=U3
Change Component Designator: OldDesignator=U9 NewDesignator=U17
Added Component: Designator=L1(LED_GREEN_SMD_0603)
Added Component: Designator=L2(LED_GREEN_SMD_0603)
Added Component: Designator=L3(LED_RED_SMD_0603)
Added Component: Designator=L4(LED_RED_SMD_0603)
Added Component: Designator=L5(LED_GREEN_SMD_0603)
Added Component: Designator=L6(LED_GREEN_SMD_0603)
Added Component: Designator=L7(LED_RED_SMD_0603)
Added Component: Designator=L8(LED_RED_SMD_0603)
Added Component: Designator=L9(LED_GREEN_SMD_0603)
Added Component: Designator=L10(LED_GREEN_SMD_0603)
Added Component: Designator=L11(LED_RED_SMD_0603)
Added Component: Designator=L12(LED_RED_SMD_0603)
Added Component: Designator=L13(LED_GREEN_SMD_0603)
Added Component: Designator=L14(LED_GREEN_SMD_0603)
Added Component: Designator=L15(LED_RED_SMD_0603)
Added Component: Designator=L16(LED_RED_SMD_0603)
Added Component: Designator=L17(LED_GREEN_SMD_0603)
Added Component: Designator=L18(LED_GREEN_SMD_0603)
Added Component: Designator=L19(LED_RED_SMD_0603)
Added Component: Designator=L20(LED_RED_SMD_0603)
Added Component: Designator=L21(LED_GREEN_SMD_0603)
Added Component: Designator=L22(LED_GREEN_SMD_0603)
Added Component: Designator=L23(LED_RED_SMD_0603)
Added Component: Designator=L24(LED_RED_SMD_0603)
Added Component: Designator=L25(LED_GREEN_SMD_0603)
Added Component: Designator=L26(LED_GREEN_SMD_0603)
Added Component: Designator=L27(LED_RED_SMD_0603)
Added Component: Designator=L28(LED_RED_SMD_0603)
Added Component: Designator=L29(LED_GREEN_SMD_0603)
Added Component: Designator=L30(LED_GREEN_SMD_0603)
Added Component: Designator=L31(LED_RED_SMD_0603)
Added Component: Designator=L32(LED_RED_SMD_0603)
Added Component: Designator=Q1(SOT89)
Added Component: Designator=Q2(SOT89)
Added Component: Designator=Q3(SOT89)
Added Component: Designator=Q4(SOT89)
Added Component: Designator=Q5(SOT89)
Added Component: Designator=Q6(SOT89)
Added Component: Designator=Q7(SOT89)
Added Component: Designator=Q8(SOT89)
Added Component: Designator=Q9(SOT89)
Added Component: Designator=Q10(SOT89)
Added Component: Designator=Q11(SOT89)
Added Component: Designator=Q12(SOT89)
Added Component: Designator=Q13(SOT89)
Added Component: Designator=Q14(SOT89)
Added Component: Designator=Q15(SOT89)
Added Component: Designator=Q16(SOT89)
Added Component: Designator=R1(RES_SMD0603)
Added Component: Designator=R17(RES_SMD0603)
Added Component: Designator=R18(RES_SMD0603)
Added Component: Designator=R19(RES_SMD0603)
Added Component: Designator=R20(RES_SMD0603)
Added Component: Designator=R21(RES_SMD0603)
Added Component: Designator=R22(RES_SMD0603)
Added Component: Designator=R23(RES_SMD0603)
Added Component: Designator=R24(RES_SMD0603)
Added Component: Designator=R25(RES_SMD0603)
Added Component: Designator=R26(RES_SMD0603)
Added Component: Designator=R27(RES_SMD0603)
Added Component: Designator=R28(RES_SMD0603)
Added Component: Designator=R29(RES_SMD0603)
Added Component: Designator=R30(RES_SMD0603)
Added Component: Designator=R31(RES_SMD0603)
Added Component: Designator=R32(RES_SMD0603)
Added Component: Designator=R33(RES_SMD0603)
Added Component: Designator=R34(RES_SMD0603)
Added Component: Designator=R35(RES_SMD0603)
Added Component: Designator=R36(RES_SMD0603)
Added Component: Designator=R37(RES_SMD0603)
Added Component: Designator=R38(RES_SMD0603)
Added Component: Designator=R39(RES_SMD0603)
Added Component: Designator=R40(RES_SMD0603)
Added Component: Designator=R41(RES_SMD0603)
Added Component: Designator=R42(RES_SMD0603)
Added Component: Designator=R43(RES_SMD0603)
Added Component: Designator=R44(RES_SMD0603)
Added Component: Designator=R45(RES_SMD0603)
Added Component: Designator=R46(RES_SMD0603)
Added Component: Designator=R47(RES_SMD0603)
Added Component: Designator=R48(RES_SMD0603)
Added Component: Designator=R49(RES_SMD0603)
Added Component: Designator=R50(RES_SMD0603)
Added Component: Designator=R51(RES_SMD0603)
Added Component: Designator=R52(RES_SMD0603)
Added Component: Designator=R53(RES_SMD0603)
Added Component: Designator=R54(RES_SMD0603)
Added Component: Designator=R55(RES_SMD0603)
Added Component: Designator=R56(RES_SMD0603)
Added Component: Designator=R57(RES_SMD0603)
Added Component: Designator=R58(RES_SMD0603)
Added Component: Designator=R59(RES_SMD0603)
Added Component: Designator=R60(RES_SMD0603)
Added Component: Designator=R61(RES_SMD0603)
Added Component: Designator=R62(RES_SMD0603)
Added Component: Designator=R63(RES_SMD0603)
Added Component: Designator=R64(RES_SMD0603)
Added Component: Designator=U1(SOP4)
Added Component: Designator=U9(SOP4)
Added Component: Designator=U18(SOP4)
Added Component: Designator=U19(SOP4)
Added Component: Designator=U20(SOP4)
Added Component: Designator=U21(SOP4)
Added Component: Designator=U22(SOP4)
Added Component: Designator=U23(SOP4)
Added Component: Designator=U24(SOP4)
Added Component: Designator=U25(SOP4)
Added Component: Designator=U26(SOP4)
Added Component: Designator=U27(SOP4)
Added Component: Designator=U28(SOP4)
Added Component: Designator=U29(SOP4)
Added Component: Designator=U30(SOP4)
Added Component: Designator=U31(SOP4)
Added Component: Designator=U32(SOP4)
Added Component: Designator=U33(SOP4)
Added Pin To Net: NetName=+24VDC_00 Pin=JP1-4
Added Pin To Net: NetName=+24VDC_00 Pin=JP3-4
Added Pin To Net: NetName=+24VDC_00 Pin=JP6-4
Added Pin To Net: NetName=+24VDC_00 Pin=JP9-4
Added Pin To Net: NetName=+24VDC_00 Pin=R7-1
Added Pin To Net: NetName=+24VDC_00 Pin=R8-1
Added Pin To Net: NetName=+24VDC_00 Pin=R15-1
Added Pin To Net: NetName=+24VDC_00 Pin=R16-1
Added Pin To Net: NetName=+24VDC_00 Pin=R21-1
Added Pin To Net: NetName=+24VDC_00 Pin=R22-1
Added Pin To Net: NetName=+24VDC_00 Pin=R31-1
Added Pin To Net: NetName=+24VDC_00 Pin=R32-1
Added Pin To Net: NetName=+24VDC_00 Pin=R39-1
Added Pin To Net: NetName=+24VDC_00 Pin=R40-1
Added Pin To Net: NetName=+24VDC_00 Pin=R47-1
Added Pin To Net: NetName=+24VDC_00 Pin=R48-1
Added Pin To Net: NetName=+24VDC_00 Pin=R55-1
Added Pin To Net: NetName=+24VDC_00 Pin=R56-1
Added Pin To Net: NetName=+24VDC_00 Pin=R63-1
Added Pin To Net: NetName=+24VDC_00 Pin=R64-1
Added Pin To Net: NetName=+24VDC_00 Pin=U1-4
Added Pin To Net: NetName=+24VDC_00 Pin=U2-4
Added Pin To Net: NetName=+24VDC_00 Pin=U5-4
Added Pin To Net: NetName=+24VDC_00 Pin=U6-4
Added Pin To Net: NetName=+24VDC_00 Pin=U9-4
Added Pin To Net: NetName=+24VDC_00 Pin=U10-4
Added Pin To Net: NetName=+24VDC_00 Pin=U13-4
Added Pin To Net: NetName=+24VDC_00 Pin=U14-4
Added Pin To Net: NetName=+24VDC_00 Pin=U18-4
Added Pin To Net: NetName=+24VDC_00 Pin=U19-4
Added Pin To Net: NetName=+24VDC_00 Pin=U22-4
Added Pin To Net: NetName=+24VDC_00 Pin=U23-4
Added Pin To Net: NetName=+24VDC_00 Pin=U26-4
Added Pin To Net: NetName=+24VDC_00 Pin=U27-4
Added Pin To Net: NetName=+24VDC_00 Pin=U30-4
Added Pin To Net: NetName=+24VDC_00 Pin=U31-4
Added Net: Name=+24VDC_00
Added Pin To Net: NetName=3.3V Pin=R5-1
Added Pin To Net: NetName=3.3V Pin=R6-1
Added Pin To Net: NetName=3.3V Pin=R13-1
Added Pin To Net: NetName=3.3V Pin=R14-1
Added Pin To Net: NetName=3.3V Pin=R19-1
Added Pin To Net: NetName=3.3V Pin=R20-1
Added Pin To Net: NetName=3.3V Pin=R29-1
Added Pin To Net: NetName=3.3V Pin=R30-1
Added Pin To Net: NetName=3.3V Pin=R37-1
Added Pin To Net: NetName=3.3V Pin=R38-1
Added Pin To Net: NetName=3.3V Pin=R45-1
Added Pin To Net: NetName=3.3V Pin=R46-1
Added Pin To Net: NetName=3.3V Pin=R53-1
Added Pin To Net: NetName=3.3V Pin=R54-1
Added Pin To Net: NetName=3.3V Pin=R61-1
Added Pin To Net: NetName=3.3V Pin=R62-1
Added Net: Name=3.3V
Added Pin To Net: NetName=dig_in_01 Pin=JP1-3
Added Pin To Net: NetName=dig_in_01 Pin=U3-2
Added Net: Name=dig_in_01
Added Pin To Net: NetName=dig_in_02 Pin=JP1-2
Added Pin To Net: NetName=dig_in_02 Pin=U7-2
Added Net: Name=dig_in_02
Added Pin To Net: NetName=dig_in_03 Pin=JP1-1
Added Pin To Net: NetName=dig_in_03 Pin=U11-2
Added Net: Name=dig_in_03
Added Pin To Net: NetName=dig_in_04 Pin=JP2-4
Added Pin To Net: NetName=dig_in_04 Pin=U15-2
Added Net: Name=dig_in_04
Added Pin To Net: NetName=dig_in_05 Pin=JP2-3
Added Pin To Net: NetName=dig_in_05 Pin=U20-2
Added Net: Name=dig_in_05
Added Pin To Net: NetName=dig_in_06 Pin=JP2-2
Added Pin To Net: NetName=dig_in_06 Pin=U24-2
Added Net: Name=dig_in_06
Added Pin To Net: NetName=dig_in_07 Pin=JP2-1
Added Pin To Net: NetName=dig_in_07 Pin=U28-2
Added Net: Name=dig_in_07
Added Pin To Net: NetName=dig_in_08 Pin=JP3-3
Added Pin To Net: NetName=dig_in_08 Pin=U32-2
Added Net: Name=dig_in_08
Added Pin To Net: NetName=dig_in_09 Pin=JP3-2
Added Pin To Net: NetName=dig_in_09 Pin=U4-2
Added Net: Name=dig_in_09
Added Pin To Net: NetName=dig_in_10 Pin=JP3-1
Added Pin To Net: NetName=dig_in_10 Pin=U8-2
Added Net: Name=dig_in_10
Added Pin To Net: NetName=dig_in_11 Pin=JP4-4
Added Pin To Net: NetName=dig_in_11 Pin=U12-2
Added Net: Name=dig_in_11
Added Pin To Net: NetName=dig_in_12 Pin=JP4-3
Added Pin To Net: NetName=dig_in_12 Pin=U16-2
Added Net: Name=dig_in_12
Added Pin To Net: NetName=dig_in_13 Pin=JP4-2
Added Pin To Net: NetName=dig_in_13 Pin=U21-2
Added Net: Name=dig_in_13
Added Pin To Net: NetName=dig_in_14 Pin=JP5-4
Added Pin To Net: NetName=dig_in_14 Pin=U25-2
Added Net: Name=dig_in_14
Added Pin To Net: NetName=dig_in_15 Pin=JP5-3
Added Pin To Net: NetName=dig_in_15 Pin=U29-2
Added Net: Name=dig_in_15
Added Pin To Net: NetName=dig_in_16 Pin=JP5-2
Added Pin To Net: NetName=dig_in_16 Pin=U33-2
Added Net: Name=dig_in_16
Added Pin To Net: NetName=dig_out_01 Pin=JP6-3
Added Pin To Net: NetName=dig_out_01 Pin=Q1-2
Added Pin To Net: NetName=dig_out_01 Pin=Q1-2
Added Net: Name=dig_out_01
Added Pin To Net: NetName=dig_out_02 Pin=JP6-2
Added Pin To Net: NetName=dig_out_02 Pin=Q3-2
Added Pin To Net: NetName=dig_out_02 Pin=Q3-2
Added Net: Name=dig_out_02
Added Pin To Net: NetName=dig_out_03 Pin=JP6-1
Added Pin To Net: NetName=dig_out_03 Pin=Q5-2
Added Pin To Net: NetName=dig_out_03 Pin=Q5-2
Added Net: Name=dig_out_03
Added Pin To Net: NetName=dig_out_04 Pin=JP7-4
Added Pin To Net: NetName=dig_out_04 Pin=Q7-2
Added Pin To Net: NetName=dig_out_04 Pin=Q7-2
Added Net: Name=dig_out_04
Added Pin To Net: NetName=dig_out_05 Pin=JP7-3
Added Pin To Net: NetName=dig_out_05 Pin=Q9-2
Added Pin To Net: NetName=dig_out_05 Pin=Q9-2
Added Net: Name=dig_out_05
Added Pin To Net: NetName=dig_out_06 Pin=JP7-2
Added Pin To Net: NetName=dig_out_06 Pin=Q11-2
Added Pin To Net: NetName=dig_out_06 Pin=Q11-2
Added Net: Name=dig_out_06
Added Pin To Net: NetName=dig_out_07 Pin=JP7-1
Added Pin To Net: NetName=dig_out_07 Pin=Q13-2
Added Pin To Net: NetName=dig_out_07 Pin=Q13-2
Added Net: Name=dig_out_07
Added Pin To Net: NetName=dig_out_08 Pin=JP9-3
Added Pin To Net: NetName=dig_out_08 Pin=Q15-2
Added Pin To Net: NetName=dig_out_08 Pin=Q15-2
Added Net: Name=dig_out_08
Added Pin To Net: NetName=dig_out_09 Pin=JP9-2
Added Pin To Net: NetName=dig_out_09 Pin=Q2-2
Added Pin To Net: NetName=dig_out_09 Pin=Q2-2
Added Net: Name=dig_out_09
Added Pin To Net: NetName=dig_out_10 Pin=JP9-1
Added Pin To Net: NetName=dig_out_10 Pin=Q4-2
Added Pin To Net: NetName=dig_out_10 Pin=Q4-2
Added Net: Name=dig_out_10
Added Pin To Net: NetName=dig_out_11 Pin=JP12-4
Added Pin To Net: NetName=dig_out_11 Pin=Q6-2
Added Pin To Net: NetName=dig_out_11 Pin=Q6-2
Added Net: Name=dig_out_11
Added Pin To Net: NetName=dig_out_12 Pin=JP12-3
Added Pin To Net: NetName=dig_out_12 Pin=Q8-2
Added Pin To Net: NetName=dig_out_12 Pin=Q8-2
Added Net: Name=dig_out_12
Added Pin To Net: NetName=dig_out_13 Pin=JP12-2
Added Pin To Net: NetName=dig_out_13 Pin=Q10-2
Added Pin To Net: NetName=dig_out_13 Pin=Q10-2
Added Net: Name=dig_out_13
Added Pin To Net: NetName=dig_out_14 Pin=JP15-4
Added Pin To Net: NetName=dig_out_14 Pin=Q12-2
Added Pin To Net: NetName=dig_out_14 Pin=Q12-2
Added Net: Name=dig_out_14
Added Pin To Net: NetName=dig_out_15 Pin=JP15-3
Added Pin To Net: NetName=dig_out_15 Pin=Q14-2
Added Pin To Net: NetName=dig_out_15 Pin=Q14-2
Added Net: Name=dig_out_15
Added Pin To Net: NetName=dig_out_16 Pin=JP15-2
Added Pin To Net: NetName=dig_out_16 Pin=Q16-2
Added Pin To Net: NetName=dig_out_16 Pin=Q16-2
Added Net: Name=dig_out_16
Added Pin To Net: NetName=Din_01 Pin=R5-2
Added Pin To Net: NetName=Din_01 Pin=U3-4
Added Net: Name=Din_01
Added Pin To Net: NetName=Din_02 Pin=R13-2
Added Pin To Net: NetName=Din_02 Pin=U7-4
Added Net: Name=Din_02
Added Pin To Net: NetName=Din_03 Pin=R19-2
Added Pin To Net: NetName=Din_03 Pin=U11-4
Added Net: Name=Din_03
Added Pin To Net: NetName=Din_04 Pin=R29-2
Added Pin To Net: NetName=Din_04 Pin=U15-4
Added Net: Name=Din_04
Added Pin To Net: NetName=Din_05 Pin=R37-2
Added Pin To Net: NetName=Din_05 Pin=U20-4
Added Net: Name=Din_05
Added Pin To Net: NetName=Din_06 Pin=R45-2
Added Pin To Net: NetName=Din_06 Pin=U24-4
Added Net: Name=Din_06
Added Pin To Net: NetName=Din_07 Pin=R53-2
Added Pin To Net: NetName=Din_07 Pin=U28-4
Added Net: Name=Din_07
Added Pin To Net: NetName=Din_08 Pin=R61-2
Added Pin To Net: NetName=Din_08 Pin=U32-4
Added Net: Name=Din_08
Added Pin To Net: NetName=Din_09 Pin=R6-2
Added Pin To Net: NetName=Din_09 Pin=U4-4
Added Net: Name=Din_09
Added Pin To Net: NetName=Din_10 Pin=R14-2
Added Pin To Net: NetName=Din_10 Pin=U8-4
Added Net: Name=Din_10
Added Pin To Net: NetName=Din_11 Pin=R20-2
Added Pin To Net: NetName=Din_11 Pin=U12-4
Added Net: Name=Din_11
Added Pin To Net: NetName=Din_12 Pin=R30-2
Added Pin To Net: NetName=Din_12 Pin=U16-4
Added Net: Name=Din_12
Added Pin To Net: NetName=Din_13 Pin=R38-2
Added Pin To Net: NetName=Din_13 Pin=U21-4
Added Net: Name=Din_13
Added Pin To Net: NetName=Din_14 Pin=R46-2
Added Pin To Net: NetName=Din_14 Pin=U25-4
Added Net: Name=Din_14
Added Pin To Net: NetName=Din_15 Pin=R54-2
Added Pin To Net: NetName=Din_15 Pin=U29-4
Added Net: Name=Din_15
Added Pin To Net: NetName=Din_16 Pin=R62-2
Added Pin To Net: NetName=Din_16 Pin=U33-4
Added Net: Name=Din_16
Added Pin To Net: NetName=Dout_01 Pin=R1-2
Added Net: Name=Dout_01
Added Pin To Net: NetName=Dout_02 Pin=R9-2
Added Net: Name=Dout_02
Added Pin To Net: NetName=Dout_03 Pin=R17-2
Added Net: Name=Dout_03
Added Pin To Net: NetName=Dout_04 Pin=R25-2
Added Net: Name=Dout_04
Added Pin To Net: NetName=Dout_05 Pin=R33-2
Added Net: Name=Dout_05
Added Pin To Net: NetName=Dout_06 Pin=R41-2
Added Net: Name=Dout_06
Added Pin To Net: NetName=Dout_07 Pin=R49-2
Added Net: Name=Dout_07
Added Pin To Net: NetName=Dout_08 Pin=R57-2
Added Net: Name=Dout_08
Added Pin To Net: NetName=Dout_09 Pin=R2-2
Added Net: Name=Dout_09
Added Pin To Net: NetName=Dout_10 Pin=R10-2
Added Net: Name=Dout_10
Added Pin To Net: NetName=Dout_11 Pin=R18-2
Added Net: Name=Dout_11
Added Pin To Net: NetName=Dout_12 Pin=R26-2
Added Net: Name=Dout_12
Added Pin To Net: NetName=Dout_13 Pin=R34-2
Added Net: Name=Dout_13
Added Pin To Net: NetName=Dout_14 Pin=R42-2
Added Net: Name=Dout_14
Added Pin To Net: NetName=Dout_15 Pin=R50-2
Added Net: Name=Dout_15
Added Pin To Net: NetName=Dout_16 Pin=R58-2
Added Net: Name=Dout_16
Added Pin To Net: NetName=GND Pin=JP4-1
Added Pin To Net: NetName=GND Pin=JP5-1
Added Pin To Net: NetName=GND Pin=JP12-1
Added Pin To Net: NetName=GND Pin=JP15-1
Added Pin To Net: NetName=GND Pin=L3-2
Added Pin To Net: NetName=GND Pin=L4-2
Added Pin To Net: NetName=GND Pin=L7-2
Added Pin To Net: NetName=GND Pin=L8-2
Added Pin To Net: NetName=GND Pin=L11-2
Added Pin To Net: NetName=GND Pin=L12-2
Added Pin To Net: NetName=GND Pin=L15-2
Added Pin To Net: NetName=GND Pin=L16-2
Added Pin To Net: NetName=GND Pin=L19-2
Added Pin To Net: NetName=GND Pin=L20-2
Added Pin To Net: NetName=GND Pin=L23-2
Added Pin To Net: NetName=GND Pin=L24-2
Added Pin To Net: NetName=GND Pin=L27-2
Added Pin To Net: NetName=GND Pin=L28-2
Added Pin To Net: NetName=GND Pin=L31-2
Added Pin To Net: NetName=GND Pin=L32-2
Added Pin To Net: NetName=GND Pin=Q1-3
Added Pin To Net: NetName=GND Pin=Q2-3
Added Pin To Net: NetName=GND Pin=Q3-3
Added Pin To Net: NetName=GND Pin=Q4-3
Added Pin To Net: NetName=GND Pin=Q5-3
Added Pin To Net: NetName=GND Pin=Q6-3
Added Pin To Net: NetName=GND Pin=Q7-3
Added Pin To Net: NetName=GND Pin=Q8-3
Added Pin To Net: NetName=GND Pin=Q9-3
Added Pin To Net: NetName=GND Pin=Q10-3
Added Pin To Net: NetName=GND Pin=Q11-3
Added Pin To Net: NetName=GND Pin=Q12-3
Added Pin To Net: NetName=GND Pin=Q13-3
Added Pin To Net: NetName=GND Pin=Q14-3
Added Pin To Net: NetName=GND Pin=Q15-3
Added Pin To Net: NetName=GND Pin=Q16-3
Added Pin To Net: NetName=GND Pin=U1-2
Added Pin To Net: NetName=GND Pin=U2-2
Added Pin To Net: NetName=GND Pin=U5-2
Added Pin To Net: NetName=GND Pin=U6-2
Added Pin To Net: NetName=GND Pin=U9-2
Added Pin To Net: NetName=GND Pin=U10-2
Added Pin To Net: NetName=GND Pin=U13-2
Added Pin To Net: NetName=GND Pin=U14-2
Added Pin To Net: NetName=GND Pin=U18-2
Added Pin To Net: NetName=GND Pin=U19-2
Added Pin To Net: NetName=GND Pin=U22-2
Added Pin To Net: NetName=GND Pin=U23-2
Added Pin To Net: NetName=GND Pin=U26-2
Added Pin To Net: NetName=GND Pin=U27-2
Added Pin To Net: NetName=GND Pin=U30-2
Added Pin To Net: NetName=GND Pin=U31-2
Added Net: Name=GND
Added Pin To Net: NetName=NetL1_1 Pin=L1-1
Added Pin To Net: NetName=NetL1_1 Pin=R3-1
Added Net: Name=NetL1_1
Added Pin To Net: NetName=NetL1_2 Pin=L1-2
Added Pin To Net: NetName=NetL1_2 Pin=Q1-1
Added Net: Name=NetL1_2
Added Pin To Net: NetName=NetL2_1 Pin=L2-1
Added Pin To Net: NetName=NetL2_1 Pin=R4-1
Added Net: Name=NetL2_1
Added Pin To Net: NetName=NetL2_2 Pin=L2-2
Added Pin To Net: NetName=NetL2_2 Pin=Q2-1
Added Net: Name=NetL2_2
Added Pin To Net: NetName=NetL3_1 Pin=L3-1
Added Pin To Net: NetName=NetL3_1 Pin=U3-3
Added Net: Name=NetL3_1
Added Pin To Net: NetName=NetL4_1 Pin=L4-1
Added Pin To Net: NetName=NetL4_1 Pin=U4-3
Added Net: Name=NetL4_1
Added Pin To Net: NetName=NetL5_1 Pin=L5-1
Added Pin To Net: NetName=NetL5_1 Pin=R11-1
Added Net: Name=NetL5_1
Added Pin To Net: NetName=NetL5_2 Pin=L5-2
Added Pin To Net: NetName=NetL5_2 Pin=Q3-1
Added Net: Name=NetL5_2
Added Pin To Net: NetName=NetL6_1 Pin=L6-1
Added Pin To Net: NetName=NetL6_1 Pin=R12-1
Added Net: Name=NetL6_1
Added Pin To Net: NetName=NetL6_2 Pin=L6-2
Added Pin To Net: NetName=NetL6_2 Pin=Q4-1
Added Net: Name=NetL6_2
Added Pin To Net: NetName=NetL7_1 Pin=L7-1
Added Pin To Net: NetName=NetL7_1 Pin=U7-3
Added Net: Name=NetL7_1
Added Pin To Net: NetName=NetL8_1 Pin=L8-1
Added Pin To Net: NetName=NetL8_1 Pin=U8-3
Added Net: Name=NetL8_1
Added Pin To Net: NetName=NetL9_1 Pin=L9-1
Added Pin To Net: NetName=NetL9_1 Pin=R23-1
Added Net: Name=NetL9_1
Added Pin To Net: NetName=NetL9_2 Pin=L9-2
Added Pin To Net: NetName=NetL9_2 Pin=Q5-1
Added Net: Name=NetL9_2
Added Pin To Net: NetName=NetL10_1 Pin=L10-1
Added Pin To Net: NetName=NetL10_1 Pin=R24-1
Added Net: Name=NetL10_1
Added Pin To Net: NetName=NetL10_2 Pin=L10-2
Added Pin To Net: NetName=NetL10_2 Pin=Q6-1
Added Net: Name=NetL10_2
Added Pin To Net: NetName=NetL11_1 Pin=L11-1
Added Pin To Net: NetName=NetL11_1 Pin=U11-3
Added Net: Name=NetL11_1
Added Pin To Net: NetName=NetL12_1 Pin=L12-1
Added Pin To Net: NetName=NetL12_1 Pin=U12-3
Added Net: Name=NetL12_1
Added Pin To Net: NetName=NetL13_1 Pin=L13-1
Added Pin To Net: NetName=NetL13_1 Pin=R27-1
Added Net: Name=NetL13_1
Added Pin To Net: NetName=NetL13_2 Pin=L13-2
Added Pin To Net: NetName=NetL13_2 Pin=Q7-1
Added Net: Name=NetL13_2
Added Pin To Net: NetName=NetL14_1 Pin=L14-1
Added Pin To Net: NetName=NetL14_1 Pin=R28-1
Added Net: Name=NetL14_1
Added Pin To Net: NetName=NetL14_2 Pin=L14-2
Added Pin To Net: NetName=NetL14_2 Pin=Q8-1
Added Net: Name=NetL14_2
Added Pin To Net: NetName=NetL15_1 Pin=L15-1
Added Pin To Net: NetName=NetL15_1 Pin=U15-3
Added Net: Name=NetL15_1
Added Pin To Net: NetName=NetL16_1 Pin=L16-1
Added Pin To Net: NetName=NetL16_1 Pin=U16-3
Added Net: Name=NetL16_1
Added Pin To Net: NetName=NetL17_1 Pin=L17-1
Added Pin To Net: NetName=NetL17_1 Pin=R35-1
Added Net: Name=NetL17_1
Added Pin To Net: NetName=NetL17_2 Pin=L17-2
Added Pin To Net: NetName=NetL17_2 Pin=Q9-1
Added Net: Name=NetL17_2
Added Pin To Net: NetName=NetL18_1 Pin=L18-1
Added Pin To Net: NetName=NetL18_1 Pin=R36-1
Added Net: Name=NetL18_1
Added Pin To Net: NetName=NetL18_2 Pin=L18-2
Added Pin To Net: NetName=NetL18_2 Pin=Q10-1
Added Net: Name=NetL18_2
Added Pin To Net: NetName=NetL19_1 Pin=L19-1
Added Pin To Net: NetName=NetL19_1 Pin=U20-3
Added Net: Name=NetL19_1
Added Pin To Net: NetName=NetL20_1 Pin=L20-1
Added Pin To Net: NetName=NetL20_1 Pin=U21-3
Added Net: Name=NetL20_1
Added Pin To Net: NetName=NetL21_1 Pin=L21-1
Added Pin To Net: NetName=NetL21_1 Pin=R43-1
Added Net: Name=NetL21_1
Added Pin To Net: NetName=NetL21_2 Pin=L21-2
Added Pin To Net: NetName=NetL21_2 Pin=Q11-1
Added Net: Name=NetL21_2
Added Pin To Net: NetName=NetL22_1 Pin=L22-1
Added Pin To Net: NetName=NetL22_1 Pin=R44-1
Added Net: Name=NetL22_1
Added Pin To Net: NetName=NetL22_2 Pin=L22-2
Added Pin To Net: NetName=NetL22_2 Pin=Q12-1
Added Net: Name=NetL22_2
Added Pin To Net: NetName=NetL23_1 Pin=L23-1
Added Pin To Net: NetName=NetL23_1 Pin=U24-3
Added Net: Name=NetL23_1
Added Pin To Net: NetName=NetL24_1 Pin=L24-1
Added Pin To Net: NetName=NetL24_1 Pin=U25-3
Added Net: Name=NetL24_1
Added Pin To Net: NetName=NetL25_1 Pin=L25-1
Added Pin To Net: NetName=NetL25_1 Pin=R51-1
Added Net: Name=NetL25_1
Added Pin To Net: NetName=NetL25_2 Pin=L25-2
Added Pin To Net: NetName=NetL25_2 Pin=Q13-1
Added Net: Name=NetL25_2
Added Pin To Net: NetName=NetL26_1 Pin=L26-1
Added Pin To Net: NetName=NetL26_1 Pin=R52-1
Added Net: Name=NetL26_1
Added Pin To Net: NetName=NetL26_2 Pin=L26-2
Added Pin To Net: NetName=NetL26_2 Pin=Q14-1
Added Net: Name=NetL26_2
Added Pin To Net: NetName=NetL27_1 Pin=L27-1
Added Pin To Net: NetName=NetL27_1 Pin=U28-3
Added Net: Name=NetL27_1
Added Pin To Net: NetName=NetL28_1 Pin=L28-1
Added Pin To Net: NetName=NetL28_1 Pin=U29-3
Added Net: Name=NetL28_1
Added Pin To Net: NetName=NetL29_1 Pin=L29-1
Added Pin To Net: NetName=NetL29_1 Pin=R59-1
Added Net: Name=NetL29_1
Added Pin To Net: NetName=NetL29_2 Pin=L29-2
Added Pin To Net: NetName=NetL29_2 Pin=Q15-1
Added Net: Name=NetL29_2
Added Pin To Net: NetName=NetL30_1 Pin=L30-1
Added Pin To Net: NetName=NetL30_1 Pin=R60-1
Added Net: Name=NetL30_1
Added Pin To Net: NetName=NetL30_2 Pin=L30-2
Added Pin To Net: NetName=NetL30_2 Pin=Q16-1
Added Net: Name=NetL30_2
Added Pin To Net: NetName=NetL31_1 Pin=L31-1
Added Pin To Net: NetName=NetL31_1 Pin=U32-3
Added Net: Name=NetL31_1
Added Pin To Net: NetName=NetL32_1 Pin=L32-1
Added Pin To Net: NetName=NetL32_1 Pin=U33-3
Added Net: Name=NetL32_1
Added Pin To Net: NetName=NetR1_1 Pin=R1-1
Added Pin To Net: NetName=NetR1_1 Pin=U1-1
Added Net: Name=NetR1_1
Added Pin To Net: NetName=NetR2_1 Pin=R2-1
Added Pin To Net: NetName=NetR2_1 Pin=U2-1
Added Net: Name=NetR2_1
Added Pin To Net: NetName=NetR3_2 Pin=R3-2
Added Pin To Net: NetName=NetR3_2 Pin=U1-3
Added Net: Name=NetR3_2
Added Pin To Net: NetName=NetR4_2 Pin=R4-2
Added Pin To Net: NetName=NetR4_2 Pin=U2-3
Added Net: Name=NetR4_2
Added Pin To Net: NetName=NetR7_2 Pin=R7-2
Added Pin To Net: NetName=NetR7_2 Pin=U3-1
Added Net: Name=NetR7_2
Added Pin To Net: NetName=NetR8_2 Pin=R8-2
Added Pin To Net: NetName=NetR8_2 Pin=U4-1
Added Net: Name=NetR8_2
Added Pin To Net: NetName=NetR9_1 Pin=R9-1
Added Pin To Net: NetName=NetR9_1 Pin=U5-1
Added Net: Name=NetR9_1
Added Pin To Net: NetName=NetR10_1 Pin=R10-1
Added Pin To Net: NetName=NetR10_1 Pin=U6-1
Added Net: Name=NetR10_1
Added Pin To Net: NetName=NetR11_2 Pin=R11-2
Added Pin To Net: NetName=NetR11_2 Pin=U5-3
Added Net: Name=NetR11_2
Added Pin To Net: NetName=NetR12_2 Pin=R12-2
Added Pin To Net: NetName=NetR12_2 Pin=U6-3
Added Net: Name=NetR12_2
Added Pin To Net: NetName=NetR15_2 Pin=R15-2
Added Pin To Net: NetName=NetR15_2 Pin=U7-1
Added Net: Name=NetR15_2
Added Pin To Net: NetName=NetR16_2 Pin=R16-2
Added Pin To Net: NetName=NetR16_2 Pin=U8-1
Added Net: Name=NetR16_2
Added Pin To Net: NetName=NetR17_1 Pin=R17-1
Added Pin To Net: NetName=NetR17_1 Pin=U9-1
Added Net: Name=NetR17_1
Added Pin To Net: NetName=NetR18_1 Pin=R18-1
Added Pin To Net: NetName=NetR18_1 Pin=U10-1
Added Net: Name=NetR18_1
Added Pin To Net: NetName=NetR21_2 Pin=R21-2
Added Pin To Net: NetName=NetR21_2 Pin=U11-1
Added Net: Name=NetR21_2
Added Pin To Net: NetName=NetR22_2 Pin=R22-2
Added Pin To Net: NetName=NetR22_2 Pin=U12-1
Added Net: Name=NetR22_2
Added Pin To Net: NetName=NetR23_2 Pin=R23-2
Added Pin To Net: NetName=NetR23_2 Pin=U9-3
Added Net: Name=NetR23_2
Added Pin To Net: NetName=NetR24_2 Pin=R24-2
Added Pin To Net: NetName=NetR24_2 Pin=U10-3
Added Net: Name=NetR24_2
Added Pin To Net: NetName=NetR25_1 Pin=R25-1
Added Pin To Net: NetName=NetR25_1 Pin=U13-1
Added Net: Name=NetR25_1
Added Pin To Net: NetName=NetR26_1 Pin=R26-1
Added Pin To Net: NetName=NetR26_1 Pin=U14-1
Added Net: Name=NetR26_1
Added Pin To Net: NetName=NetR27_2 Pin=R27-2
Added Pin To Net: NetName=NetR27_2 Pin=U13-3
Added Net: Name=NetR27_2
Added Pin To Net: NetName=NetR28_2 Pin=R28-2
Added Pin To Net: NetName=NetR28_2 Pin=U14-3
Added Net: Name=NetR28_2
Added Pin To Net: NetName=NetR31_2 Pin=R31-2
Added Pin To Net: NetName=NetR31_2 Pin=U15-1
Added Net: Name=NetR31_2
Added Pin To Net: NetName=NetR32_2 Pin=R32-2
Added Pin To Net: NetName=NetR32_2 Pin=U16-1
Added Net: Name=NetR32_2
Added Pin To Net: NetName=NetR33_1 Pin=R33-1
Added Pin To Net: NetName=NetR33_1 Pin=U18-1
Added Net: Name=NetR33_1
Added Pin To Net: NetName=NetR34_1 Pin=R34-1
Added Pin To Net: NetName=NetR34_1 Pin=U19-1
Added Net: Name=NetR34_1
Added Pin To Net: NetName=NetR35_2 Pin=R35-2
Added Pin To Net: NetName=NetR35_2 Pin=U18-3
Added Net: Name=NetR35_2
Added Pin To Net: NetName=NetR36_2 Pin=R36-2
Added Pin To Net: NetName=NetR36_2 Pin=U19-3
Added Net: Name=NetR36_2
Added Pin To Net: NetName=NetR39_2 Pin=R39-2
Added Pin To Net: NetName=NetR39_2 Pin=U20-1
Added Net: Name=NetR39_2
Added Pin To Net: NetName=NetR40_2 Pin=R40-2
Added Pin To Net: NetName=NetR40_2 Pin=U21-1
Added Net: Name=NetR40_2
Added Pin To Net: NetName=NetR41_1 Pin=R41-1
Added Pin To Net: NetName=NetR41_1 Pin=U22-1
Added Net: Name=NetR41_1
Added Pin To Net: NetName=NetR42_1 Pin=R42-1
Added Pin To Net: NetName=NetR42_1 Pin=U23-1
Added Net: Name=NetR42_1
Added Pin To Net: NetName=NetR43_2 Pin=R43-2
Added Pin To Net: NetName=NetR43_2 Pin=U22-3
Added Net: Name=NetR43_2
Added Pin To Net: NetName=NetR44_2 Pin=R44-2
Added Pin To Net: NetName=NetR44_2 Pin=U23-3
Added Net: Name=NetR44_2
Added Pin To Net: NetName=NetR47_2 Pin=R47-2
Added Pin To Net: NetName=NetR47_2 Pin=U24-1
Added Net: Name=NetR47_2
Added Pin To Net: NetName=NetR48_2 Pin=R48-2
Added Pin To Net: NetName=NetR48_2 Pin=U25-1
Added Net: Name=NetR48_2
Added Pin To Net: NetName=NetR49_1 Pin=R49-1
Added Pin To Net: NetName=NetR49_1 Pin=U26-1
Added Net: Name=NetR49_1
Added Pin To Net: NetName=NetR50_1 Pin=R50-1
Added Pin To Net: NetName=NetR50_1 Pin=U27-1
Added Net: Name=NetR50_1
Added Pin To Net: NetName=NetR51_2 Pin=R51-2
Added Pin To Net: NetName=NetR51_2 Pin=U26-3
Added Net: Name=NetR51_2
Added Pin To Net: NetName=NetR52_2 Pin=R52-2
Added Pin To Net: NetName=NetR52_2 Pin=U27-3
Added Net: Name=NetR52_2
Added Pin To Net: NetName=NetR55_2 Pin=R55-2
Added Pin To Net: NetName=NetR55_2 Pin=U28-1
Added Net: Name=NetR55_2
Added Pin To Net: NetName=NetR56_2 Pin=R56-2
Added Pin To Net: NetName=NetR56_2 Pin=U29-1
Added Net: Name=NetR56_2
Added Pin To Net: NetName=NetR57_1 Pin=R57-1
Added Pin To Net: NetName=NetR57_1 Pin=U30-1
Added Net: Name=NetR57_1
Added Pin To Net: NetName=NetR58_1 Pin=R58-1
Added Pin To Net: NetName=NetR58_1 Pin=U31-1
Added Net: Name=NetR58_1
Added Pin To Net: NetName=NetR59_2 Pin=R59-2
Added Pin To Net: NetName=NetR59_2 Pin=U30-3
Added Net: Name=NetR59_2
Added Pin To Net: NetName=NetR60_2 Pin=R60-2
Added Pin To Net: NetName=NetR60_2 Pin=U31-3
Added Net: Name=NetR60_2
Added Pin To Net: NetName=NetR63_2 Pin=R63-2
Added Pin To Net: NetName=NetR63_2 Pin=U32-1
Added Net: Name=NetR63_2
Added Pin To Net: NetName=NetR64_2 Pin=R64-2
Added Pin To Net: NetName=NetR64_2 Pin=U33-1
Added Net: Name=NetR64_2
Added Member To Class: ClassName=IO_robot Member=Component JP1 JP4
Added Member To Class: ClassName=IO_robot Member=Component JP2 JP4
Added Member To Class: ClassName=IO_robot Member=Component JP3 JP4
Added Member To Class: ClassName=IO_robot Member=Component JP4
Added Member To Class: ClassName=IO_robot Member=Component JP6 JP4
Added Member To Class: ClassName=IO_robot Member=Component JP7 JP4
Added Member To Class: ClassName=IO_robot Member=Component JP9 JP4
Added Member To Class: ClassName=IO_robot Member=Component JP15 JP4
Added Member To Class: ClassName=IO_robot Member=Component L1 LED
Added Member To Class: ClassName=IO_robot Member=Component L2 LED
Added Member To Class: ClassName=IO_robot Member=Component L3 LED
Added Member To Class: ClassName=IO_robot Member=Component L4 LED
Added Member To Class: ClassName=IO_robot Member=Component L5 LED
Added Member To Class: ClassName=IO_robot Member=Component L6 LED
Added Member To Class: ClassName=IO_robot Member=Component L7 LED
Added Member To Class: ClassName=IO_robot Member=Component L8 LED
Added Member To Class: ClassName=IO_robot Member=Component L9 LED
Added Member To Class: ClassName=IO_robot Member=Component L10 LED
Added Member To Class: ClassName=IO_robot Member=Component L11 LED
Added Member To Class: ClassName=IO_robot Member=Component L12 LED
Added Member To Class: ClassName=IO_robot Member=Component L13 LED
Added Member To Class: ClassName=IO_robot Member=Component L14 LED
Added Member To Class: ClassName=IO_robot Member=Component L15 LED
Added Member To Class: ClassName=IO_robot Member=Component L16 LED
Added Member To Class: ClassName=IO_robot Member=Component L17 LED
Added Member To Class: ClassName=IO_robot Member=Component L18 LED
Added Member To Class: ClassName=IO_robot Member=Component L19 LED
Added Member To Class: ClassName=IO_robot Member=Component L20 LED
Added Member To Class: ClassName=IO_robot Member=Component L21 LED
Added Member To Class: ClassName=IO_robot Member=Component L22 LED
Added Member To Class: ClassName=IO_robot Member=Component L23 LED
Added Member To Class: ClassName=IO_robot Member=Component L24 LED
Added Member To Class: ClassName=IO_robot Member=Component L25 LED
Added Member To Class: ClassName=IO_robot Member=Component L26 LED
Added Member To Class: ClassName=IO_robot Member=Component L27 LED
Added Member To Class: ClassName=IO_robot Member=Component L28 LED
Added Member To Class: ClassName=IO_robot Member=Component L29 LED
Added Member To Class: ClassName=IO_robot Member=Component L30 LED
Added Member To Class: ClassName=IO_robot Member=Component L31 LED
Added Member To Class: ClassName=IO_robot Member=Component L32 LED
Added Member To Class: ClassName=IO_robot Member=Component Q1 D882
Added Member To Class: ClassName=IO_robot Member=Component Q2 D882
Added Member To Class: ClassName=IO_robot Member=Component Q3 D882
Added Member To Class: ClassName=IO_robot Member=Component Q4 D882
Added Member To Class: ClassName=IO_robot Member=Component Q5 D882
Added Member To Class: ClassName=IO_robot Member=Component Q6 D882
Added Member To Class: ClassName=IO_robot Member=Component Q7 D882
Added Member To Class: ClassName=IO_robot Member=Component Q8 D882
Added Member To Class: ClassName=IO_robot Member=Component Q9 D882
Added Member To Class: ClassName=IO_robot Member=Component Q10 D882
Added Member To Class: ClassName=IO_robot Member=Component Q11 D882
Added Member To Class: ClassName=IO_robot Member=Component Q12 D882
Added Member To Class: ClassName=IO_robot Member=Component Q13 D882
Added Member To Class: ClassName=IO_robot Member=Component Q14 D882
Added Member To Class: ClassName=IO_robot Member=Component Q15 D882
Added Member To Class: ClassName=IO_robot Member=Component Q16 D882
Added Member To Class: ClassName=IO_robot Member=Component R17 1k
Added Member To Class: ClassName=IO_robot Member=Component R18 1k
Added Member To Class: ClassName=IO_robot Member=Component R19 1k
Added Member To Class: ClassName=IO_robot Member=Component R20 1k
Added Member To Class: ClassName=IO_robot Member=Component R21 4k7
Added Member To Class: ClassName=IO_robot Member=Component R22 4k7
Added Member To Class: ClassName=IO_robot Member=Component R23 4K7
Added Member To Class: ClassName=IO_robot Member=Component R24 4K7
Added Member To Class: ClassName=IO_robot Member=Component R25 1k
Added Member To Class: ClassName=IO_robot Member=Component R26 1k
Added Member To Class: ClassName=IO_robot Member=Component R27 4K7
Added Member To Class: ClassName=IO_robot Member=Component R28 4K7
Added Member To Class: ClassName=IO_robot Member=Component R29 1k
Added Member To Class: ClassName=IO_robot Member=Component R30 1k
Added Member To Class: ClassName=IO_robot Member=Component R31 4k7
Added Member To Class: ClassName=IO_robot Member=Component R32 4k7
Added Member To Class: ClassName=IO_robot Member=Component R33 1k
Added Member To Class: ClassName=IO_robot Member=Component R34 1k
Added Member To Class: ClassName=IO_robot Member=Component R35 4K7
Added Member To Class: ClassName=IO_robot Member=Component R36 4K7
Added Member To Class: ClassName=IO_robot Member=Component R37 1k
Added Member To Class: ClassName=IO_robot Member=Component R38 1k
Added Member To Class: ClassName=IO_robot Member=Component R39 4k7
Added Member To Class: ClassName=IO_robot Member=Component R40 4k7
Added Member To Class: ClassName=IO_robot Member=Component R41 1k
Added Member To Class: ClassName=IO_robot Member=Component R42 1k
Added Member To Class: ClassName=IO_robot Member=Component R43 4K7
Added Member To Class: ClassName=IO_robot Member=Component R44 4K7
Added Member To Class: ClassName=IO_robot Member=Component R45 1k
Added Member To Class: ClassName=IO_robot Member=Component R46 1k
Added Member To Class: ClassName=IO_robot Member=Component R47 4k7
Added Member To Class: ClassName=IO_robot Member=Component R48 4k7
Added Member To Class: ClassName=IO_robot Member=Component R49 1k
Added Member To Class: ClassName=IO_robot Member=Component R50 1k
Added Member To Class: ClassName=IO_robot Member=Component R51 4K7
Added Member To Class: ClassName=IO_robot Member=Component R52 4K7
Added Member To Class: ClassName=IO_robot Member=Component R53 1k
Added Member To Class: ClassName=IO_robot Member=Component R54 1k
Added Member To Class: ClassName=IO_robot Member=Component R55 4k7
Added Member To Class: ClassName=IO_robot Member=Component R56 4k7
Added Member To Class: ClassName=IO_robot Member=Component R57 1k
Added Member To Class: ClassName=IO_robot Member=Component R58 1k
Added Member To Class: ClassName=IO_robot Member=Component R59 4K7
Added Member To Class: ClassName=IO_robot Member=Component R60 4K7
Added Member To Class: ClassName=IO_robot Member=Component R61 1k
Added Member To Class: ClassName=IO_robot Member=Component R62 1k
Added Member To Class: ClassName=IO_robot Member=Component R63 4k7
Added Member To Class: ClassName=IO_robot Member=Component R64 4k7
Added Member To Class: ClassName=IO_robot Member=Component U1 OPTO
Added Member To Class: ClassName=IO_robot Member=Component U18 OPTO
Added Member To Class: ClassName=IO_robot Member=Component U19 OPTO
Added Member To Class: ClassName=IO_robot Member=Component U20 OPTO
Added Member To Class: ClassName=IO_robot Member=Component U21 OPTO
Added Member To Class: ClassName=IO_robot Member=Component U22 OPTO
Added Member To Class: ClassName=IO_robot Member=Component U23 OPTO
Added Member To Class: ClassName=IO_robot Member=Component U24 OPTO
Added Member To Class: ClassName=IO_robot Member=Component U25 OPTO
Added Member To Class: ClassName=IO_robot Member=Component U26 OPTO
Added Member To Class: ClassName=IO_robot Member=Component U27 OPTO
Added Member To Class: ClassName=IO_robot Member=Component U28 OPTO
Added Member To Class: ClassName=IO_robot Member=Component U29 OPTO
Added Member To Class: ClassName=IO_robot Member=Component U30 OPTO
Added Member To Class: ClassName=IO_robot Member=Component U31 OPTO
Added Member To Class: ClassName=IO_robot Member=Component U32 OPTO
Added Member To Class: ClassName=IO_robot Member=Component U33 OPTO
