Change Component Designator: OldDesignator=JP1 NewDesignator=JP2
Change Component Designator: OldDesignator=JP2 NewDesignator=JP4
Change Component Designator: OldDesignator=JP3 NewDesignator=JP6
Change Component Designator: OldDesignator=JP4 NewDesignator=JP8
Change Component Designator: OldDesignator=JP5 NewDesignator=JP10
Change Component Designator: OldDesignator=JP6 NewDesignator=JP12
Change Component Designator: OldDesignator=JP7 NewDesignator=JP14
Change Component Designator: OldDesignator=JP8 NewDesignator=JP16
Change Component Designator: OldDesignator=U1 NewDesignator=U9
Added Component: Designator=JP1(CON4)
Add component (AddParameter): Name = "Value"; Value = "Connector 4"; VariantName = "[No Variations]"
Added Component: Designator=JP3(CON4)
Add component (AddParameter): Name = "Value"; Value = "Connector 4"; VariantName = "[No Variations]"
Added Component: Designator=JP5(CON4)
Add component (AddParameter): Name = "Value"; Value = "Connector 4"; VariantName = "[No Variations]"
Added Component: Designator=JP7(CON4)
Add component (AddParameter): Name = "Value"; Value = "Connector 4"; VariantName = "[No Variations]"
Added Component: Designator=JP9(CON4)
Add component (AddParameter): Name = "Value"; Value = "Connector 4"; VariantName = "[No Variations]"
Added Component: Designator=JP11(CON4)
Add component (AddParameter): Name = "Value"; Value = "Connector 4"; VariantName = "[No Variations]"
Added Component: Designator=JP13(CON4)
Add component (AddParameter): Name = "Value"; Value = "Connector 4"; VariantName = "[No Variations]"
Added Component: Designator=JP15(CON4)
Add component (AddParameter): Name = "Value"; Value = "Connector 4"; VariantName = "[No Variations]"
Added Component: Designator=R1(RES_SMD0603)
Added Component: Designator=R2(RES_SMD0603)
Added Component: Designator=R3(RES_SMD0603)
Added Component: Designator=R4(RES_SMD0603)
Added Component: Designator=R5(RES_SMD0603)
Added Component: Designator=R6(RES_SMD0603)
Added Component: Designator=R7(RES_SMD0603)
Added Component: Designator=R8(RES_SMD0603)
Added Component: Designator=R9(RES_SMD0603)
Added Component: Designator=R10(RES_SMD0603)
Added Component: Designator=R11(RES_SMD0603)
Added Component: Designator=R12(RES_SMD0603)
Added Component: Designator=R13(RES_SMD0603)
Added Component: Designator=R14(RES_SMD0603)
Added Component: Designator=R15(RES_SMD0603)
Added Component: Designator=R16(RES_SMD0603)
Added Component: Designator=U1(SOP4)
Added Component: Designator=U2(SOP4)
Added Component: Designator=U3(SOP4)
Added Component: Designator=U4(SOP4)
Added Component: Designator=U5(SOP4)
Added Component: Designator=U6(SOP4)
Added Component: Designator=U7(SOP4)
Added Component: Designator=U8(SOP4)
Added Component: Designator=U10(SOP4)
Added Component: Designator=U11(SOP4)
Added Component: Designator=U12(SOP4)
Added Component: Designator=U13(SOP4)
Added Component: Designator=U14(SOP4)
Added Component: Designator=U15(SOP4)
Added Component: Designator=U16(SOP4)
Added Component: Designator=U17(SOP4)
Added Member To Class: ClassName=IO_robot Member=Component JP9 JP4
Added Member To Class: ClassName=IO_robot Member=Component JP10 JP4
Added Member To Class: ClassName=IO_robot Member=Component JP11 JP4
Added Member To Class: ClassName=IO_robot Member=Component JP12 JP4
Added Member To Class: ClassName=IO_robot Member=Component JP13 JP4
Added Member To Class: ClassName=IO_robot Member=Component JP14 JP4
Added Member To Class: ClassName=IO_robot Member=Component JP15 JP4
Added Member To Class: ClassName=IO_robot Member=Component JP16 JP4
Added Member To Class: ClassName=IO_robot Member=Component R1 4k7
Added Member To Class: ClassName=IO_robot Member=Component R2 4k7
Added Member To Class: ClassName=IO_robot Member=Component R3 4k7
Added Member To Class: ClassName=IO_robot Member=Component R4 4k7
Added Member To Class: ClassName=IO_robot Member=Component R5 4k7
Added Member To Class: ClassName=IO_robot Member=Component R6 4k7
Added Member To Class: ClassName=IO_robot Member=Component R7 4k7
Added Member To Class: ClassName=IO_robot Member=Component R8 4k7
Added Member To Class: ClassName=IO_robot Member=Component R9 4k7
Added Member To Class: ClassName=IO_robot Member=Component R10 4k7
Added Member To Class: ClassName=IO_robot Member=Component R11 4k7
Added Member To Class: ClassName=IO_robot Member=Component R12 4k7
Added Member To Class: ClassName=IO_robot Member=Component R13 4k7
Added Member To Class: ClassName=IO_robot Member=Component R14 4k7
Added Member To Class: ClassName=IO_robot Member=Component R15 4k7
Added Member To Class: ClassName=IO_robot Member=Component R16 4k7
Added Member To Class: ClassName=IO_robot Member=Component U2 OPTO
Added Member To Class: ClassName=IO_robot Member=Component U3 OPTO
Added Member To Class: ClassName=IO_robot Member=Component U4 OPTO
Added Member To Class: ClassName=IO_robot Member=Component U5 OPTO
Added Member To Class: ClassName=IO_robot Member=Component U6 OPTO
Added Member To Class: ClassName=IO_robot Member=Component U7 OPTO
Added Member To Class: ClassName=IO_robot Member=Component U8 OPTO
Added Member To Class: ClassName=IO_robot Member=Component U9 74HC32D-T
Added Member To Class: ClassName=IO_robot Member=Component U10 OPTO
Added Member To Class: ClassName=IO_robot Member=Component U11 OPTO
Added Member To Class: ClassName=IO_robot Member=Component U12 OPTO
Added Member To Class: ClassName=IO_robot Member=Component U13 OPTO
Added Member To Class: ClassName=IO_robot Member=Component U14 OPTO
Added Member To Class: ClassName=IO_robot Member=Component U15 OPTO
Added Member To Class: ClassName=IO_robot Member=Component U16 OPTO
Added Member To Class: ClassName=IO_robot Member=Component U17 OPTO
Added Room: Name=IO_robot
