Removed Pin From Net: NetName=Vin1 Pin=C14-1
Removed Pin From Net: NetName=PGND Pin=C14-2
Removed Pin From Net: NetName=+3.3VDC Pin=CON2-1
Removed Pin From Net: NetName=+3.3VDC Pin=CON2-2
Removed Pin From Net: NetName=PGND Pin=D6-1
Removed Pin From Net: NetName=GND Pin=D6-2
Removed Pin From Net: NetName=+5VDC Pin=F2-1
Removed Pin From Net: NetName=GND Pin=JP2-2
Removed Pin From Net: NetName=GND Pin=U4-1
Removed Pin From Net: NetName=VIN Pin=U4-2
Removed Pin From Net: NetName=PGND Pin=U4-3
Removed Pin From Net: NetName=Vin1 Pin=U4-4
Removed Member From Class: ClassName=Roborboard_v0.1 Member=C14
Removed Member From Class: ClassName=Roborboard_v0.1 Member=D1
Removed Member From Class: ClassName=Roborboard_v0.1 Member=D6
Removed Member From Class: ClassName=Roborboard_v0.1 Member=F2
Removed Member From Class: ClassName=Roborboard_v0.1 Member=JP2
Removed Member From Class: ClassName=Roborboard_v0.1 Member=U4
Added Pin To Net: NetName=+5VDC Pin=CON2-1
Added Pin To Net: NetName=+5VDC Pin=CON2-2
