Added Component: Designator=C13(CAP_SMD_8x10)
Add component. Clean all parameters for all variants
Added Component: Designator=C14(CAP_SMD_8x10)
Add component. Clean all parameters for all variants
Added Component: Designator=C16(CAP_SMD0603)
Add component. Clean all parameters for all variants
Added Component: Designator=C17(CAP_SMD0603)
Add component. Clean all parameters for all variants
Added Component: Designator=C18(CAP_SMD0603)
Add component. Clean all parameters for all variants
Added Component: Designator=D3(DIODE_ZENER_SMD)
Add component. Clean all parameters for all variants
Added Pin To Net: NetName=VIN Pin=C13-1
Added Pin To Net: NetName=GND Pin=C13-2
Added Pin To Net: NetName=Vin1 Pin=C14-1
Added Pin To Net: NetName=PGND Pin=C14-2
Added Pin To Net: NetName=GND Pin=C16-1
Added Pin To Net: NetName=VIN Pin=C16-2
Added Pin To Net: NetName=PGND Pin=C17-1
Added Pin To Net: NetName=Vin1 Pin=C17-2
Added Pin To Net: NetName=PGND Pin=C18-1
Added Pin To Net: NetName=+3.3VDC Pin=C18-2
Added Pin To Net: NetName=PGND Pin=D3-1
Added Pin To Net: NetName=+3.3VDC Pin=D3-2
Added Member To Class: ClassName=Roborboard_v0.1 Member=Component C13 10uf
Added Member To Class: ClassName=Roborboard_v0.1 Member=Component C14 10uf
Added Member To Class: ClassName=Roborboard_v0.1 Member=Component C16 100uf
Added Member To Class: ClassName=Roborboard_v0.1 Member=Component C17 100uf
Added Member To Class: ClassName=Roborboard_v0.1 Member=Component C18 0.1uF
Added Member To Class: ClassName=Roborboard_v0.1 Member=Component D3 Z3.3
